TN:
SF:/Users/ens/pwd/uxcore/uxcore-table/src/index.js
FNF:0
FNH:0
DA:11,1
LF:1
LH:1
BRF:0
BRH:0
end_of_record
TN:
SF:/Users/ens/pwd/uxcore/uxcore-table/src/Table.jsx
FN:3,(anonymous_1)
FN:3,(anonymous_2)
FN:5,(anonymous_3)
FN:7,_defaults
FN:9,_defineProperty
FN:11,_classCallCheck
FN:13,_possibleConstructorReturn
FN:15,_inherits
FN:46,(anonymous_9)
FN:49,Table
FN:73,componentDidMount
FN:84,(anonymous_12)
FN:89,componentWillReceiveProps
FN:116,renderTbody
FN:155,renderHeader
FN:185,getQueryObj
FN:193,(anonymous_17)
FN:235,onPageChange
FN:239,(anonymous_19)
FN:244,getDomNode
FN:248,getPager
FN:252,getIsSelectAll
FN:280,changeTreeSelected
FN:299,(anonymous_24)
FN:306,(anonymous_25)
FN:314,selectAll
FN:339,handleShowSizeChange
FN:344,(anonymous_28)
FN:349,handleColumnPickerChange
FN:388,handleBodyScroll
FN:400,handleOrderColumnCB
FN:405,(anonymous_32)
FN:410,handleActionBarSearch
FN:414,(anonymous_34)
FN:419,processColumn
FN:443,(anonymous_36)
FN:488,fetchData
FN:519,fetchRemoteData
FN:538,(anonymous_39)
FN:550,(anonymous_40)
FN:555,fetchPassedData
FN:565,(anonymous_42)
FN:567,(anonymous_43)
FN:581,fetchLocalData
FN:612,detachCellField
FN:621,attachCellField
FN:636,handleDataChange
FN:658,(anonymous_48)
FN:676,changeSelected
FN:702,(anonymous_50)
FN:705,(anonymous_51)
FN:715,renderPager
FN:753,render
FN:882,addJSXIdsForRecord
FN:886,(anonymous_55)
FN:909,addValuesInData
FN:928,insertRecords
FN:947,updateRecord
FN:960,(anonymous_59)
FN:962,(anonymous_60)
FN:979,(anonymous_61)
FN:991,syncRecord
FN:998,(anonymous_63)
FN:1000,(anonymous_64)
FN:1018,removeRecords
FN:1026,(anonymous_66)
FN:1080,fitResponse
FN:1089,processData
FN:1092,beforeFetch
FN:1095,onFetchError
FN:1098,addRowClassName
FN:1099,onChange
FNF:72
FNH:23
FNDA:0,(anonymous_1)
FNDA:0,(anonymous_2)
FNDA:80,(anonymous_3)
FNDA:1,_defaults
FNDA:160,_defineProperty
FNDA:19,_classCallCheck
FNDA:19,_possibleConstructorReturn
FNDA:1,_inherits
FNDA:1,(anonymous_9)
FNDA:19,Table
FNDA:19,componentDidMount
FNDA:266,(anonymous_12)
FNDA:0,componentWillReceiveProps
FNDA:40,renderTbody
FNDA:40,renderHeader
FNDA:0,getQueryObj
FNDA:0,(anonymous_17)
FNDA:0,onPageChange
FNDA:0,(anonymous_19)
FNDA:4,getDomNode
FNDA:4,getPager
FNDA:40,getIsSelectAll
FNDA:0,changeTreeSelected
FNDA:0,(anonymous_24)
FNDA:0,(anonymous_25)
FNDA:0,selectAll
FNDA:0,handleShowSizeChange
FNDA:0,(anonymous_28)
FNDA:0,handleColumnPickerChange
FNDA:0,handleBodyScroll
FNDA:0,handleOrderColumnCB
FNDA:0,(anonymous_32)
FNDA:0,handleActionBarSearch
FNDA:0,(anonymous_34)
FNDA:19,processColumn
FNDA:56,(anonymous_36)
FNDA:19,fetchData
FNDA:0,fetchRemoteData
FNDA:0,(anonymous_39)
FNDA:0,(anonymous_40)
FNDA:0,fetchPassedData
FNDA:0,(anonymous_42)
FNDA:0,(anonymous_43)
FNDA:14,fetchLocalData
FNDA:0,detachCellField
FNDA:0,attachCellField
FNDA:0,handleDataChange
FNDA:0,(anonymous_48)
FNDA:0,changeSelected
FNDA:0,(anonymous_50)
FNDA:0,(anonymous_51)
FNDA:40,renderPager
FNDA:40,render
FNDA:0,addJSXIdsForRecord
FNDA:0,(anonymous_55)
FNDA:87,addValuesInData
FNDA:0,insertRecords
FNDA:0,updateRecord
FNDA:0,(anonymous_59)
FNDA:0,(anonymous_60)
FNDA:0,(anonymous_61)
FNDA:0,syncRecord
FNDA:0,(anonymous_63)
FNDA:0,(anonymous_64)
FNDA:0,removeRecords
FNDA:0,(anonymous_66)
FNDA:0,fitResponse
FNDA:0,processData
FNDA:0,beforeFetch
FNDA:0,onFetchError
FNDA:42,addRowClassName
FNDA:0,onChange
DA:3,1
DA:5,1680
DA:7,5
DA:9,160
DA:11,19
DA:13,19
DA:15,1
DA:27,1
DA:28,1
DA:29,1
DA:30,1
DA:31,1
DA:32,1
DA:33,1
DA:34,1
DA:35,1
DA:36,1
DA:38,1
DA:39,1
DA:40,1
DA:41,1
DA:42,1
DA:43,1
DA:44,1
DA:46,1
DA:47,1
DA:49,1
DA:50,19
DA:52,19
DA:54,19
DA:55,19
DA:56,19
DA:68,19
DA:69,19
DA:70,19
DA:73,1
DA:74,19
DA:75,19
DA:76,0
DA:78,19
DA:79,1
DA:81,19
DA:82,19
DA:84,19
DA:85,266
DA:89,1
DA:90,0
DA:91,0
DA:92,0
DA:94,0
DA:95,0
DA:97,0
DA:98,0
DA:100,0
DA:101,0
DA:103,0
DA:104,0
DA:105,0
DA:107,0
DA:108,0
DA:110,0
DA:111,0
DA:113,0
DA:116,1
DA:117,40
DA:118,0
DA:121,0
DA:142,40
DA:155,1
DA:156,40
DA:157,0
DA:160,40
DA:161,0
DA:172,40
DA:185,1
DA:186,0
DA:187,0
DA:188,0
DA:189,0
DA:190,0
DA:191,0
DA:193,0
DA:194,0
DA:195,0
DA:202,0
DA:208,0
DA:209,0
DA:210,0
DA:211,0
DA:214,0
DA:215,0
DA:220,0
DA:221,0
DA:222,0
DA:228,0
DA:229,0
DA:232,0
DA:235,1
DA:236,0
DA:237,0
DA:240,0
DA:244,1
DA:245,4
DA:248,1
DA:249,4
DA:252,1
DA:253,40
DA:254,40
DA:255,40
DA:256,40
DA:258,0
DA:259,0
DA:260,0
DA:261,0
DA:262,0
DA:264,0
DA:265,0
DA:266,0
DA:270,0
DA:280,1
DA:281,0
DA:282,0
DA:283,0
DA:284,0
DA:285,0
DA:287,0
DA:288,0
DA:289,0
DA:290,0
DA:293,0
DA:294,0
DA:295,0
DA:298,0
DA:299,0
DA:300,0
DA:304,0
DA:307,0
DA:308,0
DA:309,0
DA:314,1
DA:315,0
DA:316,0
DA:317,0
DA:318,0
DA:320,0
DA:321,0
DA:322,0
DA:323,0
DA:324,0
DA:325,0
DA:326,0
DA:327,0
DA:331,0
DA:332,0
DA:334,0
DA:339,1
DA:340,0
DA:341,0
DA:345,0
DA:349,1
DA:350,0
DA:351,0
DA:352,0
DA:353,0
DA:354,0
DA:355,0
DA:357,0
DA:358,0
DA:359,0
DA:360,0
DA:361,0
DA:363,0
DA:366,0
DA:367,0
DA:369,0
DA:370,0
DA:372,0
DA:377,0
DA:379,0
DA:380,0
DA:383,0
DA:388,1
DA:389,0
DA:390,0
DA:391,0
DA:392,0
DA:393,0
DA:395,0
DA:396,0
DA:400,1
DA:401,0
DA:402,0
DA:406,0
DA:410,1
DA:411,0
DA:412,0
DA:415,0
DA:419,1
DA:420,19
DA:422,19
DA:423,19
DA:424,19
DA:426,19
DA:427,56
DA:429,56
DA:430,0
DA:431,0
DA:433,0
DA:434,0
DA:435,0
DA:436,0
DA:437,0
DA:443,19
DA:444,56
DA:447,19
DA:448,0
DA:454,0
DA:455,0
DA:456,19
DA:458,0
DA:464,19
DA:465,2
DA:470,17
DA:473,0
DA:479,19
DA:488,1
DA:489,19
DA:490,19
DA:492,19
DA:495,19
DA:496,0
DA:497,19
DA:498,0
DA:499,19
DA:500,14
DA:503,5
DA:511,5
DA:512,5
DA:513,5
DA:519,1
DA:520,0
DA:521,0
DA:522,0
DA:524,0
DA:525,0
DA:529,0
DA:530,0
DA:538,0
DA:539,0
DA:540,0
DA:545,0
DA:546,0
DA:548,0
DA:549,0
DA:551,0
DA:555,1
DA:556,0
DA:557,0
DA:558,0
DA:559,0
DA:560,0
DA:563,0
DA:565,0
DA:566,0
DA:567,0
DA:568,0
DA:569,0
DA:572,0
DA:573,0
DA:576,0
DA:581,1
DA:582,14
DA:583,14
DA:584,0
DA:585,0
DA:588,0
DA:589,0
DA:592,0
DA:593,0
DA:596,14
DA:597,14
DA:598,14
DA:603,14
DA:612,1
DA:613,0
DA:621,1
DA:622,0
DA:623,0
DA:624,0
DA:626,0
DA:636,1
DA:637,0
DA:638,0
DA:644,0
DA:645,0
DA:646,0
DA:647,0
DA:648,0
DA:649,0
DA:650,0
DA:651,0
DA:652,0
DA:656,0
DA:659,0
DA:676,1
DA:677,0
DA:678,0
DA:679,0
DA:681,0
DA:682,0
DA:683,0
DA:684,0
DA:685,0
DA:686,0
DA:687,0
DA:691,0
DA:692,0
DA:693,0
DA:694,0
DA:695,0
DA:700,0
DA:703,0
DA:704,0
DA:705,0
DA:706,0
DA:708,0
DA:709,0
DA:715,1
DA:716,40
DA:717,40
DA:721,40
DA:729,40
DA:730,26
DA:750,14
DA:753,1
DA:754,40
DA:756,40
DA:757,40
DA:760,40
DA:763,40
DA:766,40
DA:767,40
DA:769,40
DA:773,40
DA:774,40
DA:777,40
DA:778,40
DA:779,126
DA:780,0
DA:781,0
DA:784,40
DA:785,36
DA:787,4
DA:789,40
DA:815,40
DA:832,40
DA:834,40
DA:835,2
DA:849,2
DA:852,40
DA:882,1
DA:883,0
DA:884,0
DA:885,0
DA:886,0
DA:887,0
DA:888,0
DA:889,0
DA:890,0
DA:892,0
DA:893,0
DA:895,0
DA:898,0
DA:899,0
DA:901,0
DA:909,1
DA:910,87
DA:911,44
DA:912,44
DA:913,44
DA:914,54
DA:915,54
DA:916,54
DA:917,54
DA:918,54
DA:920,44
DA:928,1
DA:929,0
DA:930,0
DA:931,0
DA:932,0
DA:933,0
DA:935,0
DA:936,0
DA:947,1
DA:948,0
DA:950,0
DA:951,0
DA:954,0
DA:955,0
DA:956,0
DA:959,0
DA:960,0
DA:961,0
DA:962,0
DA:963,0
DA:964,0
DA:965,0
DA:966,0
DA:970,0
DA:971,0
DA:972,0
DA:973,0
DA:977,0
DA:980,0
DA:981,0
DA:991,1
DA:992,0
DA:993,0
DA:994,0
DA:995,0
DA:996,0
DA:998,0
DA:999,0
DA:1000,0
DA:1001,0
DA:1002,0
DA:1003,0
DA:1004,0
DA:1005,0
DA:1018,1
DA:1019,0
DA:1020,0
DA:1021,0
DA:1022,0
DA:1023,0
DA:1024,0
DA:1026,0
DA:1027,0
DA:1028,0
DA:1029,0
DA:1030,0
DA:1031,0
DA:1035,0
DA:1036,0
DA:1041,1
DA:1044,1
DA:1081,0
DA:1090,0
DA:1093,0
DA:1096,0
DA:1103,1
DA:1254,1
DA:1255,1
DA:1256,1
DA:1257,1
DA:1259,1
LF:457
LH:166
BRDA:3,1,0,0
BRDA:3,1,1,1
BRDA:3,2,0,1
BRDA:3,2,1,0
BRDA:3,3,0,0
BRDA:3,3,1,0
BRDA:3,4,0,0
BRDA:3,4,1,0
BRDA:3,4,2,0
BRDA:3,4,3,0
BRDA:5,5,0,1
BRDA:5,5,1,1
BRDA:5,6,0,1680
BRDA:5,6,1,0
BRDA:7,7,0,0
BRDA:7,7,1,5
BRDA:7,8,0,5
BRDA:7,8,1,5
BRDA:7,8,2,0
BRDA:9,9,0,0
BRDA:9,9,1,160
BRDA:11,10,0,0
BRDA:11,10,1,19
BRDA:13,11,0,0
BRDA:13,11,1,19
BRDA:13,12,0,0
BRDA:13,12,1,19
BRDA:13,13,0,19
BRDA:13,13,1,0
BRDA:13,13,2,0
BRDA:15,14,0,0
BRDA:15,14,1,1
BRDA:15,15,0,1
BRDA:15,15,1,0
BRDA:15,16,0,1
BRDA:15,16,1,1
BRDA:15,17,0,1
BRDA:15,17,1,0
BRDA:15,18,0,0
BRDA:15,18,1,1
BRDA:75,19,0,0
BRDA:75,19,1,19
BRDA:75,20,0,19
BRDA:75,20,1,14
BRDA:78,21,0,1
BRDA:78,21,1,18
BRDA:81,22,0,19
BRDA:81,22,1,0
BRDA:92,23,0,0
BRDA:92,23,1,0
BRDA:92,24,0,0
BRDA:92,24,1,0
BRDA:97,25,0,0
BRDA:97,25,1,0
BRDA:100,26,0,0
BRDA:100,26,1,0
BRDA:103,27,0,0
BRDA:103,27,1,0
BRDA:103,28,0,0
BRDA:103,28,1,0
BRDA:107,29,0,0
BRDA:107,29,1,0
BRDA:110,30,0,0
BRDA:110,30,1,0
BRDA:110,31,0,0
BRDA:110,31,1,0
BRDA:117,32,0,0
BRDA:117,32,1,40
BRDA:156,33,0,0
BRDA:156,33,1,40
BRDA:160,34,0,0
BRDA:160,34,1,40
BRDA:188,35,0,0
BRDA:188,35,1,0
BRDA:190,36,0,0
BRDA:190,36,1,0
BRDA:194,37,0,0
BRDA:194,37,1,0
BRDA:210,38,0,0
BRDA:210,38,1,0
BRDA:214,39,0,0
BRDA:214,39,1,0
BRDA:214,40,0,0
BRDA:214,40,1,0
BRDA:221,41,0,0
BRDA:221,41,1,0
BRDA:228,42,0,0
BRDA:228,42,1,0
BRDA:255,43,0,40
BRDA:255,43,1,0
BRDA:255,44,0,40
BRDA:255,44,1,0
BRDA:261,45,0,0
BRDA:261,45,1,0
BRDA:261,46,0,0
BRDA:261,46,1,0
BRDA:261,46,2,0
BRDA:265,47,0,0
BRDA:265,47,1,0
BRDA:308,48,0,0
BRDA:308,48,1,0
BRDA:308,49,0,0
BRDA:308,49,1,0
BRDA:317,50,0,0
BRDA:317,50,1,0
BRDA:325,51,0,0
BRDA:325,51,1,0
BRDA:325,52,0,0
BRDA:325,52,1,0
BRDA:325,52,2,0
BRDA:331,53,0,0
BRDA:331,53,1,0
BRDA:331,54,0,0
BRDA:331,54,1,0
BRDA:332,55,0,0
BRDA:332,55,1,0
BRDA:355,56,0,0
BRDA:355,56,1,0
BRDA:357,57,0,0
BRDA:357,57,1,0
BRDA:357,58,0,0
BRDA:357,58,1,0
BRDA:360,59,0,0
BRDA:360,59,1,0
BRDA:367,60,0,0
BRDA:367,60,1,0
BRDA:369,61,0,0
BRDA:369,61,1,0
BRDA:369,62,0,0
BRDA:369,62,1,0
BRDA:379,63,0,0
BRDA:379,63,1,0
BRDA:390,64,0,0
BRDA:390,64,1,0
BRDA:392,65,0,0
BRDA:392,65,1,0
BRDA:395,66,0,0
BRDA:395,66,1,0
BRDA:395,67,0,0
BRDA:395,67,1,0
BRDA:420,68,0,19
BRDA:420,68,1,19
BRDA:429,69,0,0
BRDA:429,69,1,56
BRDA:429,70,0,56
BRDA:429,70,1,56
BRDA:429,70,2,56
BRDA:430,71,0,0
BRDA:430,71,1,0
BRDA:436,72,0,0
BRDA:436,72,1,0
BRDA:436,73,0,0
BRDA:436,73,1,0
BRDA:437,74,0,0
BRDA:437,74,1,0
BRDA:444,75,0,56
BRDA:444,75,1,56
BRDA:447,76,0,0
BRDA:447,76,1,19
BRDA:447,77,0,19
BRDA:447,77,1,0
BRDA:456,78,0,0
BRDA:456,78,1,19
BRDA:464,79,0,2
BRDA:464,79,1,17
BRDA:464,80,0,19
BRDA:464,80,1,18
BRDA:464,80,2,2
BRDA:470,81,0,0
BRDA:470,81,1,17
BRDA:490,82,0,19
BRDA:490,82,1,19
BRDA:495,83,0,0
BRDA:495,83,1,19
BRDA:497,84,0,0
BRDA:497,84,1,19
BRDA:499,85,0,14
BRDA:499,85,1,5
BRDA:521,86,0,0
BRDA:521,86,1,0
BRDA:524,87,0,0
BRDA:524,87,1,0
BRDA:529,88,0,0
BRDA:529,88,1,0
BRDA:545,89,0,0
BRDA:545,89,1,0
BRDA:558,90,0,0
BRDA:558,90,1,0
BRDA:568,91,0,0
BRDA:568,91,1,0
BRDA:583,92,0,0
BRDA:583,92,1,14
BRDA:584,93,0,0
BRDA:584,93,1,0
BRDA:584,94,0,0
BRDA:584,94,1,0
BRDA:588,95,0,0
BRDA:588,95,1,0
BRDA:588,96,0,0
BRDA:588,96,1,0
BRDA:592,97,0,0
BRDA:592,97,1,0
BRDA:592,98,0,0
BRDA:592,98,1,0
BRDA:597,99,0,14
BRDA:597,99,1,14
BRDA:597,99,2,1
BRDA:623,100,0,0
BRDA:623,100,1,0
BRDA:645,101,0,0
BRDA:645,101,1,0
BRDA:649,102,0,0
BRDA:649,102,1,0
BRDA:679,103,0,0
BRDA:679,103,1,0
BRDA:681,104,0,0
BRDA:681,104,1,0
BRDA:684,105,0,0
BRDA:684,105,1,0
BRDA:686,106,0,0
BRDA:686,106,1,0
BRDA:693,107,0,0
BRDA:693,107,1,0
BRDA:703,108,0,0
BRDA:703,108,1,0
BRDA:704,109,0,0
BRDA:704,109,1,0
BRDA:708,110,0,0
BRDA:708,110,1,0
BRDA:708,111,0,0
BRDA:708,111,1,0
BRDA:729,112,0,26
BRDA:729,112,1,14
BRDA:729,113,0,40
BRDA:729,113,1,38
BRDA:729,113,2,33
BRDA:766,114,0,35
BRDA:766,114,1,5
BRDA:766,115,0,35
BRDA:766,115,1,35
BRDA:770,116,0,0
BRDA:770,116,1,40
BRDA:773,117,0,0
BRDA:773,117,1,40
BRDA:773,118,0,40
BRDA:773,118,1,40
BRDA:774,119,0,26
BRDA:774,119,1,14
BRDA:774,120,0,40
BRDA:774,120,1,38
BRDA:774,120,2,33
BRDA:779,121,0,0
BRDA:779,121,1,126
BRDA:784,122,0,36
BRDA:784,122,1,4
BRDA:787,123,0,0
BRDA:787,123,1,4
BRDA:787,124,0,4
BRDA:787,124,1,4
BRDA:787,125,0,0
BRDA:787,125,1,4
BRDA:834,126,0,2
BRDA:834,126,1,38
BRDA:834,127,0,40
BRDA:834,127,1,40
BRDA:834,127,2,40
BRDA:865,128,0,0
BRDA:865,128,1,40
BRDA:885,129,0,0
BRDA:885,129,1,0
BRDA:888,130,0,0
BRDA:888,130,1,0
BRDA:888,131,0,0
BRDA:888,131,1,0
BRDA:892,132,0,0
BRDA:892,132,1,0
BRDA:910,133,0,43
BRDA:910,133,1,44
BRDA:910,134,0,87
BRDA:910,134,1,82
BRDA:910,134,2,82
BRDA:912,135,0,44
BRDA:912,135,1,44
BRDA:917,136,0,54
BRDA:917,136,1,54
BRDA:929,137,0,0
BRDA:929,137,1,0
BRDA:929,138,0,0
BRDA:929,138,1,0
BRDA:932,139,0,0
BRDA:932,139,1,0
BRDA:950,140,0,0
BRDA:950,140,1,0
BRDA:955,141,0,0
BRDA:955,141,1,0
BRDA:959,142,0,0
BRDA:959,142,1,0
BRDA:959,143,0,0
BRDA:959,143,1,0
BRDA:961,144,0,0
BRDA:961,144,1,0
BRDA:964,145,0,0
BRDA:964,145,1,0
BRDA:970,146,0,0
BRDA:970,146,1,0
BRDA:972,147,0,0
BRDA:972,147,1,0
BRDA:980,148,0,0
BRDA:980,148,1,0
BRDA:993,149,0,0
BRDA:993,149,1,0
BRDA:995,150,0,0
BRDA:995,150,1,0
BRDA:999,151,0,0
BRDA:999,151,1,0
BRDA:1003,152,0,0
BRDA:1003,152,1,0
BRDA:1021,153,0,0
BRDA:1021,153,1,0
BRDA:1023,154,0,0
BRDA:1023,154,1,0
BRDA:1029,155,0,0
BRDA:1029,155,1,0
BRDA:1083,156,0,0
BRDA:1083,156,1,0
BRDA:1085,157,0,0
BRDA:1085,157,1,0
BRF:327
BRH:97
end_of_record
TN:
SF:/Users/ens/pwd/uxcore/uxcore-table/src/Mask.jsx
FN:7,_defineProperty
FN:17,Mask
FNF:2
FNH:2
FNDA:80,_defineProperty
FNDA:40,Mask
DA:3,1
DA:7,80
DA:14,1
DA:15,1
DA:17,1
DA:18,40
DA:20,40
DA:23,40
DA:24,40
DA:40,1
DA:46,1
DA:51,1
DA:52,1
LF:13
LH:13
BRDA:7,1,0,0
BRDA:7,1,1,80
BRF:2
BRH:1
end_of_record
TN:
SF:/Users/ens/pwd/uxcore/uxcore-table/src/util.js
FN:7,(anonymous_1)
FN:7,(anonymous_2)
FN:17,_interopRequireDefault
FN:19,mergeData
FN:32,saveRef
FN:33,(anonymous_6)
FN:41,changeValueR
FN:51,hasFixColumn
FN:52,(anonymous_9)
FN:64,isRowHalfChecked
FN:66,(anonymous_11)
FN:78,getAllSelectedRows
FN:108,getSelectedKeys
FN:111,(anonymous_14)
FN:119,(anonymous_15)
FN:127,getConsts
FN:133,getDefaultExpandedKeys
FN:138,(anonymous_18)
FN:149,getIEVer
FN:167,toggleItemInArr
FN:176,formatValue
FNF:21
FNH:11
FNDA:0,(anonymous_1)
FNDA:0,(anonymous_2)
FNDA:2,_interopRequireDefault
FNDA:0,mergeData
FNDA:106,saveRef
FNDA:162,(anonymous_6)
FNDA:0,changeValueR
FNDA:19,hasFixColumn
FNDA:56,(anonymous_9)
FNDA:0,isRowHalfChecked
FNDA:0,(anonymous_11)
FNDA:0,getAllSelectedRows
FNDA:2,getSelectedKeys
FNDA:8,(anonymous_14)
FNDA:8,(anonymous_15)
FNDA:2,getConsts
FNDA:15,getDefaultExpandedKeys
FNDA:16,(anonymous_18)
FNDA:0,getIEVer
FNDA:0,toggleItemInArr
FNDA:0,formatValue
DA:3,1
DA:7,1
DA:9,1
DA:11,1
DA:13,1
DA:15,1
DA:17,2
DA:19,1
DA:20,0
DA:22,0
DA:23,0
DA:24,0
DA:25,0
DA:27,0
DA:28,0
DA:32,1
DA:33,106
DA:34,162
DA:41,1
DA:42,0
DA:43,0
DA:44,0
DA:45,0
DA:46,0
DA:51,1
DA:52,19
DA:53,56
DA:54,0
DA:56,56
DA:58,19
DA:59,0
DA:61,19
DA:64,1
DA:65,0
DA:66,0
DA:67,0
DA:68,0
DA:70,0
DA:72,0
DA:74,0
DA:78,1
DA:79,0
DA:80,0
DA:82,0
DA:83,0
DA:84,0
DA:85,0
DA:86,0
DA:88,0
DA:89,0
DA:92,0
DA:108,1
DA:109,2
DA:110,2
DA:111,2
DA:112,8
DA:113,8
DA:114,0
DA:116,8
DA:119,2
DA:120,8
DA:121,6
DA:124,2
DA:127,1
DA:128,2
DA:133,1
DA:134,15
DA:136,15
DA:137,15
DA:138,15
DA:139,16
DA:140,1
DA:141,1
DA:145,15
DA:148,1
DA:150,0
DA:151,0
DA:152,0
DA:153,0
DA:156,0
DA:158,0
DA:161,0
DA:163,0
DA:165,0
DA:168,0
DA:169,0
DA:170,0
DA:172,0
DA:174,0
DA:177,0
DA:178,0
DA:179,0
DA:181,0
DA:182,0
DA:183,0
DA:184,0
DA:185,0
DA:186,0
DA:187,0
DA:189,0
DA:202,1
DA:203,1
LF:102
LH:45
BRDA:7,1,0,0
BRDA:7,1,1,1
BRDA:7,2,0,1
BRDA:7,2,1,0
BRDA:7,3,0,0
BRDA:7,3,1,0
BRDA:7,4,0,0
BRDA:7,4,1,0
BRDA:7,4,2,0
BRDA:7,4,3,0
BRDA:17,5,0,0
BRDA:17,5,1,2
BRDA:17,6,0,2
BRDA:17,6,1,2
BRDA:22,7,0,0
BRDA:22,7,1,0
BRDA:24,8,0,0
BRDA:24,8,1,0
BRDA:42,9,0,0
BRDA:42,9,1,0
BRDA:42,10,0,0
BRDA:42,10,1,0
BRDA:53,11,0,0
BRDA:53,11,1,56
BRDA:58,12,0,0
BRDA:58,12,1,19
BRDA:65,13,0,0
BRDA:65,13,1,0
BRDA:67,14,0,0
BRDA:67,14,1,0
BRDA:85,15,0,0
BRDA:85,15,1,0
BRDA:88,16,0,0
BRDA:88,16,1,0
BRDA:112,17,0,8
BRDA:112,17,1,0
BRDA:113,18,0,0
BRDA:113,18,1,8
BRDA:120,19,0,6
BRDA:120,19,1,2
BRDA:134,20,0,1
BRDA:134,20,1,14
BRDA:134,21,0,15
BRDA:134,21,1,1
BRDA:137,22,0,15
BRDA:137,22,1,0
BRDA:139,23,0,1
BRDA:139,23,1,15
BRDA:150,24,0,0
BRDA:150,24,1,0
BRDA:153,25,0,0
BRDA:153,25,1,0
BRDA:158,26,0,0
BRDA:158,26,1,0
BRDA:169,27,0,0
BRDA:169,27,1,0
BRDA:177,28,0,0
BRDA:177,28,1,0
BRDA:178,29,0,0
BRDA:178,29,1,0
BRDA:178,30,0,0
BRDA:178,30,1,0
BRDA:182,31,0,0
BRDA:182,31,1,0
BRDA:184,32,0,0
BRDA:184,32,1,0
BRDA:186,33,0,0
BRDA:186,33,1,0
BRF:68
BRH:18
end_of_record
TN:
SF:/Users/ens/pwd/uxcore/uxcore-table/src/Header/index.jsx
FN:3,(anonymous_1)
FN:3,(anonymous_2)
FN:5,_defaults
FN:7,_defineProperty
FN:9,_classCallCheck
FN:11,_possibleConstructorReturn
FN:13,_inherits
FN:25,(anonymous_8)
FN:28,Header
FN:39,getDomNode
FN:43,saveRef
FN:45,(anonymous_12)
FN:51,handleColumnOrder
FN:72,handleCheckBoxChange
FN:77,renderOrderIcon
FN:103,renderMessageIcon
FN:121,renderColumn
FN:191,renderIndent
FN:211,renderColumns
FN:213,(anonymous_20)
FN:218,(anonymous_21)
FN:230,(anonymous_22)
FN:242,render
FN:251,(anonymous_24)
FN:264,(anonymous_25)
FNF:25
FNH:16
FNDA:0,(anonymous_1)
FNDA:0,(anonymous_2)
FNDA:1,_defaults
FNDA:240,_defineProperty
FNDA:19,_classCallCheck
FNDA:19,_possibleConstructorReturn
FNDA:1,_inherits
FNDA:1,(anonymous_8)
FNDA:19,Header
FNDA:0,getDomNode
FNDA:40,saveRef
FNDA:61,(anonymous_12)
FNDA:0,handleColumnOrder
FNDA:0,handleCheckBoxChange
FNDA:96,renderOrderIcon
FNDA:96,renderMessageIcon
FNDA:126,renderColumn
FNDA:96,renderIndent
FNDA:40,renderColumns
FNDA:126,(anonymous_20)
FNDA:0,(anonymous_21)
FNDA:0,(anonymous_22)
FNDA:40,render
FNDA:0,(anonymous_24)
FNDA:0,(anonymous_25)
DA:3,1
DA:5,5
DA:7,240
DA:9,19
DA:11,19
DA:13,1
DA:18,1
DA:19,1
DA:20,1
DA:21,1
DA:22,1
DA:23,1
DA:25,1
DA:26,1
DA:28,1
DA:29,19
DA:31,19
DA:33,19
DA:36,19
DA:39,1
DA:40,0
DA:43,1
DA:44,40
DA:45,40
DA:46,61
DA:47,61
DA:51,1
DA:52,0
DA:53,0
DA:58,0
DA:59,0
DA:64,0
DA:65,0
DA:67,0
DA:68,0
DA:72,1
DA:73,0
DA:74,0
DA:77,1
DA:78,96
DA:79,96
DA:83,96
DA:84,60
DA:86,60
DA:87,60
DA:88,60
DA:89,60
DA:100,36
DA:103,1
DA:104,96
DA:105,96
DA:107,0
DA:121,1
DA:122,126
DA:123,126
DA:125,126
DA:126,126
DA:127,30
DA:128,30
DA:130,96
DA:131,96
DA:135,96
DA:136,96
DA:137,0
DA:143,96
DA:144,0
DA:150,0
DA:157,0
DA:159,96
DA:160,96
DA:161,96
DA:168,96
DA:169,36
DA:174,96
DA:191,1
DA:192,96
DA:193,66
DA:195,30
DA:196,30
DA:200,30
DA:201,4
DA:208,26
DA:211,1
DA:212,40
DA:213,40
DA:214,126
DA:215,126
DA:218,0
DA:219,0
DA:221,0
DA:222,0
DA:231,0
DA:235,0
DA:237,126
DA:239,40
DA:242,1
DA:243,40
DA:244,40
DA:245,40
DA:246,40
DA:247,40
DA:248,40
DA:250,40
DA:251,0
DA:252,0
DA:253,0
DA:254,0
DA:256,0
DA:258,0
DA:262,0
DA:263,40
DA:264,0
DA:265,0
DA:266,0
DA:267,0
DA:268,0
DA:270,0
DA:272,0
DA:276,0
DA:278,40
DA:279,40
DA:281,40
DA:282,40
DA:283,126
DA:284,0
DA:285,0
DA:288,40
DA:289,40
DA:293,40
DA:304,1
DA:307,1
DA:312,1
DA:316,1
LF:133
LH:94
BRDA:3,1,0,0
BRDA:3,1,1,1
BRDA:3,2,0,1
BRDA:3,2,1,0
BRDA:3,3,0,0
BRDA:3,3,1,0
BRDA:3,4,0,0
BRDA:3,4,1,0
BRDA:3,4,2,0
BRDA:3,4,3,0
BRDA:5,5,0,0
BRDA:5,5,1,5
BRDA:5,6,0,5
BRDA:5,6,1,5
BRDA:5,6,2,0
BRDA:7,7,0,0
BRDA:7,7,1,240
BRDA:9,8,0,0
BRDA:9,8,1,19
BRDA:11,9,0,0
BRDA:11,9,1,19
BRDA:11,10,0,0
BRDA:11,10,1,19
BRDA:11,11,0,19
BRDA:11,11,1,0
BRDA:11,11,2,0
BRDA:13,12,0,0
BRDA:13,12,1,1
BRDA:13,13,0,1
BRDA:13,13,1,0
BRDA:13,14,0,1
BRDA:13,14,1,1
BRDA:13,15,0,1
BRDA:13,15,1,0
BRDA:13,16,0,0
BRDA:13,16,1,1
BRDA:64,17,0,0
BRDA:64,17,1,0
BRDA:64,18,0,0
BRDA:64,18,1,0
BRDA:64,18,2,0
BRDA:67,19,0,0
BRDA:67,19,1,0
BRDA:83,20,0,60
BRDA:83,20,1,36
BRDA:88,21,0,60
BRDA:88,21,1,0
BRDA:93,22,0,60
BRDA:93,22,1,0
BRDA:96,23,0,60
BRDA:96,23,1,0
BRDA:104,24,0,96
BRDA:104,24,1,0
BRDA:125,25,0,126
BRDA:125,25,1,0
BRDA:126,26,0,30
BRDA:126,26,1,96
BRDA:126,27,0,126
BRDA:126,27,1,96
BRDA:132,28,0,66
BRDA:132,28,1,30
BRDA:133,29,0,0
BRDA:133,29,1,96
BRDA:136,30,0,0
BRDA:136,30,1,96
BRDA:143,31,0,0
BRDA:143,31,1,96
BRDA:143,32,0,96
BRDA:143,32,1,96
BRDA:147,33,0,0
BRDA:147,33,1,0
BRDA:153,34,0,0
BRDA:153,34,1,0
BRDA:159,35,0,0
BRDA:159,35,1,96
BRDA:160,36,0,0
BRDA:160,36,1,96
BRDA:168,37,0,36
BRDA:168,37,1,60
BRDA:168,38,0,96
BRDA:168,38,1,90
BRDA:192,39,0,66
BRDA:192,39,1,30
BRDA:200,40,0,4
BRDA:200,40,1,26
BRDA:215,41,0,0
BRDA:215,41,1,126
BRDA:215,42,0,126
BRDA:215,42,1,0
BRDA:221,43,0,0
BRDA:221,43,1,0
BRDA:250,44,0,0
BRDA:250,44,1,40
BRDA:252,45,0,0
BRDA:252,45,1,0
BRDA:252,46,0,0
BRDA:252,46,1,0
BRDA:263,47,0,0
BRDA:263,47,1,40
BRDA:265,48,0,0
BRDA:265,48,1,0
BRDA:267,49,0,0
BRDA:267,49,1,0
BRDA:273,50,0,0
BRDA:273,50,1,0
BRDA:274,51,0,0
BRDA:274,51,1,0
BRDA:283,52,0,0
BRDA:283,52,1,126
BRDA:288,53,0,0
BRDA:288,53,1,40
BRDA:290,54,0,0
BRDA:290,54,1,40
BRDA:291,55,0,0
BRDA:291,55,1,40
BRF:115
BRH:52
end_of_record
TN:
SF:/Users/ens/pwd/uxcore/uxcore-table/src/Cell/CheckBox.jsx
FN:3,(anonymous_1)
FN:5,_defaults
FN:7,_defineProperty
FN:9,_classCallCheck
FN:11,_possibleConstructorReturn
FN:13,_inherits
FN:23,(anonymous_7)
FN:26,CheckBox
FN:32,getValue
FN:36,handleChange
FN:40,handleClick
FN:49,renderHalfChecked
FN:57,renderCheckBox
FN:67,ref
FN:74,render
FNF:15
FNH:3
FNDA:0,(anonymous_1)
FNDA:1,_defaults
FNDA:0,_defineProperty
FNDA:0,_classCallCheck
FNDA:0,_possibleConstructorReturn
FNDA:1,_inherits
FNDA:1,(anonymous_7)
FNDA:0,CheckBox
FNDA:0,getValue
FNDA:0,handleChange
FNDA:0,handleClick
FNDA:0,renderHalfChecked
FNDA:0,renderCheckBox
FNDA:0,ref
FNDA:0,render
DA:3,1
DA:5,5
DA:7,1
DA:9,1
DA:11,1
DA:13,1
DA:19,1
DA:20,1
DA:21,1
DA:23,1
DA:24,1
DA:26,1
DA:27,0
DA:29,0
DA:32,1
DA:33,0
DA:36,1
DA:37,0
DA:40,1
DA:42,0
DA:49,1
DA:50,0
DA:57,1
DA:58,0
DA:60,0
DA:68,0
DA:74,1
DA:75,0
DA:76,0
DA:77,0
DA:79,0
DA:84,0
DA:85,0
DA:87,0
DA:90,1
DA:93,1
DA:99,1
DA:101,1
LF:38
LH:22
BRDA:3,1,0,1
BRDA:3,1,1,1
BRDA:3,2,0,0
BRDA:3,2,1,0
BRDA:5,3,0,0
BRDA:5,3,1,5
BRDA:5,4,0,5
BRDA:5,4,1,5
BRDA:5,4,2,0
BRDA:7,5,0,0
BRDA:7,5,1,0
BRDA:9,6,0,0
BRDA:9,6,1,0
BRDA:11,7,0,0
BRDA:11,7,1,0
BRDA:11,8,0,0
BRDA:11,8,1,0
BRDA:11,9,0,0
BRDA:11,9,1,0
BRDA:11,9,2,0
BRDA:13,10,0,0
BRDA:13,10,1,1
BRDA:13,11,0,1
BRDA:13,11,1,0
BRDA:13,12,0,1
BRDA:13,12,1,1
BRDA:13,13,0,1
BRDA:13,13,1,0
BRDA:13,14,0,0
BRDA:13,14,1,1
BRDA:76,15,0,0
BRDA:76,15,1,0
BRDA:84,16,0,0
BRDA:84,16,1,0
BRDA:84,17,0,0
BRDA:84,17,1,0
BRF:36
BRH:11
end_of_record
TN:
SF:/Users/ens/pwd/uxcore/uxcore-table/src/Tbody.jsx
FN:7,_defaults
FN:9,_classCallCheck
FN:11,_possibleConstructorReturn
FN:13,_inherits
FN:27,(anonymous_5)
FN:30,Tbody
FN:39,componentDidMount
FN:46,componentWillUnmount
FN:51,onScroll
FN:59,(anonymous_10)
FN:66,getDomNode
FN:70,saveRef
FN:72,func
FN:77,renderEmptyData
FN:92,render
FN:102,(anonymous_16)
FN:115,(anonymous_17)
FN:146,(anonymous_18)
FNF:18
FNH:12
FNDA:1,_defaults
FNDA:19,_classCallCheck
FNDA:19,_possibleConstructorReturn
FNDA:1,_inherits
FNDA:1,(anonymous_5)
FNDA:19,Tbody
FNDA:19,componentDidMount
FNDA:0,componentWillUnmount
FNDA:0,onScroll
FNDA:0,(anonymous_10)
FNDA:0,getDomNode
FNDA:40,saveRef
FNDA:61,func
FNDA:40,renderEmptyData
FNDA:40,render
FNDA:0,(anonymous_16)
FNDA:0,(anonymous_17)
FNDA:33,(anonymous_18)
DA:3,1
DA:7,5
DA:9,19
DA:11,19
DA:13,1
DA:19,1
DA:20,1
DA:21,1
DA:22,1
DA:23,1
DA:24,1
DA:25,1
DA:27,1
DA:28,1
DA:30,1
DA:31,19
DA:33,19
DA:35,19
DA:36,19
DA:39,1
DA:40,19
DA:41,19
DA:42,19
DA:43,19
DA:46,1
DA:47,0
DA:48,0
DA:51,1
DA:52,0
DA:53,0
DA:55,0
DA:56,0
DA:57,0
DA:59,0
DA:60,0
DA:62,0
DA:66,1
DA:67,0
DA:70,1
DA:71,40
DA:72,40
DA:73,61
DA:77,1
DA:78,40
DA:79,7
DA:80,7
DA:81,2
DA:83,7
DA:89,33
DA:92,1
DA:93,40
DA:94,40
DA:95,40
DA:96,40
DA:97,40
DA:98,40
DA:99,40
DA:101,40
DA:102,0
DA:103,0
DA:104,0
DA:105,0
DA:107,0
DA:109,0
DA:113,0
DA:114,40
DA:115,0
DA:116,0
DA:117,0
DA:118,0
DA:119,0
DA:121,0
DA:124,0
DA:127,0
DA:128,0
DA:130,0
DA:131,0
DA:135,0
DA:137,40
DA:139,40
DA:147,33
DA:175,33
DA:181,1
DA:184,1
DA:192,1
DA:196,1
DA:197,1
LF:87
LH:57
BRDA:7,1,0,0
BRDA:7,1,1,5
BRDA:7,2,0,5
BRDA:7,2,1,5
BRDA:7,2,2,0
BRDA:9,3,0,0
BRDA:9,3,1,19
BRDA:11,4,0,0
BRDA:11,4,1,19
BRDA:11,5,0,0
BRDA:11,5,1,19
BRDA:11,6,0,19
BRDA:11,6,1,0
BRDA:11,6,2,0
BRDA:13,7,0,0
BRDA:13,7,1,1
BRDA:13,8,0,1
BRDA:13,8,1,0
BRDA:13,9,0,1
BRDA:13,9,1,1
BRDA:13,10,0,1
BRDA:13,10,1,0
BRDA:13,11,0,0
BRDA:13,11,1,1
BRDA:55,12,0,0
BRDA:55,12,1,0
BRDA:56,13,0,0
BRDA:56,13,1,0
BRDA:78,14,0,7
BRDA:78,14,1,33
BRDA:78,15,0,40
BRDA:78,15,1,7
BRDA:80,16,0,2
BRDA:80,16,1,5
BRDA:95,17,0,33
BRDA:95,17,1,7
BRDA:101,18,0,0
BRDA:101,18,1,40
BRDA:103,19,0,0
BRDA:103,19,1,0
BRDA:103,20,0,0
BRDA:103,20,1,0
BRDA:114,21,0,0
BRDA:114,21,1,40
BRDA:116,22,0,0
BRDA:116,22,1,0
BRDA:118,23,0,0
BRDA:118,23,1,0
BRDA:127,24,0,0
BRDA:127,24,1,0
BRDA:130,25,0,0
BRDA:130,25,1,0
BRF:52
BRH:23
end_of_record
TN:
SF:/Users/ens/pwd/uxcore/uxcore-table/src/Row.jsx
FN:7,_defaults
FN:9,_defineProperty
FN:11,_classCallCheck
FN:13,_possibleConstructorReturn
FN:15,_inherits
FN:30,(anonymous_6)
FN:33,Row
FN:39,shouldComponentUpdate
FN:48,(anonymous_9)
FN:54,(anonymous_10)
FN:63,handleClick
FN:65,handleDoubleClick
FN:72,handleTreeCheckChange
FN:77,showSubCompFunc
FN:82,toggleExpanded
FN:90,renderSubComp
FN:124,renderChild
FN:133,(anonymous_18)
FN:162,renderExpandIcon
FN:193,renderIndent
FN:208,renderTreeRowSelector
FN:231,render
FN:247,(anonymous_23)
FN:268,(anonymous_24)
FNF:24
FNH:21
FNDA:1,_defaults
FNDA:168,_defineProperty
FNDA:32,_classCallCheck
FNDA:32,_possibleConstructorReturn
FNDA:1,_inherits
FNDA:1,(anonymous_6)
FNDA:32,Row
FNDA:22,shouldComponentUpdate
FNDA:242,(anonymous_9)
FNDA:95,(anonymous_10)
FNDA:2,handleClick
FNDA:0,handleDoubleClick
FNDA:0,handleTreeCheckChange
FNDA:2,showSubCompFunc
FNDA:0,toggleExpanded
FNDA:42,renderSubComp
FNDA:42,renderChild
FNDA:21,(anonymous_18)
FNDA:37,renderExpandIcon
FNDA:37,renderIndent
FNDA:37,renderTreeRowSelector
FNDA:42,render
FNDA:152,(anonymous_23)
FNDA:152,(anonymous_24)
DA:3,1
DA:7,5
DA:9,168
DA:11,32
DA:13,32
DA:15,1
DA:20,1
DA:21,1
DA:22,1
DA:23,1
DA:24,1
DA:25,1
DA:26,1
DA:28,1
DA:30,1
DA:31,1
DA:33,1
DA:34,32
DA:36,32
DA:39,1
DA:45,22
DA:46,22
DA:48,22
DA:49,242
DA:50,3
DA:53,22
DA:54,19
DA:55,95
DA:56,7
DA:60,22
DA:63,1
DA:65,1
DA:66,0
DA:67,0
DA:68,0
DA:72,1
DA:73,0
DA:74,0
DA:77,1
DA:78,2
DA:79,2
DA:82,1
DA:83,0
DA:84,0
DA:85,0
DA:87,0
DA:90,1
DA:91,42
DA:93,42
DA:94,24
DA:96,18
DA:97,2
DA:98,1
DA:103,1
DA:109,1
DA:110,16
DA:111,2
DA:112,2
DA:113,1
DA:119,1
DA:121,14
DA:124,1
DA:125,42
DA:126,42
DA:127,42
DA:129,42
DA:130,18
DA:132,24
DA:133,12
DA:134,21
DA:144,21
DA:147,12
DA:152,12
DA:159,24
DA:162,1
DA:163,37
DA:164,37
DA:165,37
DA:167,37
DA:168,13
DA:171,24
DA:172,12
DA:177,12
DA:188,12
DA:190,24
DA:193,1
DA:194,37
DA:195,37
DA:196,24
DA:197,36
DA:201,36
DA:205,37
DA:208,1
DA:209,37
DA:210,37
DA:212,0
DA:213,0
DA:218,0
DA:219,0
DA:220,0
DA:221,0
DA:223,0
DA:231,1
DA:232,42
DA:234,42
DA:235,42
DA:236,42
DA:237,42
DA:238,42
DA:239,42
DA:241,42
DA:242,18
DA:247,42
DA:248,152
DA:249,0
DA:251,152
DA:255,42
DA:257,42
DA:269,152
DA:270,152
DA:271,37
DA:273,115
DA:274,115
DA:275,115
DA:276,107
DA:278,115
DA:299,115
DA:300,37
DA:309,78
DA:317,1
DA:320,1
DA:334,1
DA:339,1
DA:340,1
LF:134
LH:117
BRDA:7,1,0,0
BRDA:7,1,1,5
BRDA:7,2,0,5
BRDA:7,2,1,5
BRDA:7,2,2,0
BRDA:9,3,0,0
BRDA:9,3,1,168
BRDA:11,4,0,0
BRDA:11,4,1,32
BRDA:13,5,0,0
BRDA:13,5,1,32
BRDA:13,6,0,0
BRDA:13,6,1,32
BRDA:13,7,0,32
BRDA:13,7,1,0
BRDA:13,7,2,0
BRDA:15,8,0,0
BRDA:15,8,1,1
BRDA:15,9,0,1
BRDA:15,9,1,0
BRDA:15,10,0,1
BRDA:15,10,1,1
BRDA:15,11,0,1
BRDA:15,11,1,0
BRDA:15,12,0,0
BRDA:15,12,1,1
BRDA:49,13,0,3
BRDA:49,13,1,239
BRDA:53,14,0,19
BRDA:53,14,1,3
BRDA:55,15,0,7
BRDA:55,15,1,88
BRDA:67,16,0,0
BRDA:67,16,1,0
BRDA:74,17,0,0
BRDA:74,17,1,0
BRDA:93,18,0,24
BRDA:93,18,1,18
BRDA:96,19,0,2
BRDA:96,19,1,16
BRDA:97,20,0,1
BRDA:97,20,1,1
BRDA:110,21,0,2
BRDA:110,21,1,14
BRDA:112,22,0,1
BRDA:112,22,1,1
BRDA:112,23,0,2
BRDA:112,23,1,2
BRDA:129,24,0,18
BRDA:129,24,1,24
BRDA:132,25,0,12
BRDA:132,25,1,12
BRDA:137,26,0,12
BRDA:137,26,1,9
BRDA:167,27,0,13
BRDA:167,27,1,24
BRDA:171,28,0,12
BRDA:171,28,1,12
BRDA:195,29,0,24
BRDA:195,29,1,13
BRDA:209,30,0,37
BRDA:209,30,1,0
BRDA:209,31,0,37
BRDA:209,31,1,24
BRDA:220,32,0,0
BRDA:220,32,1,0
BRDA:241,33,0,18
BRDA:241,33,1,24
BRDA:248,34,0,0
BRDA:248,34,1,152
BRDA:269,35,0,152
BRDA:269,35,1,0
BRDA:270,36,0,37
BRDA:270,36,1,115
BRDA:270,37,0,152
BRDA:270,37,1,115
BRDA:275,38,0,107
BRDA:275,38,1,8
BRDA:276,39,0,8
BRDA:276,39,1,99
BRDA:299,40,0,37
BRDA:299,40,1,78
BRF:82
BRH:61
end_of_record
TN:
SF:/Users/ens/pwd/uxcore/uxcore-table/src/Cell/index.jsx
FN:7,(anonymous_1)
FN:7,(anonymous_2)
FN:9,_defaults
FN:11,_defineProperty
FN:13,_classCallCheck
FN:15,_possibleConstructorReturn
FN:17,_inherits
FN:47,(anonymous_8)
FN:50,Cell
FN:56,componentDidMount
FN:63,shouldComponentUpdate
FN:75,(anonymous_12)
FN:82,(anonymous_13)
FN:97,getActionItems
FN:107,(anonymous_15)
FN:117,getEditData
FN:124,getCellData
FN:131,handleCheckChange
FN:136,handleActionClick
FN:144,showSubComp
FN:154,renderActionItems
FN:156,(anonymous_22)
FN:160,(anonymous_23)
FN:186,renderTreeIcon
FN:207,render
FNF:25
FNH:15
FNDA:0,(anonymous_1)
FNDA:0,(anonymous_2)
FNDA:1,_defaults
FNDA:198,_defineProperty
FNDA:83,_classCallCheck
FNDA:83,_possibleConstructorReturn
FNDA:1,_inherits
FNDA:1,(anonymous_8)
FNDA:83,Cell
FNDA:83,componentDidMount
FNDA:32,shouldComponentUpdate
FNDA:110,(anonymous_12)
FNDA:88,(anonymous_13)
FNDA:0,getActionItems
FNDA:0,(anonymous_15)
FNDA:0,getEditData
FNDA:190,getCellData
FNDA:0,handleCheckChange
FNDA:0,handleActionClick
FNDA:2,showSubComp
FNDA:0,renderActionItems
FNDA:0,(anonymous_22)
FNDA:0,(anonymous_23)
FNDA:4,renderTreeIcon
FNDA:99,render
DA:3,1
DA:7,1
DA:9,5
DA:11,198
DA:13,83
DA:15,83
DA:17,1
DA:23,1
DA:24,1
DA:25,1
DA:26,1
DA:27,1
DA:28,1
DA:29,1
DA:31,1
DA:32,1
DA:33,1
DA:34,1
DA:35,1
DA:36,1
DA:37,1
DA:39,1
DA:47,1
DA:48,1
DA:50,1
DA:51,83
DA:53,83
DA:56,1
DA:57,83
DA:58,83
DA:59,0
DA:63,1
DA:67,32
DA:68,32
DA:71,32
DA:72,10
DA:75,22
DA:76,110
DA:77,0
DA:81,22
DA:82,22
DA:83,88
DA:84,6
DA:89,22
DA:97,1
DA:98,0
DA:99,0
DA:100,0
DA:102,0
DA:103,0
DA:104,0
DA:105,0
DA:107,0
DA:108,0
DA:114,0
DA:117,1
DA:118,0
DA:119,0
DA:120,0
DA:121,0
DA:124,1
DA:125,190
DA:126,190
DA:127,190
DA:128,190
DA:131,1
DA:132,0
DA:133,0
DA:136,1
DA:137,0
DA:138,0
DA:139,0
DA:140,0
DA:144,1
DA:145,2
DA:154,1
DA:155,0
DA:156,0
DA:157,0
DA:159,0
DA:160,0
DA:161,0
DA:162,0
DA:163,0
DA:174,0
DA:186,1
DA:187,4
DA:188,4
DA:189,4
DA:204,0
DA:207,1
DA:208,99
DA:210,99
DA:211,99
DA:212,99
DA:213,99
DA:214,99
DA:215,99
DA:219,99
DA:220,99
DA:222,99
DA:223,0
DA:228,99
DA:229,0
DA:230,0
DA:232,0
DA:233,0
DA:234,0
DA:235,0
DA:236,0
DA:237,0
DA:239,0
DA:246,99
DA:247,0
DA:248,0
DA:250,0
DA:251,0
DA:252,0
DA:253,0
DA:254,0
DA:255,0
DA:257,0
DA:264,99
DA:265,4
DA:266,4
DA:267,95
DA:269,0
DA:278,0
DA:280,0
DA:281,0
DA:283,0
DA:285,0
DA:286,95
DA:287,0
DA:295,95
DA:296,0
DA:298,95
DA:305,99
DA:306,99
DA:317,1
DA:320,1
DA:328,1
DA:332,1
DA:333,1
LF:144
LH:85
BRDA:7,1,0,0
BRDA:7,1,1,1
BRDA:7,2,0,1
BRDA:7,2,1,0
BRDA:7,3,0,0
BRDA:7,3,1,0
BRDA:7,4,0,0
BRDA:7,4,1,0
BRDA:7,4,2,0
BRDA:7,4,3,0
BRDA:9,5,0,0
BRDA:9,5,1,5
BRDA:9,6,0,5
BRDA:9,6,1,5
BRDA:9,6,2,0
BRDA:11,7,0,0
BRDA:11,7,1,198
BRDA:13,8,0,0
BRDA:13,8,1,83
BRDA:15,9,0,0
BRDA:15,9,1,83
BRDA:15,10,0,0
BRDA:15,10,1,83
BRDA:15,11,0,83
BRDA:15,11,1,0
BRDA:15,11,2,0
BRDA:17,12,0,0
BRDA:17,12,1,1
BRDA:17,13,0,1
BRDA:17,13,1,0
BRDA:17,14,0,1
BRDA:17,14,1,1
BRDA:17,15,0,1
BRDA:17,15,1,0
BRDA:17,16,0,0
BRDA:17,16,1,1
BRDA:58,17,0,0
BRDA:58,17,1,83
BRDA:58,18,0,83
BRDA:58,18,1,83
BRDA:58,18,2,83
BRDA:71,19,0,10
BRDA:71,19,1,22
BRDA:76,20,0,0
BRDA:76,20,1,110
BRDA:81,21,0,22
BRDA:81,21,1,0
BRDA:83,22,0,6
BRDA:83,22,1,82
BRDA:98,23,0,0
BRDA:98,23,1,0
BRDA:98,24,0,0
BRDA:98,24,1,0
BRDA:104,25,0,0
BRDA:104,25,1,0
BRDA:120,26,0,0
BRDA:120,26,1,0
BRDA:125,27,0,190
BRDA:125,27,1,190
BRDA:139,28,0,0
BRDA:139,28,1,0
BRDA:157,29,0,0
BRDA:157,29,1,0
BRDA:161,30,0,0
BRDA:161,30,1,0
BRDA:162,31,0,0
BRDA:162,31,1,0
BRDA:167,32,0,0
BRDA:167,32,1,0
BRDA:187,33,0,4
BRDA:187,33,1,0
BRDA:187,34,0,4
BRDA:187,34,1,4
BRDA:216,35,0,99
BRDA:216,35,1,29
BRDA:217,36,0,0
BRDA:217,36,1,99
BRDA:222,37,0,0
BRDA:222,37,1,99
BRDA:228,38,0,0
BRDA:228,38,1,99
BRDA:228,39,0,99
BRDA:228,39,1,99
BRDA:234,40,0,0
BRDA:234,40,1,0
BRDA:236,41,0,0
BRDA:236,41,1,0
BRDA:246,42,0,0
BRDA:246,42,1,99
BRDA:252,43,0,0
BRDA:252,43,1,0
BRDA:254,44,0,0
BRDA:254,44,1,0
BRDA:264,45,0,4
BRDA:264,45,1,95
BRDA:267,46,0,0
BRDA:267,46,1,95
BRDA:267,47,0,95
BRDA:267,47,1,95
BRDA:267,47,2,0
BRDA:267,47,3,0
BRDA:267,47,4,0
BRDA:280,48,0,0
BRDA:280,48,1,0
BRDA:286,49,0,0
BRDA:286,49,1,95
BRDA:286,50,0,95
BRDA:286,50,1,95
BRDA:286,50,2,95
BRDA:295,51,0,0
BRDA:295,51,1,95
BRF:111
BRH:49
end_of_record
TN:
SF:/Users/ens/pwd/uxcore/uxcore-table/src/CollapsedButton.jsx
FN:7,(anonymous_1)
FN:37,_interopRequireDefault
FN:39,_defaults
FN:41,_classCallCheck
FN:43,_possibleConstructorReturn
FN:45,_inherits
FN:51,CollapsedButtonItem
FN:53,(anonymous_8)
FN:56,CollapsedButton
FN:69,componentWillReceiveProps
FN:77,componentDidUpdate
FN:90,toNum
FN:97,saveRef
FN:99,(anonymous_14)
FN:105,handleDropdownVisibleChange
FN:112,handleMoreClick
FN:120,renderItem
FN:127,(anonymous_18)
FN:152,renderMore
FN:160,(anonymous_20)
FN:219,renderHoverMenu
FN:227,(anonymous_22)
FN:300,render
FN:316,(anonymous_24)
FN:320,(anonymous_25)
FN:352,onClick
FNF:26
FNH:4
FNDA:0,(anonymous_1)
FNDA:7,_interopRequireDefault
FNDA:1,_defaults
FNDA:0,_classCallCheck
FNDA:0,_possibleConstructorReturn
FNDA:1,_inherits
FNDA:0,CollapsedButtonItem
FNDA:1,(anonymous_8)
FNDA:0,CollapsedButton
FNDA:0,componentWillReceiveProps
FNDA:0,componentDidUpdate
FNDA:0,toNum
FNDA:0,saveRef
FNDA:0,(anonymous_14)
FNDA:0,handleDropdownVisibleChange
FNDA:0,handleMoreClick
FNDA:0,renderItem
FNDA:0,(anonymous_18)
FNDA:0,renderMore
FNDA:0,(anonymous_20)
FNDA:0,renderHoverMenu
FNDA:0,(anonymous_22)
FNDA:0,render
FNDA:0,(anonymous_24)
FNDA:0,(anonymous_25)
FNDA:0,onClick
DA:3,1
DA:7,1
DA:9,1
DA:11,1
DA:13,1
DA:15,1
DA:17,1
DA:19,1
DA:21,1
DA:23,1
DA:25,1
DA:27,1
DA:29,1
DA:31,1
DA:33,1
DA:35,1
DA:37,7
DA:39,5
DA:41,1
DA:43,1
DA:45,1
DA:51,1
DA:53,1
DA:54,1
DA:56,1
DA:57,0
DA:59,0
DA:61,0
DA:64,0
DA:65,0
DA:66,0
DA:69,1
DA:70,0
DA:71,0
DA:77,1
DA:78,0
DA:82,0
DA:83,0
DA:84,0
DA:86,0
DA:90,1
DA:91,0
DA:92,0
DA:94,0
DA:97,1
DA:98,0
DA:99,0
DA:100,0
DA:101,0
DA:105,1
DA:106,0
DA:107,0
DA:112,1
DA:113,0
DA:114,0
DA:115,0
DA:120,1
DA:121,0
DA:122,0
DA:124,0
DA:129,0
DA:130,0
DA:140,0
DA:152,1
DA:153,0
DA:154,0
DA:156,0
DA:157,0
DA:161,0
DA:173,0
DA:174,0
DA:185,0
DA:197,0
DA:198,0
DA:208,0
DA:219,1
DA:220,0
DA:221,0
DA:225,0
DA:226,0
DA:227,0
DA:228,0
DA:229,0
DA:241,0
DA:242,0
DA:253,0
DA:260,0
DA:272,0
DA:278,0
DA:280,0
DA:293,0
DA:300,1
DA:301,0
DA:302,0
DA:306,0
DA:307,0
DA:308,0
DA:309,0
DA:315,0
DA:316,0
DA:317,0
DA:320,0
DA:321,0
DA:322,0
DA:324,0
DA:329,0
DA:337,1
DA:340,1
DA:342,1
DA:344,1
DA:350,1
DA:355,1
DA:356,1
LF:113
LH:42
BRDA:7,1,0,1
BRDA:7,1,1,1
BRDA:7,2,0,0
BRDA:7,2,1,0
BRDA:37,3,0,0
BRDA:37,3,1,7
BRDA:37,4,0,7
BRDA:37,4,1,7
BRDA:39,5,0,0
BRDA:39,5,1,5
BRDA:39,6,0,5
BRDA:39,6,1,5
BRDA:39,6,2,0
BRDA:41,7,0,0
BRDA:41,7,1,0
BRDA:43,8,0,0
BRDA:43,8,1,0
BRDA:43,9,0,0
BRDA:43,9,1,0
BRDA:43,10,0,0
BRDA:43,10,1,0
BRDA:43,10,2,0
BRDA:45,11,0,0
BRDA:45,11,1,1
BRDA:45,12,0,1
BRDA:45,12,1,0
BRDA:45,13,0,1
BRDA:45,13,1,1
BRDA:45,14,0,1
BRDA:45,14,1,0
BRDA:45,15,0,0
BRDA:45,15,1,1
BRDA:70,16,0,0
BRDA:70,16,1,0
BRDA:82,17,0,0
BRDA:82,17,1,0
BRDA:82,18,0,0
BRDA:82,18,1,0
BRDA:82,18,2,0
BRDA:86,19,0,0
BRDA:86,19,1,0
BRDA:91,20,0,0
BRDA:91,20,1,0
BRDA:127,21,0,0
BRDA:127,21,1,0
BRDA:129,22,0,0
BRDA:129,22,1,0
BRDA:153,23,0,0
BRDA:153,23,1,0
BRDA:173,24,0,0
BRDA:173,24,1,0
BRDA:197,25,0,0
BRDA:197,25,1,0
BRDA:228,26,0,0
BRDA:228,26,1,0
BRDA:241,27,0,0
BRDA:241,27,1,0
BRDA:278,28,0,0
BRDA:278,28,1,0
BRDA:308,29,0,0
BRDA:308,29,1,0
BRDA:308,30,0,0
BRDA:308,30,1,0
BRDA:315,31,0,0
BRDA:315,31,1,0
BRDA:321,32,0,0
BRDA:321,32,1,0
BRF:67
BRH:14
end_of_record
TN:
SF:/Users/ens/pwd/uxcore/uxcore-table/src/i18n.js
FNF:0
FNH:0
DA:3,1
LF:1
LH:1
BRF:0
BRH:0
end_of_record
TN:
SF:/Users/ens/pwd/uxcore/uxcore-table/src/Cell/Radio.jsx
FN:7,(anonymous_1)
FN:9,_defaults
FN:11,_classCallCheck
FN:13,_possibleConstructorReturn
FN:15,_inherits
FN:24,(anonymous_6)
FN:27,Radio
FN:33,getValue
FN:37,handleChange
FN:41,render
FN:62,ref
FNF:11
FNH:3
FNDA:0,(anonymous_1)
FNDA:1,_defaults
FNDA:0,_classCallCheck
FNDA:0,_possibleConstructorReturn
FNDA:1,_inherits
FNDA:1,(anonymous_6)
FNDA:0,Radio
FNDA:0,getValue
FNDA:0,handleChange
FNDA:0,render
FNDA:0,ref
DA:3,1
DA:7,1
DA:9,5
DA:11,1
DA:13,1
DA:15,1
DA:21,1
DA:22,1
DA:24,1
DA:25,1
DA:27,1
DA:28,0
DA:30,0
DA:33,1
DA:34,0
DA:37,1
DA:38,0
DA:41,1
DA:42,0
DA:44,0
DA:45,0
DA:50,0
DA:51,0
DA:52,0
DA:53,0
DA:56,0
DA:59,0
DA:63,0
DA:69,1
DA:72,1
DA:77,1
DA:79,1
DA:80,1
LF:33
LH:19
BRDA:7,1,0,1
BRDA:7,1,1,1
BRDA:7,2,0,0
BRDA:7,2,1,0
BRDA:9,3,0,0
BRDA:9,3,1,5
BRDA:9,4,0,5
BRDA:9,4,1,5
BRDA:9,4,2,0
BRDA:11,5,0,0
BRDA:11,5,1,0
BRDA:13,6,0,0
BRDA:13,6,1,0
BRDA:13,7,0,0
BRDA:13,7,1,0
BRDA:13,8,0,0
BRDA:13,8,1,0
BRDA:13,8,2,0
BRDA:15,9,0,0
BRDA:15,9,1,1
BRDA:15,10,0,1
BRDA:15,10,1,0
BRDA:15,11,0,1
BRDA:15,11,1,1
BRDA:15,12,0,1
BRDA:15,12,1,0
BRDA:15,13,0,0
BRDA:15,13,1,1
BRDA:50,14,0,0
BRDA:50,14,1,0
BRDA:52,15,0,0
BRDA:52,15,1,0
BRF:32
BRH:11
end_of_record
TN:
SF:/Users/ens/pwd/uxcore/uxcore-table/src/CellField/TextField.jsx
FN:3,(anonymous_1)
FN:5,_defaults
FN:7,_classCallCheck
FN:9,_possibleConstructorReturn
FN:11,_inherits
FN:18,(anonymous_6)
FN:21,TextField
FN:27,renderContent
FN:33,onChange
FN:42,(anonymous_10)
FN:44,(anonymous_11)
FNF:11
FNH:3
FNDA:0,(anonymous_1)
FNDA:1,_defaults
FNDA:0,_classCallCheck
FNDA:0,_possibleConstructorReturn
FNDA:1,_inherits
FNDA:1,(anonymous_6)
FNDA:0,TextField
FNDA:0,renderContent
FNDA:0,onChange
FNDA:0,(anonymous_10)
FNDA:0,(anonymous_11)
DA:3,1
DA:5,8
DA:7,1
DA:9,1
DA:11,1
DA:13,1
DA:14,1
DA:15,1
DA:16,1
DA:18,1
DA:19,1
DA:21,1
DA:22,0
DA:24,0
DA:27,1
DA:28,0
DA:29,0
DA:34,0
DA:41,0
DA:42,0
DA:43,0
DA:44,0
DA:45,0
DA:47,0
DA:50,0
DA:53,1
DA:56,1
DA:58,1
DA:60,1
LF:29
LH:17
BRDA:3,1,0,1
BRDA:3,1,1,1
BRDA:3,2,0,0
BRDA:3,2,1,0
BRDA:5,3,0,3
BRDA:5,3,1,5
BRDA:5,4,0,8
BRDA:5,4,1,8
BRDA:5,4,2,3
BRDA:7,5,0,0
BRDA:7,5,1,0
BRDA:9,6,0,0
BRDA:9,6,1,0
BRDA:9,7,0,0
BRDA:9,7,1,0
BRDA:9,8,0,0
BRDA:9,8,1,0
BRDA:9,8,2,0
BRDA:11,9,0,0
BRDA:11,9,1,1
BRDA:11,10,0,1
BRDA:11,10,1,0
BRDA:11,11,0,1
BRDA:11,11,1,1
BRDA:11,12,0,1
BRDA:11,12,1,0
BRDA:11,13,0,0
BRDA:11,13,1,1
BRDA:41,14,0,0
BRDA:41,14,1,0
BRF:30
BRH:13
end_of_record
TN:
SF:/Users/ens/pwd/uxcore/uxcore-table/src/CellField/SelectField.jsx
FN:3,(anonymous_1)
FN:5,(anonymous_2)
FN:5,(anonymous_3)
FN:7,_defaults
FN:9,_classCallCheck
FN:11,_possibleConstructorReturn
FN:13,_inherits
FN:27,getTextFromValue
FN:29,(anonymous_9)
FN:38,processValue
FN:50,(anonymous_11)
FN:53,SelectField
FN:65,componentWillReceiveProps
FN:78,componentDidMount
FN:83,getConfig
FN:88,fetchData
FN:91,defaultBeforeFetch
FN:94,defaultAfterFetch
FN:109,fit
FN:124,(anonymous_20)
FN:129,(anonymous_21)
FN:134,renderChildren
FN:144,(anonymous_23)
FN:153,renderContent
FN:157,onChange
FN:163,onSearch
FN:167,(anonymous_27)
FN:182,(anonymous_28)
FN:184,(anonymous_29)
FNF:29
FNH:3
FNDA:0,(anonymous_1)
FNDA:0,(anonymous_2)
FNDA:0,(anonymous_3)
FNDA:1,_defaults
FNDA:0,_classCallCheck
FNDA:0,_possibleConstructorReturn
FNDA:1,_inherits
FNDA:0,getTextFromValue
FNDA:0,(anonymous_9)
FNDA:0,processValue
FNDA:1,(anonymous_11)
FNDA:0,SelectField
FNDA:0,componentWillReceiveProps
FNDA:0,componentDidMount
FNDA:0,getConfig
FNDA:0,fetchData
FNDA:0,defaultBeforeFetch
FNDA:0,defaultAfterFetch
FNDA:0,fit
FNDA:0,(anonymous_20)
FNDA:0,(anonymous_21)
FNDA:0,renderChildren
FNDA:0,(anonymous_23)
FNDA:0,renderContent
FNDA:0,onChange
FNDA:0,onSearch
FNDA:0,(anonymous_27)
FNDA:0,(anonymous_28)
FNDA:0,(anonymous_29)
DA:3,1
DA:5,1
DA:7,8
DA:9,1
DA:11,1
DA:13,1
DA:15,1
DA:16,1
DA:17,1
DA:18,1
DA:19,1
DA:20,1
DA:22,1
DA:24,1
DA:27,1
DA:28,0
DA:29,0
DA:30,0
DA:32,0
DA:33,0
DA:35,0
DA:38,1
DA:39,0
DA:40,0
DA:41,0
DA:43,0
DA:47,0
DA:50,1
DA:51,1
DA:53,1
DA:54,0
DA:56,0
DA:58,0
DA:59,0
DA:62,0
DA:65,1
DA:66,0
DA:67,0
DA:68,0
DA:69,0
DA:70,0
DA:71,0
DA:72,0
DA:78,1
DA:79,0
DA:80,0
DA:83,1
DA:84,0
DA:85,0
DA:88,1
DA:89,0
DA:90,0
DA:91,0
DA:92,0
DA:94,0
DA:95,0
DA:97,0
DA:98,0
DA:100,0
DA:101,0
DA:103,0
DA:110,0
DA:111,0
DA:112,0
DA:113,0
DA:114,0
DA:115,0
DA:117,0
DA:124,0
DA:125,0
DA:126,0
DA:130,0
DA:134,1
DA:135,0
DA:136,0
DA:139,0
DA:141,0
DA:142,0
DA:144,0
DA:145,0
DA:153,1
DA:154,0
DA:155,0
DA:156,0
DA:158,0
DA:164,0
DA:165,0
DA:167,0
DA:168,0
DA:169,0
DA:171,0
DA:172,0
DA:173,0
DA:181,0
DA:182,0
DA:183,0
DA:184,0
DA:185,0
DA:187,0
DA:190,0
DA:197,1
DA:200,1
DA:202,1
DA:204,1
LF:104
LH:29
BRDA:3,1,0,1
BRDA:3,1,1,1
BRDA:3,2,0,0
BRDA:3,2,1,0
BRDA:5,3,0,0
BRDA:5,3,1,1
BRDA:5,4,0,1
BRDA:5,4,1,0
BRDA:5,5,0,0
BRDA:5,5,1,0
BRDA:5,6,0,0
BRDA:5,6,1,0
BRDA:5,6,2,0
BRDA:5,6,3,0
BRDA:7,7,0,3
BRDA:7,7,1,5
BRDA:7,8,0,8
BRDA:7,8,1,8
BRDA:7,8,2,3
BRDA:9,9,0,0
BRDA:9,9,1,0
BRDA:11,10,0,0
BRDA:11,10,1,0
BRDA:11,11,0,0
BRDA:11,11,1,0
BRDA:11,12,0,0
BRDA:11,12,1,0
BRDA:11,12,2,0
BRDA:13,13,0,0
BRDA:13,13,1,1
BRDA:13,14,0,1
BRDA:13,14,1,0
BRDA:13,15,0,1
BRDA:13,15,1,1
BRDA:13,16,0,1
BRDA:13,16,1,0
BRDA:13,17,0,0
BRDA:13,17,1,1
BRDA:28,18,0,0
BRDA:28,18,1,0
BRDA:32,19,0,0
BRDA:32,19,1,0
BRDA:32,20,0,0
BRDA:32,20,1,0
BRDA:39,21,0,0
BRDA:39,21,1,0
BRDA:39,22,0,0
BRDA:39,22,1,0
BRDA:40,23,0,0
BRDA:40,23,1,0
BRDA:40,24,0,0
BRDA:40,24,1,0
BRDA:69,25,0,0
BRDA:69,25,1,0
BRDA:70,26,0,0
BRDA:70,26,1,0
BRDA:71,27,0,0
BRDA:71,27,1,0
BRDA:85,28,0,0
BRDA:85,28,1,0
BRDA:85,29,0,0
BRDA:85,29,1,0
BRDA:97,30,0,0
BRDA:97,30,1,0
BRDA:100,31,0,0
BRDA:100,31,1,0
BRDA:105,32,0,0
BRDA:105,32,1,0
BRDA:106,33,0,0
BRDA:106,33,1,0
BRDA:110,34,0,0
BRDA:110,34,1,0
BRDA:112,35,0,0
BRDA:112,35,1,0
BRDA:114,36,0,0
BRDA:114,36,1,0
BRDA:125,37,0,0
BRDA:125,37,1,0
BRDA:141,38,0,0
BRDA:141,38,1,0
BRDA:144,39,0,0
BRDA:144,39,1,0
BRDA:164,40,0,0
BRDA:164,40,1,0
BRDA:168,41,0,0
BRDA:168,41,1,0
BRDA:172,42,0,0
BRDA:172,42,1,0
BRDA:176,43,0,0
BRDA:176,43,1,0
BRDA:181,44,0,0
BRDA:181,44,1,0
BRF:92
BRH:15
end_of_record
TN:
SF:/Users/ens/pwd/uxcore/uxcore-table/src/CellField/RadioField.jsx
FN:3,(anonymous_1)
FN:5,_defaults
FN:7,_classCallCheck
FN:9,_possibleConstructorReturn
FN:11,_inherits
FN:20,(anonymous_6)
FN:23,RadioField
FN:29,getTextMap
FN:39,(anonymous_9)
FN:50,(anonymous_10)
FN:57,renderChildren
FN:76,(anonymous_12)
FN:83,renderContent
FN:87,onChange
FN:96,(anonymous_15)
FN:98,(anonymous_16)
FNF:16
FNH:3
FNDA:0,(anonymous_1)
FNDA:1,_defaults
FNDA:0,_classCallCheck
FNDA:0,_possibleConstructorReturn
FNDA:1,_inherits
FNDA:1,(anonymous_6)
FNDA:0,RadioField
FNDA:0,getTextMap
FNDA:0,(anonymous_9)
FNDA:0,(anonymous_10)
FNDA:0,renderChildren
FNDA:0,(anonymous_12)
FNDA:0,renderContent
FNDA:0,onChange
FNDA:0,(anonymous_15)
FNDA:0,(anonymous_16)
DA:3,1
DA:5,8
DA:7,1
DA:9,1
DA:11,1
DA:13,1
DA:14,1
DA:15,1
DA:16,1
DA:18,1
DA:20,1
DA:21,1
DA:23,1
DA:24,0
DA:26,0
DA:29,1
DA:30,0
DA:31,0
DA:32,0
DA:35,0
DA:38,0
DA:39,0
DA:40,0
DA:42,0
DA:43,0
DA:44,0
DA:45,0
DA:47,0
DA:48,0
DA:50,0
DA:51,0
DA:54,0
DA:57,1
DA:58,0
DA:59,0
DA:62,0
DA:65,0
DA:66,0
DA:68,0
DA:69,0
DA:70,0
DA:71,0
DA:73,0
DA:74,0
DA:76,0
DA:77,0
DA:80,0
DA:83,1
DA:84,0
DA:85,0
DA:86,0
DA:88,0
DA:95,0
DA:96,0
DA:97,0
DA:98,0
DA:99,0
DA:101,0
DA:104,0
DA:111,1
DA:114,1
DA:116,1
DA:118,1
LF:63
LH:20
BRDA:3,1,0,1
BRDA:3,1,1,1
BRDA:3,2,0,0
BRDA:3,2,1,0
BRDA:5,3,0,3
BRDA:5,3,1,5
BRDA:5,4,0,8
BRDA:5,4,1,8
BRDA:5,4,2,3
BRDA:7,5,0,0
BRDA:7,5,1,0
BRDA:9,6,0,0
BRDA:9,6,1,0
BRDA:9,7,0,0
BRDA:9,7,1,0
BRDA:9,8,0,0
BRDA:9,8,1,0
BRDA:9,8,2,0
BRDA:11,9,0,0
BRDA:11,9,1,1
BRDA:11,10,0,1
BRDA:11,10,1,0
BRDA:11,11,0,1
BRDA:11,11,1,1
BRDA:11,12,0,1
BRDA:11,12,1,0
BRDA:11,13,0,0
BRDA:11,13,1,1
BRDA:38,14,0,0
BRDA:38,14,1,0
BRDA:42,15,0,0
BRDA:42,15,1,0
BRDA:42,16,0,0
BRDA:42,16,1,0
BRDA:44,17,0,0
BRDA:44,17,1,0
BRDA:47,18,0,0
BRDA:47,18,1,0
BRDA:65,19,0,0
BRDA:65,19,1,0
BRDA:68,20,0,0
BRDA:68,20,1,0
BRDA:70,21,0,0
BRDA:70,21,1,0
BRDA:73,22,0,0
BRDA:73,22,1,0
BRDA:95,23,0,0
BRDA:95,23,1,0
BRF:48
BRH:13
end_of_record
TN:
SF:/Users/ens/pwd/uxcore/uxcore-table/src/ActionBar/index.js
FN:11,_interopRequireDefault
FNF:1
FNH:1
FNDA:1,_interopRequireDefault
DA:3,1
DA:7,1
DA:9,1
DA:11,1
DA:13,1
DA:14,1
LF:6
LH:6
BRDA:11,1,0,0
BRDA:11,1,1,1
BRDA:11,2,0,1
BRDA:11,2,1,1
BRF:4
BRH:3
end_of_record
TN:
SF:/Users/ens/pwd/uxcore/uxcore-table/src/ActionBar/ActionBar.jsx
FN:3,(anonymous_1)
FN:5,(anonymous_2)
FN:5,(anonymous_3)
FN:31,_interopRequireDefault
FN:33,_defaults
FN:35,_defineProperty
FN:37,_classCallCheck
FN:39,_possibleConstructorReturn
FN:41,_inherits
FN:49,(anonymous_10)
FN:52,ActionBar
FN:61,getActionItem
FN:66,(anonymous_13)
FN:76,handleSearch
FN:80,renderActionBtn
FN:84,(anonymous_16)
FN:108,renderLinkBar
FN:115,renderSearchBar
FN:128,renderColumnPicker
FN:150,render
FN:162,(anonymous_21)
FNF:21
FNH:13
FNDA:0,(anonymous_1)
FNDA:0,(anonymous_2)
FNDA:0,(anonymous_3)
FNDA:6,_interopRequireDefault
FNDA:1,_defaults
FNDA:4,_defineProperty
FNDA:1,_classCallCheck
FNDA:1,_possibleConstructorReturn
FNDA:1,_inherits
FNDA:1,(anonymous_10)
FNDA:1,ActionBar
FNDA:2,getActionItem
FNDA:0,(anonymous_13)
FNDA:0,handleSearch
FNDA:0,renderActionBtn
FNDA:0,(anonymous_16)
FNDA:2,renderLinkBar
FNDA:2,renderSearchBar
FNDA:2,renderColumnPicker
FNDA:2,render
FNDA:0,(anonymous_21)
DA:3,1
DA:5,1
DA:7,1
DA:9,1
DA:11,1
DA:13,1
DA:15,1
DA:17,1
DA:19,1
DA:21,1
DA:23,1
DA:25,1
DA:27,1
DA:29,1
DA:31,6
DA:33,5
DA:35,4
DA:37,1
DA:39,1
DA:41,1
DA:49,1
DA:50,1
DA:52,1
DA:53,1
DA:55,1
DA:61,1
DA:62,2
DA:63,2
DA:64,0
DA:65,2
DA:66,0
DA:67,0
DA:73,2
DA:76,1
DA:77,0
DA:80,1
DA:81,0
DA:82,0
DA:88,0
DA:89,0
DA:95,0
DA:96,0
DA:98,0
DA:108,1
DA:109,2
DA:110,2
DA:112,2
DA:115,1
DA:116,2
DA:117,0
DA:118,0
DA:123,0
DA:125,2
DA:128,1
DA:129,2
DA:130,2
DA:138,2
DA:139,0
DA:141,2
DA:150,1
DA:151,2
DA:153,2
DA:154,2
DA:155,2
DA:157,2
DA:163,0
DA:171,1
DA:174,1
DA:180,1
DA:184,1
LF:70
LH:54
BRDA:3,1,0,1
BRDA:3,1,1,1
BRDA:3,2,0,0
BRDA:3,2,1,0
BRDA:5,3,0,0
BRDA:5,3,1,1
BRDA:5,4,0,1
BRDA:5,4,1,0
BRDA:5,5,0,0
BRDA:5,5,1,0
BRDA:5,6,0,0
BRDA:5,6,1,0
BRDA:5,6,2,0
BRDA:5,6,3,0
BRDA:31,7,0,0
BRDA:31,7,1,6
BRDA:31,8,0,6
BRDA:31,8,1,6
BRDA:33,9,0,0
BRDA:33,9,1,5
BRDA:33,10,0,5
BRDA:33,10,1,5
BRDA:33,10,2,0
BRDA:35,11,0,0
BRDA:35,11,1,4
BRDA:37,12,0,0
BRDA:37,12,1,1
BRDA:39,13,0,0
BRDA:39,13,1,1
BRDA:39,14,0,0
BRDA:39,14,1,1
BRDA:39,15,0,1
BRDA:39,15,1,0
BRDA:39,15,2,0
BRDA:41,16,0,0
BRDA:41,16,1,1
BRDA:41,17,0,1
BRDA:41,17,1,0
BRDA:41,18,0,1
BRDA:41,18,1,1
BRDA:41,19,0,1
BRDA:41,19,1,0
BRDA:41,20,0,0
BRDA:41,20,1,1
BRDA:63,21,0,0
BRDA:63,21,1,2
BRDA:65,22,0,0
BRDA:65,22,1,2
BRDA:65,23,0,2
BRDA:65,23,1,0
BRDA:84,24,0,0
BRDA:84,24,1,0
BRDA:88,25,0,0
BRDA:88,25,1,0
BRDA:88,26,0,0
BRDA:88,26,1,0
BRDA:95,27,0,0
BRDA:95,27,1,0
BRDA:102,28,0,0
BRDA:102,28,1,0
BRDA:116,29,0,0
BRDA:116,29,1,2
BRDA:138,30,0,0
BRDA:138,30,1,2
BRF:64
BRH:26
end_of_record
TN:
SF:/Users/ens/pwd/uxcore/uxcore-table/src/ActionBar/SearchBar.jsx
FN:3,_defaults
FN:5,_classCallCheck
FN:7,_possibleConstructorReturn
FN:9,_inherits
FN:21,(anonymous_5)
FN:24,SearchBar
FN:35,onKeyDown
FN:41,doSearch
FN:45,handleChange
FN:51,render
FN:80,onSearch
FNF:11
FNH:3
FNDA:1,_defaults
FNDA:0,_classCallCheck
FNDA:0,_possibleConstructorReturn
FNDA:1,_inherits
FNDA:1,(anonymous_5)
FNDA:0,SearchBar
FNDA:0,onKeyDown
FNDA:0,doSearch
FNDA:0,handleChange
FNDA:0,render
FNDA:0,onSearch
DA:3,5
DA:5,1
DA:7,1
DA:9,1
DA:19,1
DA:21,1
DA:22,1
DA:24,1
DA:25,0
DA:27,0
DA:29,0
DA:32,0
DA:35,1
DA:36,0
DA:37,0
DA:41,1
DA:42,0
DA:45,1
DA:46,0
DA:51,1
DA:52,0
DA:53,0
DA:55,0
DA:70,1
DA:73,1
DA:78,1
DA:83,1
LF:27
LH:16
BRDA:3,1,0,0
BRDA:3,1,1,5
BRDA:3,2,0,5
BRDA:3,2,1,5
BRDA:3,2,2,0
BRDA:5,3,0,0
BRDA:5,3,1,0
BRDA:7,4,0,0
BRDA:7,4,1,0
BRDA:7,5,0,0
BRDA:7,5,1,0
BRDA:7,6,0,0
BRDA:7,6,1,0
BRDA:7,6,2,0
BRDA:9,7,0,0
BRDA:9,7,1,1
BRDA:9,8,0,1
BRDA:9,8,1,0
BRDA:9,9,0,1
BRDA:9,9,1,1
BRDA:9,10,0,1
BRDA:9,10,1,0
BRDA:9,11,0,0
BRDA:9,11,1,1
BRDA:36,12,0,0
BRDA:36,12,1,0
BRF:26
BRH:9
end_of_record
TN:
SF:/Users/ens/pwd/uxcore/uxcore-table/src/ActionBar/ColumnPicker.jsx
FN:7,(anonymous_1)
FN:7,(anonymous_2)
FN:27,_interopRequireDefault
FN:29,_defaults
FN:31,_defineProperty
FN:33,_classCallCheck
FN:35,_possibleConstructorReturn
FN:37,_inherits
FN:41,(anonymous_9)
FN:44,ColumnPicker
FN:57,componentDidUpdate
FN:71,getDropDownDOMNOde
FN:75,getSelectedKeys
FN:81,(anonymous_14)
FN:89,(anonymous_15)
FN:97,handlePickerSelect
FN:101,saveRef
FN:103,(anonymous_18)
FN:109,handleMouseEnter
FN:121,handleMouseLeave
FN:123,(anonymous_21)
FN:130,renderTree
FN:140,(anonymous_23)
FN:186,renderDropDown
FN:206,renderGroupTree
FN:208,(anonymous_26)
FN:237,render
FNF:27
FNH:15
FNDA:0,(anonymous_1)
FNDA:0,(anonymous_2)
FNDA:4,_interopRequireDefault
FNDA:1,_defaults
FNDA:4,_defineProperty
FNDA:1,_classCallCheck
FNDA:1,_possibleConstructorReturn
FNDA:1,_inherits
FNDA:1,(anonymous_9)
FNDA:1,ColumnPicker
FNDA:1,componentDidUpdate
FNDA:0,getDropDownDOMNOde
FNDA:0,getSelectedKeys
FNDA:0,(anonymous_14)
FNDA:0,(anonymous_15)
FNDA:0,handlePickerSelect
FNDA:4,saveRef
FNDA:6,(anonymous_18)
FNDA:0,handleMouseEnter
FNDA:0,handleMouseLeave
FNDA:0,(anonymous_21)
FNDA:2,renderTree
FNDA:8,(anonymous_23)
FNDA:2,renderDropDown
FNDA:0,renderGroupTree
FNDA:0,(anonymous_26)
FNDA:2,render
DA:3,1
DA:7,1
DA:9,1
DA:11,1
DA:13,1
DA:15,1
DA:17,1
DA:19,1
DA:21,1
DA:23,1
DA:25,1
DA:27,4
DA:29,5
DA:31,4
DA:33,1
DA:35,1
DA:37,1
DA:39,1
DA:41,1
DA:42,1
DA:44,1
DA:45,1
DA:47,1
DA:49,1
DA:52,1
DA:53,1
DA:54,1
DA:57,1
DA:58,1
DA:59,1
DA:60,0
DA:61,0
DA:62,0
DA:63,0
DA:64,0
DA:66,0
DA:67,0
DA:71,1
DA:72,0
DA:75,1
DA:76,0
DA:77,0
DA:79,0
DA:80,0
DA:81,0
DA:82,0
DA:83,0
DA:86,0
DA:89,0
DA:90,0
DA:91,0
DA:94,0
DA:97,1
DA:98,0
DA:101,1
DA:102,4
DA:103,4
DA:104,6
DA:105,6
DA:109,1
DA:110,0
DA:111,0
DA:112,0
DA:114,0
DA:115,0
DA:121,1
DA:122,0
DA:123,0
DA:124,0
DA:130,1
DA:131,2
DA:132,2
DA:134,2
DA:135,2
DA:136,2
DA:137,2
DA:138,2
DA:139,2
DA:140,2
DA:142,8
DA:143,8
DA:144,0
DA:146,8
DA:147,8
DA:148,8
DA:153,0
DA:154,0
DA:155,0
DA:159,2
DA:160,2
DA:174,2
DA:175,2
DA:178,0
DA:186,1
DA:187,2
DA:188,2
DA:190,2
DA:193,2
DA:206,1
DA:207,0
DA:208,0
DA:209,0
DA:215,0
DA:217,0
DA:237,1
DA:238,2
DA:240,2
DA:241,2
DA:245,2
DA:266,1
DA:269,1
DA:274,1
DA:281,1
DA:283,1
DA:284,1
LF:115
LH:76
BRDA:7,1,0,0
BRDA:7,1,1,1
BRDA:7,2,0,1
BRDA:7,2,1,0
BRDA:7,3,0,0
BRDA:7,3,1,0
BRDA:7,4,0,0
BRDA:7,4,1,0
BRDA:7,4,2,0
BRDA:7,4,3,0
BRDA:27,5,0,0
BRDA:27,5,1,4
BRDA:27,6,0,4
BRDA:27,6,1,4
BRDA:29,7,0,0
BRDA:29,7,1,5
BRDA:29,8,0,5
BRDA:29,8,1,5
BRDA:29,8,2,0
BRDA:31,9,0,0
BRDA:31,9,1,4
BRDA:33,10,0,0
BRDA:33,10,1,1
BRDA:35,11,0,0
BRDA:35,11,1,1
BRDA:35,12,0,0
BRDA:35,12,1,1
BRDA:35,13,0,1
BRDA:35,13,1,0
BRDA:35,13,2,0
BRDA:37,14,0,0
BRDA:37,14,1,1
BRDA:37,15,0,1
BRDA:37,15,1,0
BRDA:37,16,0,1
BRDA:37,16,1,1
BRDA:37,17,0,1
BRDA:37,17,1,0
BRDA:37,18,0,0
BRDA:37,18,1,1
BRDA:59,19,0,0
BRDA:59,19,1,1
BRDA:66,20,0,0
BRDA:66,20,1,0
BRDA:67,21,0,0
BRDA:67,21,1,0
BRDA:82,22,0,0
BRDA:82,22,1,0
BRDA:83,23,0,0
BRDA:83,23,1,0
BRDA:90,24,0,0
BRDA:90,24,1,0
BRDA:111,25,0,0
BRDA:111,25,1,0
BRDA:114,26,0,0
BRDA:114,26,1,0
BRDA:142,27,0,8
BRDA:142,27,1,0
BRDA:143,28,0,0
BRDA:143,28,1,8
BRDA:146,29,0,8
BRDA:146,29,1,0
BRDA:146,30,0,8
BRDA:146,30,1,8
BRDA:147,31,0,8
BRDA:147,31,1,0
BRDA:150,32,0,0
BRDA:150,32,1,8
BRDA:153,33,0,0
BRDA:153,33,1,0
BRDA:166,34,0,2
BRDA:166,34,1,0
BRDA:174,35,0,2
BRDA:174,35,1,0
BRDA:191,36,0,0
BRDA:191,36,1,2
BRDA:208,37,0,0
BRDA:208,37,1,0
BRDA:211,38,0,0
BRDA:211,38,1,0
BRF:80
BRH:30
end_of_record
TN:
SF:/Users/ens/pwd/uxcore/uxcore-table/src/ActionBar/LinkBar.jsx
FN:11,_interopRequireDefault
FN:13,_defaults
FN:15,_classCallCheck
FN:17,_possibleConstructorReturn
FN:19,_inherits
FN:21,(anonymous_6)
FN:24,LinkBar
FN:30,renderActionBtn
FN:33,(anonymous_9)
FN:59,render
FN:68,(anonymous_11)
FNF:11
FNH:8
FNDA:1,_interopRequireDefault
FNDA:1,_defaults
FNDA:1,_classCallCheck
FNDA:1,_possibleConstructorReturn
FNDA:1,_inherits
FNDA:1,(anonymous_6)
FNDA:1,LinkBar
FNDA:0,renderActionBtn
FNDA:0,(anonymous_9)
FNDA:2,render
FNDA:0,(anonymous_11)
DA:3,1
DA:7,1
DA:9,1
DA:11,1
DA:13,5
DA:15,1
DA:17,1
DA:19,1
DA:21,1
DA:22,1
DA:24,1
DA:25,1
DA:27,1
DA:30,1
DA:31,0
DA:32,0
DA:35,0
DA:36,0
DA:37,0
DA:38,0
DA:44,0
DA:51,0
DA:59,1
DA:60,2
DA:61,2
DA:65,2
DA:69,0
DA:74,1
DA:77,1
DA:81,1
DA:85,1
DA:87,1
DA:88,1
LF:33
LH:24
BRDA:11,1,0,0
BRDA:11,1,1,1
BRDA:11,2,0,1
BRDA:11,2,1,1
BRDA:13,3,0,0
BRDA:13,3,1,5
BRDA:13,4,0,5
BRDA:13,4,1,5
BRDA:13,4,2,0
BRDA:15,5,0,0
BRDA:15,5,1,1
BRDA:17,6,0,0
BRDA:17,6,1,1
BRDA:17,7,0,0
BRDA:17,7,1,1
BRDA:17,8,0,1
BRDA:17,8,1,0
BRDA:17,8,2,0
BRDA:19,9,0,0
BRDA:19,9,1,1
BRDA:19,10,0,1
BRDA:19,10,1,0
BRDA:19,11,0,1
BRDA:19,11,1,1
BRDA:19,12,0,1
BRDA:19,12,1,0
BRDA:19,13,0,0
BRDA:19,13,1,1
BRDA:33,14,0,0
BRDA:33,14,1,0
BRDA:37,15,0,0
BRDA:37,15,1,0
BRDA:37,16,0,0
BRDA:37,16,1,0
BRDA:55,17,0,0
BRDA:55,17,1,0
BRF:36
BRH:16
end_of_record
TN:
SF:/Users/ens/pwd/uxcore/uxcore-table/src/methods.js
FN:7,addEmptyRow
FN:11,addRow
FN:15,resetRow
FN:29,delRow
FN:33,editRow
FN:39,viewRow
FN:45,saveRow
FN:52,saveAllRow
FN:66,editAllRow
FN:76,toggleSubComp
FN:94,moveRowUp
FN:117,moveRowDown
FN:140,getData
FN:145,(anonymous_14)
FN:156,(anonymous_15)
FN:170,toggleTreeExpanded
FNF:16
FNH:1
FNDA:0,addEmptyRow
FNDA:0,addRow
FNDA:0,resetRow
FNDA:0,delRow
FNDA:0,editRow
FNDA:0,viewRow
FNDA:0,saveRow
FNDA:0,saveAllRow
FNDA:0,editAllRow
FNDA:2,toggleSubComp
FNDA:0,moveRowUp
FNDA:0,moveRowDown
FNDA:0,getData
FNDA:0,(anonymous_14)
FNDA:0,(anonymous_15)
FNDA:0,toggleTreeExpanded
DA:3,1
DA:4,1
DA:5,1
DA:7,1
DA:8,0
DA:11,1
DA:12,0
DA:15,1
DA:16,0
DA:17,0
DA:18,0
DA:19,0
DA:20,0
DA:21,0
DA:22,0
DA:25,0
DA:26,0
DA:29,1
DA:30,0
DA:33,1
DA:34,0
DA:35,0
DA:36,0
DA:39,1
DA:40,0
DA:41,0
DA:42,0
DA:45,1
DA:46,0
DA:47,0
DA:48,0
DA:49,0
DA:52,1
DA:53,0
DA:54,0
DA:58,0
DA:59,0
DA:60,0
DA:61,0
DA:63,0
DA:66,1
DA:67,0
DA:68,0
DA:69,0
DA:70,0
DA:71,0
DA:73,0
DA:76,1
DA:77,2
DA:78,2
DA:80,2
DA:81,2
DA:82,2
DA:83,2
DA:84,2
DA:85,2
DA:88,2
DA:94,1
DA:95,0
DA:96,0
DA:97,0
DA:98,0
DA:99,0
DA:100,0
DA:101,0
DA:102,0
DA:103,0
DA:106,0
DA:107,0
DA:108,0
DA:109,0
DA:112,0
DA:117,1
DA:118,0
DA:119,0
DA:120,0
DA:121,0
DA:122,0
DA:123,0
DA:124,0
DA:125,0
DA:126,0
DA:129,0
DA:130,0
DA:131,0
DA:132,0
DA:135,0
DA:140,1
DA:141,0
DA:142,0
DA:143,0
DA:144,0
DA:145,0
DA:146,0
DA:148,0
DA:149,0
DA:153,0
DA:155,0
DA:156,0
DA:157,0
DA:159,0
DA:164,0
DA:170,1
DA:171,0
DA:172,0
DA:173,0
DA:178,1
LF:107
LH:27
BRDA:18,1,0,0
BRDA:18,1,1,0
BRDA:20,2,0,0
BRDA:20,2,1,0
BRDA:54,3,0,0
BRDA:54,3,1,0
BRDA:68,4,0,0
BRDA:68,4,1,0
BRDA:78,5,0,2
BRDA:78,5,1,0
BRDA:80,6,0,2
BRDA:80,6,1,0
BRDA:83,7,0,2
BRDA:83,7,1,0
BRDA:96,8,0,0
BRDA:96,8,1,0
BRDA:98,9,0,0
BRDA:98,9,1,0
BRDA:101,10,0,0
BRDA:101,10,1,0
BRDA:106,11,0,0
BRDA:106,11,1,0
BRDA:119,12,0,0
BRDA:119,12,1,0
BRDA:121,13,0,0
BRDA:121,13,1,0
BRDA:124,14,0,0
BRDA:124,14,1,0
BRDA:129,15,0,0
BRDA:129,15,1,0
BRDA:129,16,0,0
BRDA:129,16,1,0
BRDA:143,17,0,0
BRDA:143,17,1,0
BRDA:148,18,0,0
BRDA:148,18,1,0
BRDA:153,19,0,0
BRDA:153,19,1,0
BRF:38
BRH:3
end_of_record
TN:
SF:/Users/ens/pwd/uxcore/uxcore-table/src/createCellField.jsx
FN:3,(anonymous_1)
FN:5,_defaults
FN:7,_defineProperty
FN:9,_classCallCheck
FN:11,_possibleConstructorReturn
FN:13,_inherits
FN:19,Input
FN:20,onChange
FN:30,createCellField
FN:31,(anonymous_10)
FN:34,CustomField
FN:40,renderContent
FN:48,processValue
FN:51,processText
FN:56,(anonymous_15)
FNF:15
FNH:0
FNDA:0,(anonymous_1)
FNDA:0,_defaults
FNDA:0,_defineProperty
FNDA:0,_classCallCheck
FNDA:0,_possibleConstructorReturn
FNDA:0,_inherits
FNDA:0,Input
FNDA:0,onChange
FNDA:0,createCellField
FNDA:0,(anonymous_10)
FNDA:0,CustomField
FNDA:0,renderContent
FNDA:0,processValue
FNDA:0,processText
FNDA:0,(anonymous_15)
DA:3,1
DA:5,1
DA:7,1
DA:9,1
DA:11,1
DA:13,1
DA:15,1
DA:16,1
DA:17,1
DA:19,1
DA:20,0
DA:21,0
DA:25,1
DA:30,1
DA:31,0
DA:32,0
DA:34,1
DA:35,0
DA:37,0
DA:40,0
DA:41,0
DA:43,0
DA:44,0
DA:49,0
DA:52,0
DA:55,0
DA:56,0
DA:57,0
DA:58,0
DA:61,0
DA:68,0
DA:71,0
DA:74,1
LF:33
LH:14
BRDA:3,1,0,1
BRDA:3,1,1,1
BRDA:3,2,0,0
BRDA:3,2,1,0
BRDA:5,3,0,0
BRDA:5,3,1,0
BRDA:5,4,0,0
BRDA:5,4,1,0
BRDA:5,4,2,0
BRDA:7,5,0,0
BRDA:7,5,1,0
BRDA:9,6,0,0
BRDA:9,6,1,0
BRDA:11,7,0,0
BRDA:11,7,1,0
BRDA:11,8,0,0
BRDA:11,8,1,0
BRDA:11,9,0,0
BRDA:11,9,1,0
BRDA:11,9,2,0
BRDA:13,10,0,0
BRDA:13,10,1,0
BRDA:13,11,0,0
BRDA:13,11,1,0
BRDA:13,12,0,0
BRDA:13,12,1,0
BRDA:13,13,0,0
BRDA:13,13,1,0
BRDA:13,14,0,0
BRDA:13,14,1,0
BRDA:65,15,0,0
BRDA:65,15,1,0
BRF:32
BRH:2
end_of_record
