TN:
SF:/Users/ens/pwd/uxcore/uxcore-table/src/index.js
FNF:0
FNH:0
DA:11,1
LF:1
LH:1
BRF:0
BRH:0
end_of_record
TN:
SF:/Users/ens/pwd/uxcore/uxcore-table/src/Table.jsx
FN:3,(anonymous_1)
FN:3,(anonymous_2)
FN:5,(anonymous_3)
FN:7,_defaults
FN:9,_defineProperty
FN:11,_classCallCheck
FN:13,_possibleConstructorReturn
FN:15,_inherits
FN:46,(anonymous_9)
FN:49,Table
FN:73,componentDidMount
FN:84,(anonymous_12)
FN:89,componentWillReceiveProps
FN:116,renderTbody
FN:155,renderHeader
FN:185,getQueryObj
FN:193,(anonymous_17)
FN:235,onPageChange
FN:239,(anonymous_19)
FN:244,getDomNode
FN:248,getPager
FN:252,getIsSelectAll
FN:280,changeTreeSelected
FN:299,(anonymous_24)
FN:306,(anonymous_25)
FN:314,selectAll
FN:339,handleShowSizeChange
FN:344,(anonymous_28)
FN:349,handleColumnPickerChange
FN:388,handleBodyScroll
FN:400,handleOrderColumnCB
FN:405,(anonymous_32)
FN:410,handleActionBarSearch
FN:414,(anonymous_34)
FN:419,processColumn
FN:443,(anonymous_36)
FN:488,fetchData
FN:519,fetchRemoteData
FN:538,(anonymous_39)
FN:550,(anonymous_40)
FN:555,fetchPassedData
FN:565,(anonymous_42)
FN:567,(anonymous_43)
FN:581,fetchLocalData
FN:612,detachCellField
FN:621,attachCellField
FN:636,handleDataChange
FN:658,(anonymous_48)
FN:676,changeSelected
FN:702,(anonymous_50)
FN:705,(anonymous_51)
FN:715,renderPager
FN:753,render
FN:882,addJSXIdsForRecord
FN:886,(anonymous_55)
FN:909,addValuesInData
FN:928,insertRecords
FN:947,updateRecord
FN:960,(anonymous_59)
FN:962,(anonymous_60)
FN:979,(anonymous_61)
FN:991,syncRecord
FN:998,(anonymous_63)
FN:1000,(anonymous_64)
FN:1018,removeRecords
FN:1026,(anonymous_66)
FN:1079,fitResponse
FN:1088,processData
FN:1091,beforeFetch
FN:1094,onFetchError
FN:1097,addRowClassName
FN:1098,onChange
FNF:72
FNH:55
FNDA:0,(anonymous_1)
FNDA:2,(anonymous_2)
FNDA:292,(anonymous_3)
FNDA:1,_defaults
FNDA:576,_defineProperty
FNDA:59,_classCallCheck
FNDA:59,_possibleConstructorReturn
FNDA:1,_inherits
FNDA:1,(anonymous_9)
FNDA:59,Table
FNDA:59,componentDidMount
FNDA:826,(anonymous_12)
FNDA:1,componentWillReceiveProps
FNDA:144,renderTbody
FNDA:144,renderHeader
FNDA:3,getQueryObj
FNDA:0,(anonymous_17)
FNDA:0,onPageChange
FNDA:0,(anonymous_19)
FNDA:4,getDomNode
FNDA:4,getPager
FNDA:144,getIsSelectAll
FNDA:1,changeTreeSelected
FNDA:0,(anonymous_24)
FNDA:1,(anonymous_25)
FNDA:3,selectAll
FNDA:0,handleShowSizeChange
FNDA:0,(anonymous_28)
FNDA:1,handleColumnPickerChange
FNDA:0,handleBodyScroll
FNDA:0,handleOrderColumnCB
FNDA:0,(anonymous_32)
FNDA:0,handleActionBarSearch
FNDA:0,(anonymous_34)
FNDA:59,processColumn
FNDA:166,(anonymous_36)
FNDA:59,fetchData
FNDA:3,fetchRemoteData
FNDA:3,(anonymous_39)
FNDA:0,(anonymous_40)
FNDA:1,fetchPassedData
FNDA:0,(anonymous_42)
FNDA:0,(anonymous_43)
FNDA:50,fetchLocalData
FNDA:3,detachCellField
FNDA:14,attachCellField
FNDA:1,handleDataChange
FNDA:1,(anonymous_48)
FNDA:10,changeSelected
FNDA:10,(anonymous_50)
FNDA:5,(anonymous_51)
FNDA:144,renderPager
FNDA:144,render
FNDA:2,addJSXIdsForRecord
FNDA:2,(anonymous_55)
FNDA:303,addValuesInData
FNDA:2,insertRecords
FNDA:5,updateRecord
FNDA:5,(anonymous_59)
FNDA:5,(anonymous_60)
FNDA:5,(anonymous_61)
FNDA:2,syncRecord
FNDA:2,(anonymous_63)
FNDA:2,(anonymous_64)
FNDA:1,removeRecords
FNDA:1,(anonymous_66)
FNDA:3,fitResponse
FNDA:4,processData
FNDA:1,beforeFetch
FNDA:0,onFetchError
FNDA:165,addRowClassName
FNDA:0,onChange
DA:3,2
DA:5,6138
DA:7,5
DA:9,576
DA:11,59
DA:13,59
DA:15,1
DA:27,1
DA:28,1
DA:29,1
DA:30,1
DA:31,1
DA:32,1
DA:33,1
DA:34,1
DA:35,1
DA:36,1
DA:38,1
DA:39,1
DA:40,1
DA:41,1
DA:42,1
DA:43,1
DA:44,1
DA:46,1
DA:47,1
DA:49,1
DA:50,59
DA:52,59
DA:54,59
DA:55,59
DA:56,59
DA:68,59
DA:69,59
DA:70,59
DA:73,1
DA:74,59
DA:75,59
DA:76,0
DA:78,59
DA:79,1
DA:81,59
DA:82,58
DA:84,59
DA:85,826
DA:89,1
DA:90,1
DA:91,1
DA:92,1
DA:94,1
DA:95,1
DA:97,1
DA:98,0
DA:100,1
DA:101,0
DA:103,1
DA:104,0
DA:105,0
DA:107,1
DA:108,0
DA:110,1
DA:111,0
DA:113,1
DA:116,1
DA:117,144
DA:118,2
DA:121,2
DA:142,142
DA:155,1
DA:156,144
DA:157,0
DA:160,144
DA:161,2
DA:172,142
DA:185,1
DA:186,3
DA:187,3
DA:188,3
DA:189,0
DA:190,0
DA:191,0
DA:193,0
DA:194,0
DA:195,0
DA:202,3
DA:208,3
DA:209,3
DA:210,3
DA:211,0
DA:214,0
DA:215,0
DA:220,3
DA:221,3
DA:222,0
DA:228,3
DA:229,3
DA:232,3
DA:235,1
DA:236,0
DA:237,0
DA:240,0
DA:244,1
DA:245,4
DA:248,1
DA:249,4
DA:252,1
DA:253,144
DA:254,144
DA:255,144
DA:256,124
DA:258,20
DA:259,20
DA:260,20
DA:261,21
DA:262,0
DA:264,21
DA:265,21
DA:266,15
DA:270,20
DA:280,1
DA:281,1
DA:282,1
DA:283,1
DA:284,1
DA:285,1
DA:287,1
DA:288,1
DA:289,0
DA:290,0
DA:293,1
DA:294,1
DA:295,1
DA:298,1
DA:299,0
DA:300,0
DA:304,1
DA:307,1
DA:308,1
DA:309,1
DA:314,1
DA:315,3
DA:316,3
DA:317,3
DA:318,3
DA:320,3
DA:321,3
DA:322,3
DA:323,3
DA:324,3
DA:325,3
DA:326,3
DA:327,3
DA:331,3
DA:332,3
DA:334,3
DA:339,1
DA:340,0
DA:341,0
DA:345,0
DA:349,1
DA:350,1
DA:351,1
DA:352,1
DA:353,1
DA:354,4
DA:355,4
DA:357,4
DA:358,0
DA:359,0
DA:360,0
DA:361,0
DA:363,0
DA:366,0
DA:367,4
DA:369,4
DA:370,1
DA:372,3
DA:377,1
DA:379,1
DA:380,0
DA:383,1
DA:388,1
DA:389,0
DA:390,0
DA:391,0
DA:392,0
DA:393,0
DA:395,0
DA:396,0
DA:400,1
DA:401,0
DA:402,0
DA:406,0
DA:410,1
DA:411,0
DA:412,0
DA:415,0
DA:419,1
DA:420,59
DA:422,59
DA:423,59
DA:424,59
DA:426,59
DA:427,166
DA:429,166
DA:430,0
DA:431,0
DA:433,0
DA:434,0
DA:435,0
DA:436,0
DA:437,0
DA:443,59
DA:444,166
DA:447,59
DA:448,6
DA:454,6
DA:455,6
DA:456,53
DA:458,0
DA:464,59
DA:465,3
DA:470,56
DA:473,1
DA:479,59
DA:488,1
DA:489,59
DA:490,59
DA:492,59
DA:495,59
DA:496,3
DA:497,56
DA:498,1
DA:499,55
DA:500,50
DA:503,5
DA:511,5
DA:512,5
DA:513,5
DA:519,1
DA:520,3
DA:521,3
DA:522,0
DA:524,3
DA:525,3
DA:529,3
DA:530,3
DA:538,3
DA:539,3
DA:540,3
DA:545,3
DA:546,3
DA:548,3
DA:549,3
DA:551,0
DA:555,1
DA:556,1
DA:557,1
DA:558,1
DA:559,1
DA:560,1
DA:563,1
DA:565,0
DA:566,0
DA:567,0
DA:568,0
DA:569,0
DA:572,0
DA:573,0
DA:576,0
DA:581,1
DA:582,50
DA:583,50
DA:584,0
DA:585,0
DA:588,0
DA:589,0
DA:592,0
DA:593,0
DA:596,50
DA:597,50
DA:598,50
DA:603,50
DA:612,1
DA:613,3
DA:621,1
DA:622,14
DA:623,14
DA:624,0
DA:626,14
DA:636,1
DA:637,1
DA:638,1
DA:644,1
DA:645,1
DA:646,1
DA:647,1
DA:648,1
DA:649,1
DA:650,1
DA:651,1
DA:652,1
DA:656,1
DA:659,1
DA:676,1
DA:677,10
DA:678,10
DA:679,10
DA:681,10
DA:682,3
DA:683,6
DA:684,6
DA:685,3
DA:686,3
DA:687,2
DA:691,7
DA:692,7
DA:693,7
DA:694,7
DA:695,7
DA:700,10
DA:703,10
DA:704,4
DA:705,4
DA:706,5
DA:708,4
DA:709,4
DA:715,1
DA:716,144
DA:717,144
DA:721,144
DA:729,144
DA:730,110
DA:750,34
DA:753,1
DA:754,144
DA:756,144
DA:757,144
DA:760,144
DA:763,144
DA:766,144
DA:767,144
DA:769,144
DA:773,144
DA:774,144
DA:777,144
DA:778,144
DA:779,434
DA:780,4
DA:781,4
DA:784,144
DA:785,140
DA:787,4
DA:789,144
DA:815,144
DA:832,144
DA:834,144
DA:835,13
DA:849,13
DA:852,144
DA:882,1
DA:883,2
DA:884,2
DA:885,2
DA:886,2
DA:887,2
DA:888,2
DA:889,2
DA:890,2
DA:892,2
DA:893,2
DA:895,2
DA:898,0
DA:899,0
DA:901,2
DA:909,1
DA:910,303
DA:911,135
DA:912,135
DA:913,135
DA:914,190
DA:915,190
DA:916,190
DA:917,190
DA:918,190
DA:920,135
DA:928,1
DA:929,2
DA:930,2
DA:931,2
DA:932,2
DA:933,2
DA:935,2
DA:936,2
DA:947,1
DA:948,5
DA:950,5
DA:951,0
DA:954,5
DA:955,5
DA:956,2
DA:959,5
DA:960,5
DA:961,5
DA:962,5
DA:963,5
DA:964,5
DA:965,5
DA:966,5
DA:970,5
DA:971,5
DA:972,0
DA:973,0
DA:977,5
DA:980,5
DA:981,2
DA:991,1
DA:992,2
DA:993,2
DA:994,2
DA:995,2
DA:996,1
DA:998,2
DA:999,2
DA:1000,2
DA:1001,2
DA:1002,2
DA:1003,2
DA:1004,2
DA:1005,2
DA:1018,1
DA:1019,1
DA:1020,1
DA:1021,1
DA:1022,1
DA:1023,1
DA:1024,1
DA:1026,1
DA:1027,1
DA:1028,1
DA:1029,1
DA:1030,1
DA:1031,1
DA:1035,1
DA:1036,1
DA:1041,1
DA:1044,1
DA:1080,3
DA:1089,4
DA:1092,1
DA:1095,0
DA:1102,1
DA:1253,1
DA:1254,1
DA:1255,1
DA:1256,1
DA:1258,1
LF:457
LH:377
BRDA:3,1,0,0
BRDA:3,1,1,1
BRDA:3,2,0,1
BRDA:3,2,1,0
BRDA:3,3,0,0
BRDA:3,3,1,2
BRDA:3,4,0,2
BRDA:3,4,1,2
BRDA:3,4,2,0
BRDA:3,4,3,0
BRDA:5,5,0,1
BRDA:5,5,1,1
BRDA:5,6,0,6138
BRDA:5,6,1,0
BRDA:7,7,0,0
BRDA:7,7,1,5
BRDA:7,8,0,5
BRDA:7,8,1,5
BRDA:7,8,2,0
BRDA:9,9,0,0
BRDA:9,9,1,576
BRDA:11,10,0,0
BRDA:11,10,1,59
BRDA:13,11,0,0
BRDA:13,11,1,59
BRDA:13,12,0,0
BRDA:13,12,1,59
BRDA:13,13,0,59
BRDA:13,13,1,0
BRDA:13,13,2,0
BRDA:15,14,0,0
BRDA:15,14,1,1
BRDA:15,15,0,1
BRDA:15,15,1,0
BRDA:15,16,0,1
BRDA:15,16,1,1
BRDA:15,17,0,1
BRDA:15,17,1,0
BRDA:15,18,0,0
BRDA:15,18,1,1
BRDA:75,19,0,0
BRDA:75,19,1,59
BRDA:75,20,0,59
BRDA:75,20,1,49
BRDA:78,21,0,1
BRDA:78,21,1,58
BRDA:81,22,0,58
BRDA:81,22,1,1
BRDA:92,23,0,1
BRDA:92,23,1,0
BRDA:92,24,0,1
BRDA:92,24,1,1
BRDA:97,25,0,0
BRDA:97,25,1,1
BRDA:100,26,0,0
BRDA:100,26,1,1
BRDA:103,27,0,0
BRDA:103,27,1,1
BRDA:103,28,0,1
BRDA:103,28,1,1
BRDA:107,29,0,0
BRDA:107,29,1,1
BRDA:110,30,0,0
BRDA:110,30,1,1
BRDA:110,31,0,1
BRDA:110,31,1,1
BRDA:117,32,0,2
BRDA:117,32,1,142
BRDA:156,33,0,0
BRDA:156,33,1,144
BRDA:160,34,0,2
BRDA:160,34,1,142
BRDA:188,35,0,0
BRDA:188,35,1,3
BRDA:190,36,0,0
BRDA:190,36,1,0
BRDA:194,37,0,0
BRDA:194,37,1,0
BRDA:210,38,0,0
BRDA:210,38,1,3
BRDA:214,39,0,0
BRDA:214,39,1,0
BRDA:214,40,0,0
BRDA:214,40,1,0
BRDA:221,41,0,0
BRDA:221,41,1,3
BRDA:228,42,0,3
BRDA:228,42,1,0
BRDA:255,43,0,124
BRDA:255,43,1,20
BRDA:255,44,0,144
BRDA:255,44,1,20
BRDA:261,45,0,0
BRDA:261,45,1,21
BRDA:261,46,0,21
BRDA:261,46,1,0
BRDA:261,46,2,21
BRDA:265,47,0,15
BRDA:265,47,1,6
BRDA:308,48,0,1
BRDA:308,48,1,0
BRDA:308,49,0,1
BRDA:308,49,1,1
BRDA:317,50,0,3
BRDA:317,50,1,3
BRDA:325,51,0,3
BRDA:325,51,1,0
BRDA:325,52,0,3
BRDA:325,52,1,0
BRDA:325,52,2,3
BRDA:331,53,0,3
BRDA:331,53,1,0
BRDA:331,54,0,3
BRDA:331,54,1,3
BRDA:332,55,0,2
BRDA:332,55,1,1
BRDA:355,56,0,4
BRDA:355,56,1,0
BRDA:357,57,0,0
BRDA:357,57,1,4
BRDA:357,58,0,4
BRDA:357,58,1,0
BRDA:360,59,0,0
BRDA:360,59,1,0
BRDA:367,60,0,4
BRDA:367,60,1,0
BRDA:369,61,0,1
BRDA:369,61,1,3
BRDA:369,62,0,4
BRDA:369,62,1,3
BRDA:379,63,0,0
BRDA:379,63,1,1
BRDA:390,64,0,0
BRDA:390,64,1,0
BRDA:392,65,0,0
BRDA:392,65,1,0
BRDA:395,66,0,0
BRDA:395,66,1,0
BRDA:395,67,0,0
BRDA:395,67,1,0
BRDA:420,68,0,59
BRDA:420,68,1,59
BRDA:429,69,0,0
BRDA:429,69,1,166
BRDA:429,70,0,166
BRDA:429,70,1,166
BRDA:429,70,2,166
BRDA:430,71,0,0
BRDA:430,71,1,0
BRDA:436,72,0,0
BRDA:436,72,1,0
BRDA:436,73,0,0
BRDA:436,73,1,0
BRDA:437,74,0,0
BRDA:437,74,1,0
BRDA:444,75,0,166
BRDA:444,75,1,166
BRDA:447,76,0,6
BRDA:447,76,1,53
BRDA:447,77,0,59
BRDA:447,77,1,6
BRDA:456,78,0,0
BRDA:456,78,1,53
BRDA:464,79,0,3
BRDA:464,79,1,56
BRDA:464,80,0,59
BRDA:464,80,1,58
BRDA:464,80,2,3
BRDA:470,81,0,1
BRDA:470,81,1,55
BRDA:490,82,0,59
BRDA:490,82,1,58
BRDA:495,83,0,3
BRDA:495,83,1,56
BRDA:497,84,0,1
BRDA:497,84,1,55
BRDA:499,85,0,50
BRDA:499,85,1,5
BRDA:521,86,0,0
BRDA:521,86,1,3
BRDA:524,87,0,3
BRDA:524,87,1,0
BRDA:529,88,0,3
BRDA:529,88,1,0
BRDA:545,89,0,3
BRDA:545,89,1,0
BRDA:558,90,0,1
BRDA:558,90,1,0
BRDA:568,91,0,0
BRDA:568,91,1,0
BRDA:583,92,0,0
BRDA:583,92,1,50
BRDA:584,93,0,0
BRDA:584,93,1,0
BRDA:584,94,0,0
BRDA:584,94,1,0
BRDA:588,95,0,0
BRDA:588,95,1,0
BRDA:588,96,0,0
BRDA:588,96,1,0
BRDA:592,97,0,0
BRDA:592,97,1,0
BRDA:592,98,0,0
BRDA:592,98,1,0
BRDA:597,99,0,50
BRDA:597,99,1,50
BRDA:597,99,2,6
BRDA:623,100,0,0
BRDA:623,100,1,14
BRDA:645,101,0,1
BRDA:645,101,1,1
BRDA:649,102,0,1
BRDA:649,102,1,0
BRDA:679,103,0,10
BRDA:679,103,1,10
BRDA:681,104,0,3
BRDA:681,104,1,7
BRDA:684,105,0,3
BRDA:684,105,1,3
BRDA:686,106,0,2
BRDA:686,106,1,1
BRDA:693,107,0,7
BRDA:693,107,1,0
BRDA:703,108,0,4
BRDA:703,108,1,6
BRDA:704,109,0,4
BRDA:704,109,1,4
BRDA:708,110,0,4
BRDA:708,110,1,0
BRDA:708,111,0,4
BRDA:708,111,1,4
BRDA:729,112,0,110
BRDA:729,112,1,34
BRDA:729,113,0,144
BRDA:729,113,1,142
BRDA:729,113,2,129
BRDA:766,114,0,131
BRDA:766,114,1,13
BRDA:766,115,0,131
BRDA:766,115,1,128
BRDA:770,116,0,2
BRDA:770,116,1,142
BRDA:773,117,0,4
BRDA:773,117,1,140
BRDA:773,118,0,144
BRDA:773,118,1,142
BRDA:774,119,0,110
BRDA:774,119,1,34
BRDA:774,120,0,144
BRDA:774,120,1,142
BRDA:774,120,2,129
BRDA:779,121,0,4
BRDA:779,121,1,430
BRDA:784,122,0,140
BRDA:784,122,1,4
BRDA:787,123,0,0
BRDA:787,123,1,4
BRDA:787,124,0,4
BRDA:787,124,1,4
BRDA:787,125,0,0
BRDA:787,125,1,4
BRDA:834,126,0,13
BRDA:834,126,1,131
BRDA:834,127,0,144
BRDA:834,127,1,142
BRDA:834,127,2,140
BRDA:834,127,3,138
BRDA:865,128,0,2
BRDA:865,128,1,142
BRDA:885,129,0,2
BRDA:885,129,1,0
BRDA:888,130,0,2
BRDA:888,130,1,0
BRDA:888,131,0,2
BRDA:888,131,1,0
BRDA:892,132,0,2
BRDA:892,132,1,0
BRDA:910,133,0,168
BRDA:910,133,1,135
BRDA:910,134,0,303
BRDA:910,134,1,293
BRDA:910,134,2,290
BRDA:912,135,0,135
BRDA:912,135,1,132
BRDA:917,136,0,190
BRDA:917,136,1,168
BRDA:929,137,0,0
BRDA:929,137,1,2
BRDA:929,138,0,0
BRDA:929,138,1,2
BRDA:932,139,0,2
BRDA:932,139,1,0
BRDA:950,140,0,0
BRDA:950,140,1,5
BRDA:955,141,0,2
BRDA:955,141,1,3
BRDA:959,142,0,5
BRDA:959,142,1,0
BRDA:959,143,0,5
BRDA:959,143,1,0
BRDA:961,144,0,5
BRDA:961,144,1,0
BRDA:964,145,0,5
BRDA:964,145,1,0
BRDA:970,146,0,5
BRDA:970,146,1,0
BRDA:972,147,0,0
BRDA:972,147,1,0
BRDA:980,148,0,2
BRDA:980,148,1,3
BRDA:993,149,0,2
BRDA:993,149,1,0
BRDA:995,150,0,1
BRDA:995,150,1,1
BRDA:999,151,0,2
BRDA:999,151,1,0
BRDA:1003,152,0,2
BRDA:1003,152,1,0
BRDA:1021,153,0,1
BRDA:1021,153,1,0
BRDA:1023,154,0,1
BRDA:1023,154,1,0
BRDA:1029,155,0,1
BRDA:1029,155,1,0
BRDA:1082,156,0,0
BRDA:1082,156,1,3
BRDA:1084,157,0,3
BRDA:1084,157,1,0
BRF:328
BRH:210
end_of_record
TN:
SF:/Users/ens/pwd/uxcore/uxcore-table/src/Mask.jsx
FN:7,_defineProperty
FN:17,Mask
FNF:2
FNH:2
FNDA:288,_defineProperty
FNDA:144,Mask
DA:3,1
DA:7,288
DA:14,1
DA:15,1
DA:17,1
DA:18,144
DA:20,144
DA:23,144
DA:24,144
DA:40,1
DA:46,1
DA:51,1
DA:52,1
LF:13
LH:13
BRDA:7,1,0,0
BRDA:7,1,1,288
BRF:2
BRH:1
end_of_record
TN:
SF:/Users/ens/pwd/uxcore/uxcore-table/src/util.js
FN:7,(anonymous_1)
FN:7,(anonymous_2)
FN:17,_interopRequireDefault
FN:19,mergeData
FN:32,saveRef
FN:33,(anonymous_6)
FN:41,changeValueR
FN:51,hasFixColumn
FN:52,(anonymous_9)
FN:64,isRowHalfChecked
FN:66,(anonymous_11)
FN:78,getAllSelectedRows
FN:108,getSelectedKeys
FN:111,(anonymous_14)
FN:119,(anonymous_15)
FN:127,getConsts
FN:133,getDefaultExpandedKeys
FN:138,(anonymous_18)
FN:149,getIEVer
FN:167,toggleItemInArr
FN:176,formatValue
FNF:21
FNH:18
FNDA:0,(anonymous_1)
FNDA:2,(anonymous_2)
FNDA:2,_interopRequireDefault
FNDA:2,mergeData
FNDA:400,saveRef
FNDA:634,(anonymous_6)
FNDA:8,changeValueR
FNDA:59,hasFixColumn
FNDA:166,(anonymous_9)
FNDA:20,isRowHalfChecked
FNDA:12,(anonymous_11)
FNDA:1,getAllSelectedRows
FNDA:10,getSelectedKeys
FNDA:34,(anonymous_14)
FNDA:36,(anonymous_15)
FNDA:8,getConsts
FNDA:55,getDefaultExpandedKeys
FNDA:58,(anonymous_18)
FNDA:2,getIEVer
FNDA:0,toggleItemInArr
FNDA:0,formatValue
DA:3,1
DA:7,2
DA:9,1
DA:11,1
DA:13,1
DA:15,1
DA:17,2
DA:19,1
DA:20,2
DA:22,2
DA:23,0
DA:24,2
DA:25,2
DA:27,2
DA:28,2
DA:32,1
DA:33,400
DA:34,634
DA:41,1
DA:42,8
DA:43,4
DA:44,7
DA:45,7
DA:46,7
DA:51,1
DA:52,59
DA:53,166
DA:54,1
DA:56,165
DA:58,59
DA:59,1
DA:61,58
DA:64,1
DA:65,20
DA:66,8
DA:67,12
DA:68,0
DA:70,12
DA:72,8
DA:74,12
DA:78,1
DA:79,1
DA:80,1
DA:82,1
DA:83,1
DA:84,9
DA:85,9
DA:86,8
DA:88,9
DA:89,5
DA:92,1
DA:108,1
DA:109,10
DA:110,10
DA:111,10
DA:112,34
DA:113,34
DA:114,2
DA:116,32
DA:119,10
DA:120,36
DA:121,28
DA:124,10
DA:127,1
DA:128,8
DA:133,1
DA:134,55
DA:136,55
DA:137,55
DA:138,52
DA:139,58
DA:140,2
DA:141,2
DA:145,55
DA:148,1
DA:150,2
DA:151,2
DA:152,2
DA:153,2
DA:156,0
DA:158,2
DA:161,0
DA:163,2
DA:165,0
DA:168,0
DA:169,0
DA:170,0
DA:172,0
DA:174,0
DA:177,0
DA:178,0
DA:179,0
DA:181,0
DA:182,0
DA:183,0
DA:184,0
DA:185,0
DA:186,0
DA:187,0
DA:189,0
DA:202,1
DA:203,1
LF:102
LH:81
BRDA:7,1,0,0
BRDA:7,1,1,1
BRDA:7,2,0,1
BRDA:7,2,1,0
BRDA:7,3,0,0
BRDA:7,3,1,2
BRDA:7,4,0,2
BRDA:7,4,1,2
BRDA:7,4,2,0
BRDA:7,4,3,0
BRDA:17,5,0,0
BRDA:17,5,1,2
BRDA:17,6,0,2
BRDA:17,6,1,2
BRDA:22,7,0,0
BRDA:22,7,1,2
BRDA:24,8,0,2
BRDA:24,8,1,0
BRDA:42,9,0,4
BRDA:42,9,1,4
BRDA:42,10,0,8
BRDA:42,10,1,4
BRDA:53,11,0,1
BRDA:53,11,1,165
BRDA:58,12,0,1
BRDA:58,12,1,58
BRDA:65,13,0,8
BRDA:65,13,1,12
BRDA:67,14,0,0
BRDA:67,14,1,12
BRDA:85,15,0,8
BRDA:85,15,1,1
BRDA:88,16,0,5
BRDA:88,16,1,4
BRDA:112,17,0,34
BRDA:112,17,1,2
BRDA:113,18,0,2
BRDA:113,18,1,32
BRDA:120,19,0,28
BRDA:120,19,1,8
BRDA:134,20,0,2
BRDA:134,20,1,53
BRDA:134,21,0,55
BRDA:134,21,1,2
BRDA:137,22,0,52
BRDA:137,22,1,3
BRDA:139,23,0,2
BRDA:139,23,1,56
BRDA:150,24,0,2
BRDA:150,24,1,0
BRDA:153,25,0,0
BRDA:153,25,1,2
BRDA:158,26,0,0
BRDA:158,26,1,2
BRDA:169,27,0,0
BRDA:169,27,1,0
BRDA:177,28,0,0
BRDA:177,28,1,0
BRDA:178,29,0,0
BRDA:178,29,1,0
BRDA:178,30,0,0
BRDA:178,30,1,0
BRDA:182,31,0,0
BRDA:182,31,1,0
BRDA:184,32,0,0
BRDA:184,32,1,0
BRDA:186,33,0,0
BRDA:186,33,1,0
BRF:68
BRH:42
end_of_record
TN:
SF:/Users/ens/pwd/uxcore/uxcore-table/src/Header/index.jsx
FN:3,(anonymous_1)
FN:3,(anonymous_2)
FN:5,_defaults
FN:7,_defineProperty
FN:9,_classCallCheck
FN:11,_possibleConstructorReturn
FN:13,_inherits
FN:25,(anonymous_8)
FN:28,Header
FN:39,getDomNode
FN:43,saveRef
FN:45,(anonymous_12)
FN:51,handleColumnOrder
FN:72,handleCheckBoxChange
FN:77,renderOrderIcon
FN:103,renderMessageIcon
FN:121,renderColumn
FN:191,renderIndent
FN:211,renderColumns
FN:213,(anonymous_20)
FN:218,(anonymous_21)
FN:230,(anonymous_22)
FN:242,render
FN:251,(anonymous_24)
FN:264,(anonymous_25)
FNF:25
FNH:22
FNDA:0,(anonymous_1)
FNDA:4,(anonymous_2)
FNDA:1,_defaults
FNDA:176,_defineProperty
FNDA:60,_classCallCheck
FNDA:60,_possibleConstructorReturn
FNDA:1,_inherits
FNDA:1,(anonymous_8)
FNDA:60,Header
FNDA:0,getDomNode
FNDA:160,saveRef
FNDA:256,(anonymous_12)
FNDA:0,handleColumnOrder
FNDA:3,handleCheckBoxChange
FNDA:410,renderOrderIcon
FNDA:410,renderMessageIcon
FNDA:438,renderColumn
FNDA:410,renderIndent
FNDA:146,renderColumns
FNDA:434,(anonymous_20)
FNDA:4,(anonymous_21)
FNDA:8,(anonymous_22)
FNDA:146,render
FNDA:2,(anonymous_24)
FNDA:2,(anonymous_25)
DA:3,4
DA:5,5
DA:7,176
DA:9,60
DA:11,60
DA:13,1
DA:18,1
DA:19,1
DA:20,1
DA:21,1
DA:22,1
DA:23,1
DA:25,1
DA:26,1
DA:28,1
DA:29,60
DA:31,60
DA:33,60
DA:36,60
DA:39,1
DA:40,0
DA:43,1
DA:44,160
DA:45,160
DA:46,256
DA:47,256
DA:51,1
DA:52,0
DA:53,0
DA:58,0
DA:59,0
DA:64,0
DA:65,0
DA:67,0
DA:68,0
DA:72,1
DA:73,3
DA:74,3
DA:77,1
DA:78,410
DA:79,410
DA:83,410
DA:84,44
DA:86,44
DA:87,44
DA:88,44
DA:89,44
DA:100,366
DA:103,1
DA:104,410
DA:105,410
DA:107,0
DA:121,1
DA:122,438
DA:123,438
DA:125,438
DA:126,438
DA:127,28
DA:128,28
DA:130,410
DA:131,410
DA:135,410
DA:136,410
DA:137,4
DA:143,410
DA:144,14
DA:150,14
DA:157,14
DA:159,396
DA:160,396
DA:161,396
DA:168,410
DA:169,165
DA:174,410
DA:191,1
DA:192,410
DA:193,383
DA:195,27
DA:196,27
DA:200,27
DA:201,9
DA:208,18
DA:211,1
DA:212,146
DA:213,146
DA:214,434
DA:215,434
DA:218,4
DA:219,4
DA:221,4
DA:222,4
DA:231,8
DA:235,0
DA:237,430
DA:239,146
DA:242,1
DA:243,146
DA:244,146
DA:245,146
DA:246,146
DA:247,146
DA:248,146
DA:250,146
DA:251,2
DA:252,2
DA:253,2
DA:254,2
DA:256,0
DA:258,2
DA:262,2
DA:263,144
DA:264,2
DA:265,2
DA:266,0
DA:267,2
DA:268,2
DA:270,2
DA:272,2
DA:276,2
DA:278,142
DA:279,142
DA:281,146
DA:282,146
DA:283,434
DA:284,4
DA:285,4
DA:288,146
DA:289,146
DA:293,146
DA:304,1
DA:307,1
DA:312,1
DA:316,1
LF:133
LH:120
BRDA:3,1,0,0
BRDA:3,1,1,1
BRDA:3,2,0,1
BRDA:3,2,1,0
BRDA:3,3,0,0
BRDA:3,3,1,4
BRDA:3,4,0,4
BRDA:3,4,1,4
BRDA:3,4,2,0
BRDA:3,4,3,0
BRDA:5,5,0,0
BRDA:5,5,1,5
BRDA:5,6,0,5
BRDA:5,6,1,5
BRDA:5,6,2,0
BRDA:7,7,0,0
BRDA:7,7,1,176
BRDA:9,8,0,0
BRDA:9,8,1,60
BRDA:11,9,0,0
BRDA:11,9,1,60
BRDA:11,10,0,0
BRDA:11,10,1,60
BRDA:11,11,0,60
BRDA:11,11,1,0
BRDA:11,11,2,0
BRDA:13,12,0,0
BRDA:13,12,1,1
BRDA:13,13,0,1
BRDA:13,13,1,0
BRDA:13,14,0,1
BRDA:13,14,1,1
BRDA:13,15,0,1
BRDA:13,15,1,0
BRDA:13,16,0,0
BRDA:13,16,1,1
BRDA:64,17,0,0
BRDA:64,17,1,0
BRDA:64,18,0,0
BRDA:64,18,1,0
BRDA:64,18,2,0
BRDA:67,19,0,0
BRDA:67,19,1,0
BRDA:83,20,0,44
BRDA:83,20,1,366
BRDA:88,21,0,44
BRDA:88,21,1,0
BRDA:93,22,0,44
BRDA:93,22,1,0
BRDA:96,23,0,44
BRDA:96,23,1,0
BRDA:104,24,0,410
BRDA:104,24,1,0
BRDA:125,25,0,438
BRDA:125,25,1,20
BRDA:126,26,0,28
BRDA:126,26,1,410
BRDA:126,27,0,438
BRDA:126,27,1,413
BRDA:132,28,0,273
BRDA:132,28,1,137
BRDA:133,29,0,17
BRDA:133,29,1,393
BRDA:136,30,0,4
BRDA:136,30,1,406
BRDA:143,31,0,14
BRDA:143,31,1,396
BRDA:143,32,0,410
BRDA:143,32,1,410
BRDA:147,33,0,14
BRDA:147,33,1,0
BRDA:153,34,0,14
BRDA:153,34,1,0
BRDA:159,35,0,0
BRDA:159,35,1,396
BRDA:160,36,0,0
BRDA:160,36,1,396
BRDA:168,37,0,165
BRDA:168,37,1,245
BRDA:168,38,0,410
BRDA:168,38,1,382
BRDA:192,39,0,383
BRDA:192,39,1,27
BRDA:200,40,0,9
BRDA:200,40,1,18
BRDA:215,41,0,4
BRDA:215,41,1,430
BRDA:215,42,0,434
BRDA:215,42,1,4
BRDA:221,43,0,4
BRDA:221,43,1,0
BRDA:250,44,0,2
BRDA:250,44,1,144
BRDA:252,45,0,2
BRDA:252,45,1,0
BRDA:252,46,0,2
BRDA:252,46,1,2
BRDA:263,47,0,2
BRDA:263,47,1,142
BRDA:265,48,0,0
BRDA:265,48,1,2
BRDA:267,49,0,2
BRDA:267,49,1,0
BRDA:273,50,0,0
BRDA:273,50,1,2
BRDA:274,51,0,0
BRDA:274,51,1,2
BRDA:283,52,0,4
BRDA:283,52,1,430
BRDA:288,53,0,4
BRDA:288,53,1,142
BRDA:290,54,0,0
BRDA:290,54,1,146
BRDA:291,55,0,0
BRDA:291,55,1,146
BRF:115
BRH:75
end_of_record
TN:
SF:/Users/ens/pwd/uxcore/uxcore-table/src/Cell/CheckBox.jsx
FN:3,(anonymous_1)
FN:5,_defaults
FN:7,_defineProperty
FN:9,_classCallCheck
FN:11,_possibleConstructorReturn
FN:13,_inherits
FN:23,(anonymous_7)
FN:26,CheckBox
FN:32,getValue
FN:36,handleChange
FN:40,handleClick
FN:49,renderHalfChecked
FN:57,renderCheckBox
FN:67,ref
FN:74,render
FNF:15
FNH:13
FNDA:40,(anonymous_1)
FNDA:1,_defaults
FNDA:40,_defineProperty
FNDA:16,_classCallCheck
FNDA:16,_possibleConstructorReturn
FNDA:1,_inherits
FNDA:1,(anonymous_7)
FNDA:16,CheckBox
FNDA:3,getValue
FNDA:7,handleChange
FNDA:0,handleClick
FNDA:0,renderHalfChecked
FNDA:40,renderCheckBox
FNDA:64,ref
FNDA:40,render
DA:3,120
DA:5,5
DA:7,40
DA:9,16
DA:11,16
DA:13,1
DA:19,1
DA:20,1
DA:21,1
DA:23,1
DA:24,1
DA:26,1
DA:27,16
DA:29,16
DA:32,1
DA:33,3
DA:36,1
DA:37,7
DA:40,1
DA:42,0
DA:49,1
DA:50,0
DA:57,1
DA:58,40
DA:60,40
DA:68,64
DA:74,1
DA:75,40
DA:76,40
DA:77,0
DA:79,40
DA:84,40
DA:85,0
DA:87,40
DA:90,1
DA:93,1
DA:99,1
DA:101,1
LF:38
LH:34
BRDA:3,1,0,1
BRDA:3,1,1,1
BRDA:3,2,0,120
BRDA:3,2,1,0
BRDA:5,3,0,0
BRDA:5,3,1,5
BRDA:5,4,0,5
BRDA:5,4,1,5
BRDA:5,4,2,0
BRDA:7,5,0,0
BRDA:7,5,1,40
BRDA:9,6,0,0
BRDA:9,6,1,16
BRDA:11,7,0,0
BRDA:11,7,1,16
BRDA:11,8,0,0
BRDA:11,8,1,16
BRDA:11,9,0,16
BRDA:11,9,1,0
BRDA:11,9,2,0
BRDA:13,10,0,0
BRDA:13,10,1,1
BRDA:13,11,0,1
BRDA:13,11,1,0
BRDA:13,12,0,1
BRDA:13,12,1,1
BRDA:13,13,0,1
BRDA:13,13,1,0
BRDA:13,14,0,0
BRDA:13,14,1,1
BRDA:76,15,0,0
BRDA:76,15,1,40
BRDA:84,16,0,0
BRDA:84,16,1,40
BRDA:84,17,0,40
BRDA:84,17,1,40
BRF:36
BRH:21
end_of_record
TN:
SF:/Users/ens/pwd/uxcore/uxcore-table/src/Tbody.jsx
FN:7,_defaults
FN:9,_classCallCheck
FN:11,_possibleConstructorReturn
FN:13,_inherits
FN:27,(anonymous_5)
FN:30,Tbody
FN:39,componentDidMount
FN:46,componentWillUnmount
FN:51,onScroll
FN:59,(anonymous_10)
FN:66,getDomNode
FN:70,saveRef
FN:72,func
FN:77,renderEmptyData
FN:92,render
FN:102,(anonymous_16)
FN:115,(anonymous_17)
FN:146,(anonymous_18)
FNF:18
FNH:14
FNDA:1,_defaults
FNDA:60,_classCallCheck
FNDA:60,_possibleConstructorReturn
FNDA:1,_inherits
FNDA:1,(anonymous_5)
FNDA:60,Tbody
FNDA:60,componentDidMount
FNDA:0,componentWillUnmount
FNDA:0,onScroll
FNDA:0,(anonymous_10)
FNDA:0,getDomNode
FNDA:146,saveRef
FNDA:232,func
FNDA:146,renderEmptyData
FNDA:146,render
FNDA:2,(anonymous_16)
FNDA:2,(anonymous_17)
FNDA:168,(anonymous_18)
DA:3,1
DA:7,5
DA:9,60
DA:11,60
DA:13,1
DA:19,1
DA:20,1
DA:21,1
DA:22,1
DA:23,1
DA:24,1
DA:25,1
DA:27,1
DA:28,1
DA:30,1
DA:31,60
DA:33,60
DA:35,60
DA:36,60
DA:39,1
DA:40,60
DA:41,60
DA:42,60
DA:43,60
DA:46,1
DA:47,0
DA:48,0
DA:51,1
DA:52,0
DA:53,0
DA:55,0
DA:56,0
DA:57,0
DA:59,0
DA:60,0
DA:62,0
DA:66,1
DA:67,0
DA:70,1
DA:71,146
DA:72,146
DA:73,232
DA:77,1
DA:78,146
DA:79,13
DA:80,13
DA:81,2
DA:83,13
DA:89,133
DA:92,1
DA:93,146
DA:94,146
DA:95,146
DA:96,146
DA:97,146
DA:98,146
DA:99,146
DA:101,146
DA:102,2
DA:103,2
DA:104,2
DA:105,2
DA:107,0
DA:109,2
DA:113,2
DA:114,144
DA:115,2
DA:116,2
DA:117,0
DA:118,2
DA:119,2
DA:121,2
DA:124,2
DA:127,2
DA:128,0
DA:130,2
DA:131,2
DA:135,2
DA:137,142
DA:139,146
DA:147,168
DA:175,168
DA:181,1
DA:184,1
DA:192,1
DA:196,1
DA:197,1
LF:87
LH:73
BRDA:7,1,0,0
BRDA:7,1,1,5
BRDA:7,2,0,5
BRDA:7,2,1,5
BRDA:7,2,2,0
BRDA:9,3,0,0
BRDA:9,3,1,60
BRDA:11,4,0,0
BRDA:11,4,1,60
BRDA:11,5,0,0
BRDA:11,5,1,60
BRDA:11,6,0,60
BRDA:11,6,1,0
BRDA:11,6,2,0
BRDA:13,7,0,0
BRDA:13,7,1,1
BRDA:13,8,0,1
BRDA:13,8,1,0
BRDA:13,9,0,1
BRDA:13,9,1,1
BRDA:13,10,0,1
BRDA:13,10,1,0
BRDA:13,11,0,0
BRDA:13,11,1,1
BRDA:55,12,0,0
BRDA:55,12,1,0
BRDA:56,13,0,0
BRDA:56,13,1,0
BRDA:78,14,0,13
BRDA:78,14,1,133
BRDA:78,15,0,146
BRDA:78,15,1,16
BRDA:80,16,0,2
BRDA:80,16,1,11
BRDA:95,17,0,130
BRDA:95,17,1,16
BRDA:101,18,0,2
BRDA:101,18,1,144
BRDA:103,19,0,2
BRDA:103,19,1,0
BRDA:103,20,0,2
BRDA:103,20,1,2
BRDA:114,21,0,2
BRDA:114,21,1,142
BRDA:116,22,0,0
BRDA:116,22,1,2
BRDA:118,23,0,2
BRDA:118,23,1,0
BRDA:127,24,0,0
BRDA:127,24,1,2
BRDA:130,25,0,0
BRDA:130,25,1,2
BRF:52
BRH:32
end_of_record
TN:
SF:/Users/ens/pwd/uxcore/uxcore-table/src/Row.jsx
FN:7,_defaults
FN:9,_defineProperty
FN:11,_classCallCheck
FN:13,_possibleConstructorReturn
FN:15,_inherits
FN:30,(anonymous_6)
FN:33,Row
FN:39,shouldComponentUpdate
FN:48,(anonymous_9)
FN:54,(anonymous_10)
FN:63,handleClick
FN:65,handleDoubleClick
FN:72,handleTreeCheckChange
FN:77,showSubCompFunc
FN:82,toggleExpanded
FN:90,renderSubComp
FN:124,renderChild
FN:133,(anonymous_18)
FN:162,renderExpandIcon
FN:193,renderIndent
FN:208,renderTreeRowSelector
FN:231,render
FN:247,(anonymous_23)
FN:268,(anonymous_24)
FNF:24
FNH:22
FNDA:1,_defaults
FNDA:660,_defineProperty
FNDA:118,_classCallCheck
FNDA:118,_possibleConstructorReturn
FNDA:1,_inherits
FNDA:1,(anonymous_6)
FNDA:118,Row
FNDA:99,shouldComponentUpdate
FNDA:1089,(anonymous_9)
FNDA:445,(anonymous_10)
FNDA:2,handleClick
FNDA:0,handleDoubleClick
FNDA:1,handleTreeCheckChange
FNDA:2,showSubCompFunc
FNDA:0,toggleExpanded
FNDA:165,renderSubComp
FNDA:165,renderChild
FNDA:49,(anonymous_18)
FNDA:159,renderExpandIcon
FNDA:159,renderIndent
FNDA:159,renderTreeRowSelector
FNDA:165,render
FNDA:581,(anonymous_23)
FNDA:583,(anonymous_24)
DA:3,1
DA:7,5
DA:9,660
DA:11,118
DA:13,118
DA:15,1
DA:20,1
DA:21,1
DA:22,1
DA:23,1
DA:24,1
DA:25,1
DA:26,1
DA:28,1
DA:30,1
DA:31,1
DA:33,1
DA:34,118
DA:36,118
DA:39,1
DA:45,99
DA:46,99
DA:48,99
DA:49,1089
DA:50,10
DA:53,99
DA:54,89
DA:55,445
DA:56,37
DA:60,99
DA:63,1
DA:65,1
DA:66,0
DA:67,0
DA:68,0
DA:72,1
DA:73,1
DA:74,1
DA:77,1
DA:78,2
DA:79,2
DA:82,1
DA:83,0
DA:84,0
DA:85,0
DA:87,0
DA:90,1
DA:91,165
DA:93,165
DA:94,56
DA:96,109
DA:97,2
DA:98,1
DA:103,1
DA:109,1
DA:110,107
DA:111,4
DA:112,4
DA:113,2
DA:119,2
DA:121,103
DA:124,1
DA:125,165
DA:126,165
DA:127,165
DA:129,165
DA:130,109
DA:132,56
DA:133,28
DA:134,49
DA:144,49
DA:147,28
DA:152,28
DA:159,56
DA:162,1
DA:163,159
DA:164,159
DA:165,159
DA:167,159
DA:168,103
DA:171,56
DA:172,28
DA:177,28
DA:188,28
DA:190,56
DA:193,1
DA:194,159
DA:195,159
DA:196,56
DA:197,84
DA:201,84
DA:205,159
DA:208,1
DA:209,159
DA:210,143
DA:212,16
DA:213,16
DA:218,16
DA:219,16
DA:220,16
DA:221,8
DA:223,16
DA:231,1
DA:232,165
DA:234,165
DA:235,165
DA:236,165
DA:237,165
DA:238,165
DA:239,165
DA:241,165
DA:242,43
DA:247,165
DA:248,581
DA:249,2
DA:251,579
DA:255,165
DA:257,165
DA:269,583
DA:270,583
DA:271,83
DA:273,500
DA:274,500
DA:275,500
DA:276,492
DA:278,500
DA:299,500
DA:300,159
DA:309,341
DA:317,1
DA:320,1
DA:334,1
DA:339,1
DA:340,1
LF:134
LH:127
BRDA:7,1,0,0
BRDA:7,1,1,5
BRDA:7,2,0,5
BRDA:7,2,1,5
BRDA:7,2,2,0
BRDA:9,3,0,0
BRDA:9,3,1,660
BRDA:11,4,0,0
BRDA:11,4,1,118
BRDA:13,5,0,0
BRDA:13,5,1,118
BRDA:13,6,0,0
BRDA:13,6,1,118
BRDA:13,7,0,118
BRDA:13,7,1,0
BRDA:13,7,2,0
BRDA:15,8,0,0
BRDA:15,8,1,1
BRDA:15,9,0,1
BRDA:15,9,1,0
BRDA:15,10,0,1
BRDA:15,10,1,1
BRDA:15,11,0,1
BRDA:15,11,1,0
BRDA:15,12,0,0
BRDA:15,12,1,1
BRDA:49,13,0,10
BRDA:49,13,1,1079
BRDA:53,14,0,89
BRDA:53,14,1,10
BRDA:55,15,0,37
BRDA:55,15,1,408
BRDA:67,16,0,0
BRDA:67,16,1,0
BRDA:74,17,0,1
BRDA:74,17,1,1
BRDA:93,18,0,56
BRDA:93,18,1,109
BRDA:96,19,0,2
BRDA:96,19,1,107
BRDA:97,20,0,1
BRDA:97,20,1,1
BRDA:110,21,0,4
BRDA:110,21,1,103
BRDA:112,22,0,2
BRDA:112,22,1,2
BRDA:112,23,0,4
BRDA:112,23,1,4
BRDA:129,24,0,109
BRDA:129,24,1,56
BRDA:132,25,0,28
BRDA:132,25,1,28
BRDA:137,26,0,28
BRDA:137,26,1,21
BRDA:167,27,0,103
BRDA:167,27,1,56
BRDA:171,28,0,28
BRDA:171,28,1,28
BRDA:195,29,0,56
BRDA:195,29,1,103
BRDA:209,30,0,143
BRDA:209,30,1,16
BRDA:209,31,0,159
BRDA:209,31,1,56
BRDA:220,32,0,8
BRDA:220,32,1,8
BRDA:241,33,0,43
BRDA:241,33,1,122
BRDA:248,34,0,2
BRDA:248,34,1,579
BRDA:269,35,0,583
BRDA:269,35,1,30
BRDA:270,36,0,83
BRDA:270,36,1,500
BRDA:270,37,0,583
BRDA:270,37,1,516
BRDA:275,38,0,492
BRDA:275,38,1,8
BRDA:276,39,0,16
BRDA:276,39,1,476
BRDA:299,40,0,159
BRDA:299,40,1,341
BRF:82
BRH:68
end_of_record
TN:
SF:/Users/ens/pwd/uxcore/uxcore-table/src/Cell/index.jsx
FN:7,(anonymous_1)
FN:7,(anonymous_2)
FN:9,_defaults
FN:11,_defineProperty
FN:13,_classCallCheck
FN:15,_possibleConstructorReturn
FN:17,_inherits
FN:47,(anonymous_8)
FN:50,Cell
FN:56,componentDidMount
FN:63,shouldComponentUpdate
FN:75,(anonymous_12)
FN:82,(anonymous_13)
FN:97,getActionItems
FN:107,(anonymous_15)
FN:117,getEditData
FN:124,getCellData
FN:131,handleCheckChange
FN:136,handleActionClick
FN:144,showSubComp
FN:154,renderActionItems
FN:156,(anonymous_22)
FN:160,(anonymous_23)
FN:168,(anonymous_24)
FN:186,renderTreeIcon
FN:207,render
FNF:26
FNH:22
FNDA:0,(anonymous_1)
FNDA:3,(anonymous_2)
FNDA:1,_defaults
FNDA:936,_defineProperty
FNDA:361,_classCallCheck
FNDA:361,_possibleConstructorReturn
FNDA:1,_inherits
FNDA:1,(anonymous_8)
FNDA:361,Cell
FNDA:361,componentDidMount
FNDA:139,shouldComponentUpdate
FNDA:460,(anonymous_12)
FNDA:368,(anonymous_13)
FNDA:3,getActionItems
FNDA:0,(anonymous_15)
FNDA:16,getEditData
FNDA:878,getCellData
FNDA:4,handleCheckChange
FNDA:0,handleActionClick
FNDA:2,showSubComp
FNDA:3,renderActionItems
FNDA:7,(anonymous_22)
FNDA:7,(anonymous_23)
FNDA:0,(anonymous_24)
FNDA:6,renderTreeIcon
FNDA:468,render
DA:3,1
DA:7,3
DA:9,5
DA:11,936
DA:13,361
DA:15,361
DA:17,1
DA:23,1
DA:24,1
DA:25,1
DA:26,1
DA:27,1
DA:28,1
DA:29,1
DA:31,1
DA:32,1
DA:33,1
DA:34,1
DA:35,1
DA:36,1
DA:37,1
DA:39,1
DA:47,1
DA:48,1
DA:50,1
DA:51,361
DA:53,361
DA:56,1
DA:57,361
DA:58,361
DA:59,6
DA:63,1
DA:67,139
DA:68,139
DA:71,139
DA:72,47
DA:75,92
DA:76,460
DA:77,0
DA:81,92
DA:82,92
DA:83,368
DA:84,60
DA:89,92
DA:97,1
DA:98,3
DA:99,0
DA:100,0
DA:102,3
DA:103,3
DA:104,3
DA:105,3
DA:107,0
DA:108,0
DA:114,3
DA:117,1
DA:118,16
DA:119,16
DA:120,16
DA:121,16
DA:124,1
DA:125,878
DA:126,878
DA:127,878
DA:128,878
DA:131,1
DA:132,4
DA:133,4
DA:136,1
DA:137,0
DA:138,0
DA:139,0
DA:140,0
DA:144,1
DA:145,2
DA:154,1
DA:155,3
DA:156,3
DA:157,7
DA:159,3
DA:160,3
DA:161,7
DA:162,7
DA:163,7
DA:174,3
DA:186,1
DA:187,6
DA:188,6
DA:189,6
DA:204,0
DA:207,1
DA:208,468
DA:210,468
DA:211,468
DA:212,468
DA:213,468
DA:214,468
DA:215,468
DA:219,468
DA:220,468
DA:222,468
DA:223,3
DA:228,465
DA:229,10
DA:230,10
DA:232,10
DA:233,10
DA:234,10
DA:235,0
DA:236,10
DA:237,0
DA:239,10
DA:246,455
DA:247,4
DA:248,4
DA:250,4
DA:251,4
DA:252,4
DA:253,0
DA:254,4
DA:255,0
DA:257,4
DA:264,451
DA:265,6
DA:266,6
DA:267,445
DA:269,16
DA:278,16
DA:280,16
DA:281,1
DA:283,15
DA:285,16
DA:286,429
DA:287,0
DA:295,429
DA:296,0
DA:298,429
DA:305,468
DA:306,468
DA:317,1
DA:320,1
DA:328,1
DA:332,1
DA:333,1
LF:144
LH:128
BRDA:7,1,0,0
BRDA:7,1,1,1
BRDA:7,2,0,1
BRDA:7,2,1,0
BRDA:7,3,0,0
BRDA:7,3,1,3
BRDA:7,4,0,3
BRDA:7,4,1,3
BRDA:7,4,2,0
BRDA:7,4,3,0
BRDA:9,5,0,0
BRDA:9,5,1,5
BRDA:9,6,0,5
BRDA:9,6,1,5
BRDA:9,6,2,0
BRDA:11,7,0,0
BRDA:11,7,1,936
BRDA:13,8,0,0
BRDA:13,8,1,361
BRDA:15,9,0,0
BRDA:15,9,1,361
BRDA:15,10,0,0
BRDA:15,10,1,361
BRDA:15,11,0,361
BRDA:15,11,1,0
BRDA:15,11,2,0
BRDA:17,12,0,0
BRDA:17,12,1,1
BRDA:17,13,0,1
BRDA:17,13,1,0
BRDA:17,14,0,1
BRDA:17,14,1,1
BRDA:17,15,0,1
BRDA:17,15,1,0
BRDA:17,16,0,0
BRDA:17,16,1,1
BRDA:58,17,0,6
BRDA:58,17,1,355
BRDA:58,18,0,361
BRDA:58,18,1,361
BRDA:58,18,2,357
BRDA:71,19,0,47
BRDA:71,19,1,92
BRDA:76,20,0,0
BRDA:76,20,1,460
BRDA:81,21,0,92
BRDA:81,21,1,0
BRDA:83,22,0,60
BRDA:83,22,1,308
BRDA:98,23,0,0
BRDA:98,23,1,3
BRDA:98,24,0,0
BRDA:98,24,1,3
BRDA:104,25,0,3
BRDA:104,25,1,0
BRDA:120,26,0,16
BRDA:120,26,1,14
BRDA:125,27,0,878
BRDA:125,27,1,878
BRDA:139,28,0,0
BRDA:139,28,1,0
BRDA:157,29,0,7
BRDA:157,29,1,0
BRDA:161,30,0,0
BRDA:161,30,1,7
BRDA:162,31,0,7
BRDA:162,31,1,0
BRDA:167,32,0,0
BRDA:167,32,1,7
BRDA:168,33,0,7
BRDA:168,33,1,7
BRDA:187,34,0,6
BRDA:187,34,1,0
BRDA:187,35,0,6
BRDA:187,35,1,6
BRDA:216,36,0,468
BRDA:216,36,1,144
BRDA:217,37,0,14
BRDA:217,37,1,454
BRDA:222,38,0,3
BRDA:222,38,1,465
BRDA:228,39,0,10
BRDA:228,39,1,455
BRDA:228,40,0,465
BRDA:228,40,1,465
BRDA:234,41,0,0
BRDA:234,41,1,10
BRDA:236,42,0,0
BRDA:236,42,1,10
BRDA:246,43,0,4
BRDA:246,43,1,451
BRDA:252,44,0,0
BRDA:252,44,1,4
BRDA:254,45,0,0
BRDA:254,45,1,4
BRDA:264,46,0,6
BRDA:264,46,1,445
BRDA:267,47,0,16
BRDA:267,47,1,429
BRDA:267,48,0,445
BRDA:267,48,1,444
BRDA:267,48,2,30
BRDA:267,48,3,16
BRDA:267,48,4,0
BRDA:280,49,0,1
BRDA:280,49,1,15
BRDA:286,50,0,0
BRDA:286,50,1,429
BRDA:286,51,0,429
BRDA:286,51,1,429
BRDA:286,51,2,429
BRDA:295,52,0,0
BRDA:295,52,1,429
BRF:113
BRH:77
end_of_record
TN:
SF:/Users/ens/pwd/uxcore/uxcore-table/src/CollapsedButton.jsx
FN:7,(anonymous_1)
FN:37,_interopRequireDefault
FN:39,_defaults
FN:41,_classCallCheck
FN:43,_possibleConstructorReturn
FN:45,_inherits
FN:51,CollapsedButtonItem
FN:53,(anonymous_8)
FN:56,CollapsedButton
FN:69,componentWillReceiveProps
FN:77,componentDidUpdate
FN:90,toNum
FN:97,saveRef
FN:99,(anonymous_14)
FN:105,handleDropdownVisibleChange
FN:112,handleMoreClick
FN:120,renderItem
FN:127,(anonymous_18)
FN:152,renderMore
FN:160,(anonymous_20)
FN:219,renderHoverMenu
FN:227,(anonymous_22)
FN:300,render
FN:316,(anonymous_24)
FN:320,(anonymous_25)
FN:352,onClick
FNF:26
FNH:19
FNDA:3,(anonymous_1)
FNDA:7,_interopRequireDefault
FNDA:1,_defaults
FNDA:3,_classCallCheck
FNDA:3,_possibleConstructorReturn
FNDA:1,_inherits
FNDA:0,CollapsedButtonItem
FNDA:1,(anonymous_8)
FNDA:3,CollapsedButton
FNDA:0,componentWillReceiveProps
FNDA:0,componentDidUpdate
FNDA:8,toNum
FNDA:2,saveRef
FNDA:2,(anonymous_14)
FNDA:0,handleDropdownVisibleChange
FNDA:0,handleMoreClick
FNDA:3,renderItem
FNDA:0,(anonymous_18)
FNDA:2,renderMore
FNDA:2,(anonymous_20)
FNDA:1,renderHoverMenu
FNDA:2,(anonymous_22)
FNDA:3,render
FNDA:2,(anonymous_24)
FNDA:3,(anonymous_25)
FNDA:0,onClick
DA:3,1
DA:7,12
DA:9,1
DA:11,1
DA:13,1
DA:15,1
DA:17,1
DA:19,1
DA:21,1
DA:23,1
DA:25,1
DA:27,1
DA:29,1
DA:31,1
DA:33,1
DA:35,1
DA:37,7
DA:39,5
DA:41,3
DA:43,3
DA:45,1
DA:51,1
DA:53,1
DA:54,1
DA:56,1
DA:57,3
DA:59,3
DA:61,3
DA:64,3
DA:65,3
DA:66,3
DA:69,1
DA:70,0
DA:71,0
DA:77,1
DA:78,0
DA:82,0
DA:83,0
DA:84,0
DA:86,0
DA:90,1
DA:91,8
DA:92,0
DA:94,8
DA:97,1
DA:98,2
DA:99,2
DA:100,2
DA:101,2
DA:105,1
DA:106,0
DA:107,0
DA:112,1
DA:113,0
DA:114,0
DA:115,0
DA:120,1
DA:121,3
DA:122,3
DA:124,3
DA:129,3
DA:130,0
DA:140,3
DA:152,1
DA:153,2
DA:154,1
DA:156,1
DA:157,1
DA:161,2
DA:173,1
DA:174,1
DA:185,1
DA:197,1
DA:198,0
DA:208,1
DA:219,1
DA:220,1
DA:221,1
DA:225,1
DA:226,1
DA:227,1
DA:228,2
DA:229,1
DA:241,1
DA:242,0
DA:253,1
DA:260,2
DA:272,1
DA:278,1
DA:280,1
DA:293,1
DA:300,1
DA:301,3
DA:302,3
DA:306,3
DA:307,3
DA:308,3
DA:309,1
DA:315,2
DA:316,1
DA:317,2
DA:320,1
DA:321,3
DA:322,1
DA:324,2
DA:329,2
DA:337,1
DA:340,1
DA:342,1
DA:344,1
DA:350,1
DA:355,1
DA:356,1
LF:113
LH:97
BRDA:7,1,0,1
BRDA:7,1,1,1
BRDA:7,2,0,12
BRDA:7,2,1,0
BRDA:37,3,0,0
BRDA:37,3,1,7
BRDA:37,4,0,7
BRDA:37,4,1,7
BRDA:39,5,0,0
BRDA:39,5,1,5
BRDA:39,6,0,5
BRDA:39,6,1,5
BRDA:39,6,2,0
BRDA:41,7,0,0
BRDA:41,7,1,3
BRDA:43,8,0,0
BRDA:43,8,1,3
BRDA:43,9,0,0
BRDA:43,9,1,3
BRDA:43,10,0,3
BRDA:43,10,1,0
BRDA:43,10,2,0
BRDA:45,11,0,0
BRDA:45,11,1,1
BRDA:45,12,0,1
BRDA:45,12,1,0
BRDA:45,13,0,1
BRDA:45,13,1,1
BRDA:45,14,0,1
BRDA:45,14,1,0
BRDA:45,15,0,0
BRDA:45,15,1,1
BRDA:70,16,0,0
BRDA:70,16,1,0
BRDA:82,17,0,0
BRDA:82,17,1,0
BRDA:82,18,0,0
BRDA:82,18,1,0
BRDA:82,18,2,0
BRDA:86,19,0,0
BRDA:86,19,1,0
BRDA:91,20,0,0
BRDA:91,20,1,8
BRDA:127,21,0,0
BRDA:127,21,1,3
BRDA:129,22,0,0
BRDA:129,22,1,3
BRDA:153,23,0,1
BRDA:153,23,1,1
BRDA:173,24,0,0
BRDA:173,24,1,1
BRDA:197,25,0,0
BRDA:197,25,1,1
BRDA:228,26,0,1
BRDA:228,26,1,1
BRDA:241,27,0,0
BRDA:241,27,1,1
BRDA:278,28,0,0
BRDA:278,28,1,1
BRDA:308,29,0,1
BRDA:308,29,1,2
BRDA:308,30,0,3
BRDA:308,30,1,1
BRDA:315,31,0,1
BRDA:315,31,1,1
BRDA:321,32,0,1
BRDA:321,32,1,2
BRF:67
BRH:38
end_of_record
TN:
SF:/Users/ens/pwd/uxcore/uxcore-table/src/i18n.js
FNF:0
FNH:0
DA:3,1
LF:1
LH:1
BRF:0
BRH:0
end_of_record
TN:
SF:/Users/ens/pwd/uxcore/uxcore-table/src/Cell/Radio.jsx
FN:7,(anonymous_1)
FN:9,_defaults
FN:11,_classCallCheck
FN:13,_possibleConstructorReturn
FN:15,_inherits
FN:24,(anonymous_6)
FN:27,Radio
FN:33,getValue
FN:37,handleChange
FN:41,render
FN:62,ref
FNF:11
FNH:10
FNDA:4,(anonymous_1)
FNDA:1,_defaults
FNDA:2,_classCallCheck
FNDA:2,_possibleConstructorReturn
FNDA:1,_inherits
FNDA:1,(anonymous_6)
FNDA:2,Radio
FNDA:0,getValue
FNDA:1,handleChange
FNDA:4,render
FNDA:6,ref
DA:3,1
DA:7,12
DA:9,5
DA:11,2
DA:13,2
DA:15,1
DA:21,1
DA:22,1
DA:24,1
DA:25,1
DA:27,1
DA:28,2
DA:30,2
DA:33,1
DA:34,0
DA:37,1
DA:38,1
DA:41,1
DA:42,4
DA:44,4
DA:45,4
DA:50,4
DA:51,4
DA:52,4
DA:53,0
DA:56,0
DA:59,4
DA:63,6
DA:69,1
DA:72,1
DA:77,1
DA:79,1
DA:80,1
LF:33
LH:30
BRDA:7,1,0,1
BRDA:7,1,1,1
BRDA:7,2,0,12
BRDA:7,2,1,0
BRDA:9,3,0,0
BRDA:9,3,1,5
BRDA:9,4,0,5
BRDA:9,4,1,5
BRDA:9,4,2,0
BRDA:11,5,0,0
BRDA:11,5,1,2
BRDA:13,6,0,0
BRDA:13,6,1,2
BRDA:13,7,0,0
BRDA:13,7,1,2
BRDA:13,8,0,2
BRDA:13,8,1,0
BRDA:13,8,2,0
BRDA:15,9,0,0
BRDA:15,9,1,1
BRDA:15,10,0,1
BRDA:15,10,1,0
BRDA:15,11,0,1
BRDA:15,11,1,1
BRDA:15,12,0,1
BRDA:15,12,1,0
BRDA:15,13,0,0
BRDA:15,13,1,1
BRDA:50,14,0,4
BRDA:50,14,1,0
BRDA:52,15,0,0
BRDA:52,15,1,4
BRF:32
BRH:18
end_of_record
TN:
SF:/Users/ens/pwd/uxcore/uxcore-table/src/CellField/TextField.jsx
FN:3,(anonymous_1)
FN:5,_defaults
FN:7,_classCallCheck
FN:9,_possibleConstructorReturn
FN:11,_inherits
FN:18,(anonymous_6)
FN:21,TextField
FN:27,renderContent
FN:33,onChange
FN:42,(anonymous_10)
FN:44,(anonymous_11)
FNF:11
FNH:11
FNDA:1,(anonymous_1)
FNDA:1,_defaults
FNDA:12,_classCallCheck
FNDA:12,_possibleConstructorReturn
FNDA:1,_inherits
FNDA:1,(anonymous_6)
FNDA:12,TextField
FNDA:21,renderContent
FNDA:1,onChange
FNDA:1,(anonymous_10)
FNDA:3,(anonymous_11)
DA:3,1
DA:5,8
DA:7,12
DA:9,12
DA:11,1
DA:13,1
DA:14,1
DA:15,1
DA:16,1
DA:18,1
DA:19,1
DA:21,1
DA:22,12
DA:24,12
DA:27,1
DA:28,21
DA:29,21
DA:34,1
DA:41,21
DA:42,1
DA:43,1
DA:44,1
DA:45,3
DA:47,1
DA:50,21
DA:53,1
DA:56,1
DA:58,1
DA:60,1
LF:29
LH:29
BRDA:3,1,0,1
BRDA:3,1,1,1
BRDA:3,2,0,1
BRDA:3,2,1,0
BRDA:5,3,0,3
BRDA:5,3,1,5
BRDA:5,4,0,8
BRDA:5,4,1,8
BRDA:5,4,2,3
BRDA:7,5,0,0
BRDA:7,5,1,12
BRDA:9,6,0,0
BRDA:9,6,1,12
BRDA:9,7,0,12
BRDA:9,7,1,0
BRDA:9,8,0,12
BRDA:9,8,1,12
BRDA:9,8,2,0
BRDA:11,9,0,0
BRDA:11,9,1,1
BRDA:11,10,0,1
BRDA:11,10,1,0
BRDA:11,11,0,1
BRDA:11,11,1,1
BRDA:11,12,0,1
BRDA:11,12,1,0
BRDA:11,13,0,0
BRDA:11,13,1,1
BRDA:41,14,0,1
BRDA:41,14,1,20
BRF:30
BRH:21
end_of_record
TN:
SF:/Users/ens/pwd/uxcore/uxcore-table/src/CellField/SelectField.jsx
FN:3,(anonymous_1)
FN:5,(anonymous_2)
FN:5,(anonymous_3)
FN:7,_defaults
FN:9,_classCallCheck
FN:11,_possibleConstructorReturn
FN:13,_inherits
FN:27,getTextFromValue
FN:29,(anonymous_9)
FN:38,processValue
FN:50,(anonymous_11)
FN:53,SelectField
FN:65,componentWillReceiveProps
FN:78,componentDidMount
FN:83,getConfig
FN:88,fetchData
FN:91,defaultBeforeFetch
FN:94,defaultAfterFetch
FN:109,fit
FN:124,(anonymous_20)
FN:129,(anonymous_21)
FN:134,renderChildren
FN:144,(anonymous_23)
FN:153,renderContent
FN:157,onChange
FN:163,onSearch
FN:167,(anonymous_27)
FN:182,(anonymous_28)
FN:184,(anonymous_29)
FNF:29
FNH:17
FNDA:1,(anonymous_1)
FNDA:0,(anonymous_2)
FNDA:1,(anonymous_3)
FNDA:1,_defaults
FNDA:1,_classCallCheck
FNDA:1,_possibleConstructorReturn
FNDA:1,_inherits
FNDA:0,getTextFromValue
FNDA:0,(anonymous_9)
FNDA:1,processValue
FNDA:1,(anonymous_11)
FNDA:1,SelectField
FNDA:0,componentWillReceiveProps
FNDA:1,componentDidMount
FNDA:2,getConfig
FNDA:1,fetchData
FNDA:0,defaultBeforeFetch
FNDA:0,defaultAfterFetch
FNDA:0,fit
FNDA:0,(anonymous_20)
FNDA:0,(anonymous_21)
FNDA:1,renderChildren
FNDA:1,(anonymous_23)
FNDA:1,renderContent
FNDA:0,onChange
FNDA:0,onSearch
FNDA:0,(anonymous_27)
FNDA:1,(anonymous_28)
FNDA:3,(anonymous_29)
DA:3,1
DA:5,1
DA:7,8
DA:9,1
DA:11,1
DA:13,1
DA:15,1
DA:16,1
DA:17,1
DA:18,1
DA:19,1
DA:20,1
DA:22,1
DA:24,1
DA:27,1
DA:28,0
DA:29,0
DA:30,0
DA:32,0
DA:33,0
DA:35,0
DA:38,1
DA:39,1
DA:40,1
DA:41,0
DA:43,1
DA:47,0
DA:50,1
DA:51,1
DA:53,1
DA:54,1
DA:56,1
DA:58,1
DA:59,1
DA:62,1
DA:65,1
DA:66,0
DA:67,0
DA:68,0
DA:69,0
DA:70,0
DA:71,0
DA:72,0
DA:78,1
DA:79,1
DA:80,1
DA:83,1
DA:84,2
DA:85,2
DA:88,1
DA:89,1
DA:90,1
DA:91,1
DA:92,0
DA:94,1
DA:95,0
DA:97,1
DA:98,1
DA:100,0
DA:101,0
DA:103,0
DA:110,0
DA:111,0
DA:112,0
DA:113,0
DA:114,0
DA:115,0
DA:117,0
DA:124,0
DA:125,0
DA:126,0
DA:130,0
DA:134,1
DA:135,1
DA:136,1
DA:139,1
DA:141,1
DA:142,0
DA:144,1
DA:145,1
DA:153,1
DA:154,1
DA:155,1
DA:156,1
DA:158,0
DA:164,0
DA:165,0
DA:167,0
DA:168,0
DA:169,0
DA:171,0
DA:172,0
DA:173,0
DA:181,1
DA:182,1
DA:183,1
DA:184,1
DA:185,3
DA:187,1
DA:190,1
DA:197,1
DA:200,1
DA:202,1
DA:204,1
LF:104
LH:63
BRDA:3,1,0,1
BRDA:3,1,1,1
BRDA:3,2,0,1
BRDA:3,2,1,0
BRDA:5,3,0,0
BRDA:5,3,1,1
BRDA:5,4,0,1
BRDA:5,4,1,0
BRDA:5,5,0,0
BRDA:5,5,1,1
BRDA:5,6,0,1
BRDA:5,6,1,1
BRDA:5,6,2,0
BRDA:5,6,3,0
BRDA:7,7,0,3
BRDA:7,7,1,5
BRDA:7,8,0,8
BRDA:7,8,1,8
BRDA:7,8,2,3
BRDA:9,9,0,0
BRDA:9,9,1,1
BRDA:11,10,0,0
BRDA:11,10,1,1
BRDA:11,11,0,1
BRDA:11,11,1,0
BRDA:11,12,0,1
BRDA:11,12,1,1
BRDA:11,12,2,0
BRDA:13,13,0,0
BRDA:13,13,1,1
BRDA:13,14,0,1
BRDA:13,14,1,0
BRDA:13,15,0,1
BRDA:13,15,1,1
BRDA:13,16,0,1
BRDA:13,16,1,0
BRDA:13,17,0,0
BRDA:13,17,1,1
BRDA:28,18,0,0
BRDA:28,18,1,0
BRDA:32,19,0,0
BRDA:32,19,1,0
BRDA:32,20,0,0
BRDA:32,20,1,0
BRDA:39,21,0,1
BRDA:39,21,1,0
BRDA:39,22,0,0
BRDA:39,22,1,1
BRDA:40,23,0,0
BRDA:40,23,1,1
BRDA:40,24,0,1
BRDA:40,24,1,1
BRDA:69,25,0,0
BRDA:69,25,1,0
BRDA:70,26,0,0
BRDA:70,26,1,0
BRDA:71,27,0,0
BRDA:71,27,1,0
BRDA:85,28,0,2
BRDA:85,28,1,0
BRDA:85,29,0,2
BRDA:85,29,1,2
BRDA:97,30,0,1
BRDA:97,30,1,0
BRDA:100,31,0,0
BRDA:100,31,1,0
BRDA:105,32,0,0
BRDA:105,32,1,0
BRDA:106,33,0,0
BRDA:106,33,1,0
BRDA:110,34,0,0
BRDA:110,34,1,0
BRDA:112,35,0,0
BRDA:112,35,1,0
BRDA:114,36,0,0
BRDA:114,36,1,0
BRDA:125,37,0,0
BRDA:125,37,1,0
BRDA:141,38,0,0
BRDA:141,38,1,1
BRDA:144,39,0,1
BRDA:144,39,1,0
BRDA:164,40,0,0
BRDA:164,40,1,0
BRDA:168,41,0,0
BRDA:168,41,1,0
BRDA:172,42,0,0
BRDA:172,42,1,0
BRDA:176,43,0,0
BRDA:176,43,1,0
BRDA:181,44,0,1
BRDA:181,44,1,0
BRF:92
BRH:36
end_of_record
TN:
SF:/Users/ens/pwd/uxcore/uxcore-table/src/CellField/RadioField.jsx
FN:3,(anonymous_1)
FN:5,_defaults
FN:7,_classCallCheck
FN:9,_possibleConstructorReturn
FN:11,_inherits
FN:20,(anonymous_6)
FN:23,RadioField
FN:29,getTextMap
FN:39,(anonymous_9)
FN:50,(anonymous_10)
FN:57,renderChildren
FN:76,(anonymous_12)
FN:83,renderContent
FN:87,onChange
FN:96,(anonymous_15)
FN:98,(anonymous_16)
FNF:16
FNH:14
FNDA:1,(anonymous_1)
FNDA:1,_defaults
FNDA:1,_classCallCheck
FNDA:1,_possibleConstructorReturn
FNDA:1,_inherits
FNDA:1,(anonymous_6)
FNDA:1,RadioField
FNDA:1,getTextMap
FNDA:0,(anonymous_9)
FNDA:1,(anonymous_10)
FNDA:1,renderChildren
FNDA:1,(anonymous_12)
FNDA:1,renderContent
FNDA:0,onChange
FNDA:1,(anonymous_15)
FNDA:2,(anonymous_16)
DA:3,1
DA:5,8
DA:7,1
DA:9,1
DA:11,1
DA:13,1
DA:14,1
DA:15,1
DA:16,1
DA:18,1
DA:20,1
DA:21,1
DA:23,1
DA:24,1
DA:26,1
DA:29,1
DA:30,1
DA:31,1
DA:32,1
DA:35,1
DA:38,1
DA:39,0
DA:40,0
DA:42,1
DA:43,1
DA:44,1
DA:45,0
DA:47,1
DA:48,1
DA:50,1
DA:51,1
DA:54,1
DA:57,1
DA:58,1
DA:59,1
DA:62,1
DA:65,1
DA:66,0
DA:68,1
DA:69,1
DA:70,1
DA:71,0
DA:73,1
DA:74,1
DA:76,1
DA:77,1
DA:80,0
DA:83,1
DA:84,1
DA:85,1
DA:86,1
DA:88,0
DA:95,1
DA:96,1
DA:97,1
DA:98,1
DA:99,2
DA:101,1
DA:104,1
DA:111,1
DA:114,1
DA:116,1
DA:118,1
LF:63
LH:56
BRDA:3,1,0,1
BRDA:3,1,1,1
BRDA:3,2,0,1
BRDA:3,2,1,0
BRDA:5,3,0,3
BRDA:5,3,1,5
BRDA:5,4,0,8
BRDA:5,4,1,8
BRDA:5,4,2,3
BRDA:7,5,0,0
BRDA:7,5,1,1
BRDA:9,6,0,0
BRDA:9,6,1,1
BRDA:9,7,0,1
BRDA:9,7,1,0
BRDA:9,8,0,1
BRDA:9,8,1,1
BRDA:9,8,2,0
BRDA:11,9,0,0
BRDA:11,9,1,1
BRDA:11,10,0,1
BRDA:11,10,1,0
BRDA:11,11,0,1
BRDA:11,11,1,1
BRDA:11,12,0,1
BRDA:11,12,1,0
BRDA:11,13,0,0
BRDA:11,13,1,1
BRDA:38,14,0,0
BRDA:38,14,1,1
BRDA:42,15,0,1
BRDA:42,15,1,0
BRDA:42,16,0,1
BRDA:42,16,1,1
BRDA:44,17,0,0
BRDA:44,17,1,1
BRDA:47,18,0,1
BRDA:47,18,1,0
BRDA:65,19,0,0
BRDA:65,19,1,1
BRDA:68,20,0,1
BRDA:68,20,1,0
BRDA:70,21,0,0
BRDA:70,21,1,1
BRDA:73,22,0,1
BRDA:73,22,1,0
BRDA:95,23,0,1
BRDA:95,23,1,0
BRF:48
BRH:30
end_of_record
TN:
SF:/Users/ens/pwd/uxcore/uxcore-table/src/ActionBar/index.js
FN:11,_interopRequireDefault
FNF:1
FNH:1
FNDA:1,_interopRequireDefault
DA:3,1
DA:7,1
DA:9,1
DA:11,1
DA:13,1
DA:14,1
LF:6
LH:6
BRDA:11,1,0,0
BRDA:11,1,1,1
BRDA:11,2,0,1
BRDA:11,2,1,1
BRF:4
BRH:3
end_of_record
TN:
SF:/Users/ens/pwd/uxcore/uxcore-table/src/ActionBar/ActionBar.jsx
FN:3,(anonymous_1)
FN:5,(anonymous_2)
FN:5,(anonymous_3)
FN:31,_interopRequireDefault
FN:33,_defaults
FN:35,_defineProperty
FN:37,_classCallCheck
FN:39,_possibleConstructorReturn
FN:41,_inherits
FN:49,(anonymous_10)
FN:52,ActionBar
FN:61,getActionItem
FN:66,(anonymous_13)
FN:76,handleSearch
FN:80,renderActionBtn
FN:84,(anonymous_16)
FN:108,renderLinkBar
FN:115,renderSearchBar
FN:128,renderColumnPicker
FN:150,render
FN:162,(anonymous_21)
FNF:21
FNH:16
FNDA:6,(anonymous_1)
FNDA:0,(anonymous_2)
FNDA:0,(anonymous_3)
FNDA:6,_interopRequireDefault
FNDA:1,_defaults
FNDA:26,_defineProperty
FNDA:6,_classCallCheck
FNDA:6,_possibleConstructorReturn
FNDA:1,_inherits
FNDA:1,(anonymous_10)
FNDA:6,ActionBar
FNDA:13,getActionItem
FNDA:0,(anonymous_13)
FNDA:0,handleSearch
FNDA:6,renderActionBtn
FNDA:0,(anonymous_16)
FNDA:13,renderLinkBar
FNDA:13,renderSearchBar
FNDA:13,renderColumnPicker
FNDA:13,render
FNDA:6,(anonymous_21)
DA:3,24
DA:5,1
DA:7,1
DA:9,1
DA:11,1
DA:13,1
DA:15,1
DA:17,1
DA:19,1
DA:21,1
DA:23,1
DA:25,1
DA:27,1
DA:29,1
DA:31,6
DA:33,5
DA:35,26
DA:37,6
DA:39,6
DA:41,1
DA:49,1
DA:50,1
DA:52,1
DA:53,6
DA:55,6
DA:61,1
DA:62,13
DA:63,13
DA:64,2
DA:65,11
DA:66,0
DA:67,0
DA:73,13
DA:76,1
DA:77,0
DA:80,1
DA:81,6
DA:82,6
DA:88,6
DA:89,0
DA:95,6
DA:96,2
DA:98,6
DA:108,1
DA:109,13
DA:110,13
DA:112,13
DA:115,1
DA:116,13
DA:117,2
DA:118,2
DA:123,2
DA:125,11
DA:128,1
DA:129,13
DA:130,13
DA:138,13
DA:139,6
DA:141,7
DA:150,1
DA:151,13
DA:153,13
DA:154,13
DA:155,13
DA:157,13
DA:163,6
DA:171,1
DA:174,1
DA:180,1
DA:184,1
LF:70
LH:66
BRDA:3,1,0,1
BRDA:3,1,1,1
BRDA:3,2,0,24
BRDA:3,2,1,0
BRDA:5,3,0,0
BRDA:5,3,1,1
BRDA:5,4,0,1
BRDA:5,4,1,0
BRDA:5,5,0,0
BRDA:5,5,1,0
BRDA:5,6,0,0
BRDA:5,6,1,0
BRDA:5,6,2,0
BRDA:5,6,3,0
BRDA:31,7,0,0
BRDA:31,7,1,6
BRDA:31,8,0,6
BRDA:31,8,1,6
BRDA:33,9,0,0
BRDA:33,9,1,5
BRDA:33,10,0,5
BRDA:33,10,1,5
BRDA:33,10,2,0
BRDA:35,11,0,0
BRDA:35,11,1,26
BRDA:37,12,0,0
BRDA:37,12,1,6
BRDA:39,13,0,0
BRDA:39,13,1,6
BRDA:39,14,0,0
BRDA:39,14,1,6
BRDA:39,15,0,6
BRDA:39,15,1,0
BRDA:39,15,2,0
BRDA:41,16,0,0
BRDA:41,16,1,1
BRDA:41,17,0,1
BRDA:41,17,1,0
BRDA:41,18,0,1
BRDA:41,18,1,1
BRDA:41,19,0,1
BRDA:41,19,1,0
BRDA:41,20,0,0
BRDA:41,20,1,1
BRDA:63,21,0,2
BRDA:63,21,1,11
BRDA:65,22,0,0
BRDA:65,22,1,11
BRDA:65,23,0,11
BRDA:65,23,1,0
BRDA:84,24,0,6
BRDA:84,24,1,0
BRDA:88,25,0,0
BRDA:88,25,1,6
BRDA:88,26,0,6
BRDA:88,26,1,0
BRDA:95,27,0,2
BRDA:95,27,1,4
BRDA:102,28,0,6
BRDA:102,28,1,6
BRDA:116,29,0,2
BRDA:116,29,1,11
BRDA:138,30,0,6
BRDA:138,30,1,7
BRF:64
BRH:37
end_of_record
TN:
SF:/Users/ens/pwd/uxcore/uxcore-table/src/ActionBar/SearchBar.jsx
FN:3,_defaults
FN:5,_classCallCheck
FN:7,_possibleConstructorReturn
FN:9,_inherits
FN:21,(anonymous_5)
FN:24,SearchBar
FN:35,onKeyDown
FN:41,doSearch
FN:45,handleChange
FN:51,render
FN:80,onSearch
FNF:11
FNH:7
FNDA:1,_defaults
FNDA:1,_classCallCheck
FNDA:1,_possibleConstructorReturn
FNDA:1,_inherits
FNDA:1,(anonymous_5)
FNDA:1,SearchBar
FNDA:0,onKeyDown
FNDA:0,doSearch
FNDA:0,handleChange
FNDA:2,render
FNDA:0,onSearch
DA:3,5
DA:5,1
DA:7,1
DA:9,1
DA:19,1
DA:21,1
DA:22,1
DA:24,1
DA:25,1
DA:27,1
DA:29,1
DA:32,1
DA:35,1
DA:36,0
DA:37,0
DA:41,1
DA:42,0
DA:45,1
DA:46,0
DA:51,1
DA:52,2
DA:53,2
DA:55,2
DA:70,1
DA:73,1
DA:78,1
DA:83,1
LF:27
LH:23
BRDA:3,1,0,0
BRDA:3,1,1,5
BRDA:3,2,0,5
BRDA:3,2,1,5
BRDA:3,2,2,0
BRDA:5,3,0,0
BRDA:5,3,1,1
BRDA:7,4,0,0
BRDA:7,4,1,1
BRDA:7,5,0,0
BRDA:7,5,1,1
BRDA:7,6,0,1
BRDA:7,6,1,0
BRDA:7,6,2,0
BRDA:9,7,0,0
BRDA:9,7,1,1
BRDA:9,8,0,1
BRDA:9,8,1,0
BRDA:9,9,0,1
BRDA:9,9,1,1
BRDA:9,10,0,1
BRDA:9,10,1,0
BRDA:9,11,0,0
BRDA:9,11,1,1
BRDA:36,12,0,0
BRDA:36,12,1,0
BRF:26
BRH:13
end_of_record
TN:
SF:/Users/ens/pwd/uxcore/uxcore-table/src/ActionBar/ColumnPicker.jsx
FN:7,(anonymous_1)
FN:7,(anonymous_2)
FN:27,_interopRequireDefault
FN:29,_defaults
FN:31,_defineProperty
FN:33,_classCallCheck
FN:35,_possibleConstructorReturn
FN:37,_inherits
FN:41,(anonymous_9)
FN:44,ColumnPicker
FN:57,componentDidUpdate
FN:71,getDropDownDOMNOde
FN:96,handlePickerSelect
FN:100,saveRef
FN:102,(anonymous_15)
FN:108,handleMouseEnter
FN:120,handleMouseLeave
FN:122,(anonymous_18)
FN:129,renderTree
FN:139,(anonymous_20)
FN:185,renderDropDown
FN:205,renderGroupTree
FN:207,(anonymous_23)
FN:236,render
FNF:24
FNH:18
FNDA:0,(anonymous_1)
FNDA:2,(anonymous_2)
FNDA:4,_interopRequireDefault
FNDA:1,_defaults
FNDA:14,_defineProperty
FNDA:3,_classCallCheck
FNDA:3,_possibleConstructorReturn
FNDA:1,_inherits
FNDA:1,(anonymous_9)
FNDA:3,ColumnPicker
FNDA:4,componentDidUpdate
FNDA:0,getDropDownDOMNOde
FNDA:0,handlePickerSelect
FNDA:16,saveRef
FNDA:25,(anonymous_15)
FNDA:0,handleMouseEnter
FNDA:0,handleMouseLeave
FNDA:0,(anonymous_18)
FNDA:7,renderTree
FNDA:26,(anonymous_20)
FNDA:7,renderDropDown
FNDA:2,renderGroupTree
FNDA:4,(anonymous_23)
FNDA:7,render
DA:3,1
DA:7,2
DA:9,1
DA:11,1
DA:13,1
DA:15,1
DA:17,1
DA:19,1
DA:21,1
DA:23,1
DA:25,1
DA:27,4
DA:29,5
DA:31,14
DA:33,3
DA:35,3
DA:37,1
DA:39,1
DA:41,1
DA:42,1
DA:44,1
DA:45,3
DA:47,3
DA:49,3
DA:52,3
DA:53,3
DA:54,3
DA:57,1
DA:58,4
DA:59,4
DA:60,0
DA:61,0
DA:62,0
DA:63,0
DA:64,0
DA:66,0
DA:67,0
DA:71,1
DA:72,0
DA:96,1
DA:97,0
DA:100,1
DA:101,16
DA:102,16
DA:103,25
DA:104,25
DA:108,1
DA:109,0
DA:110,0
DA:111,0
DA:113,0
DA:114,0
DA:120,1
DA:121,0
DA:122,0
DA:123,0
DA:129,1
DA:130,7
DA:131,7
DA:133,7
DA:134,7
DA:135,7
DA:136,7
DA:137,7
DA:138,7
DA:139,7
DA:141,26
DA:142,26
DA:143,2
DA:145,26
DA:146,24
DA:147,24
DA:152,2
DA:153,2
DA:154,2
DA:158,7
DA:159,7
DA:173,7
DA:174,5
DA:177,2
DA:185,1
DA:186,7
DA:187,7
DA:189,7
DA:192,7
DA:205,1
DA:206,2
DA:207,2
DA:208,4
DA:214,2
DA:216,2
DA:236,1
DA:237,7
DA:239,7
DA:240,7
DA:244,7
DA:265,1
DA:268,1
DA:273,1
DA:280,1
DA:282,1
DA:283,1
LF:102
LH:85
BRDA:7,1,0,0
BRDA:7,1,1,1
BRDA:7,2,0,1
BRDA:7,2,1,0
BRDA:7,3,0,0
BRDA:7,3,1,2
BRDA:7,4,0,2
BRDA:7,4,1,2
BRDA:7,4,2,0
BRDA:7,4,3,0
BRDA:27,5,0,0
BRDA:27,5,1,4
BRDA:27,6,0,4
BRDA:27,6,1,4
BRDA:29,7,0,0
BRDA:29,7,1,5
BRDA:29,8,0,5
BRDA:29,8,1,5
BRDA:29,8,2,0
BRDA:31,9,0,0
BRDA:31,9,1,14
BRDA:33,10,0,0
BRDA:33,10,1,3
BRDA:35,11,0,0
BRDA:35,11,1,3
BRDA:35,12,0,0
BRDA:35,12,1,3
BRDA:35,13,0,3
BRDA:35,13,1,0
BRDA:35,13,2,0
BRDA:37,14,0,0
BRDA:37,14,1,1
BRDA:37,15,0,1
BRDA:37,15,1,0
BRDA:37,16,0,1
BRDA:37,16,1,1
BRDA:37,17,0,1
BRDA:37,17,1,0
BRDA:37,18,0,0
BRDA:37,18,1,1
BRDA:59,19,0,0
BRDA:59,19,1,4
BRDA:66,20,0,0
BRDA:66,20,1,0
BRDA:67,21,0,0
BRDA:67,21,1,0
BRDA:110,22,0,0
BRDA:110,22,1,0
BRDA:113,23,0,0
BRDA:113,23,1,0
BRDA:141,24,0,26
BRDA:141,24,1,2
BRDA:142,25,0,2
BRDA:142,25,1,24
BRDA:145,26,0,24
BRDA:145,26,1,2
BRDA:145,27,0,26
BRDA:145,27,1,24
BRDA:146,28,0,24
BRDA:146,28,1,0
BRDA:149,29,0,0
BRDA:149,29,1,24
BRDA:152,30,0,2
BRDA:152,30,1,0
BRDA:165,31,0,5
BRDA:165,31,1,2
BRDA:173,32,0,5
BRDA:173,32,1,2
BRDA:190,33,0,0
BRDA:190,33,1,7
BRDA:207,34,0,2
BRDA:207,34,1,0
BRDA:210,35,0,0
BRDA:210,35,1,4
BRF:74
BRH:41
end_of_record
TN:
SF:/Users/ens/pwd/uxcore/uxcore-table/src/ActionBar/LinkBar.jsx
FN:11,_interopRequireDefault
FN:13,_defaults
FN:15,_classCallCheck
FN:17,_possibleConstructorReturn
FN:19,_inherits
FN:21,(anonymous_6)
FN:24,LinkBar
FN:30,renderActionBtn
FN:33,(anonymous_9)
FN:59,render
FN:68,(anonymous_11)
FNF:11
FNH:10
FNDA:1,_interopRequireDefault
FNDA:1,_defaults
FNDA:6,_classCallCheck
FNDA:6,_possibleConstructorReturn
FNDA:1,_inherits
FNDA:1,(anonymous_6)
FNDA:6,LinkBar
FNDA:4,renderActionBtn
FNDA:0,(anonymous_9)
FNDA:13,render
FNDA:4,(anonymous_11)
DA:3,1
DA:7,1
DA:9,1
DA:11,1
DA:13,5
DA:15,6
DA:17,6
DA:19,1
DA:21,1
DA:22,1
DA:24,1
DA:25,6
DA:27,6
DA:30,1
DA:31,4
DA:32,4
DA:35,4
DA:36,4
DA:37,4
DA:38,0
DA:44,4
DA:51,4
DA:59,1
DA:60,13
DA:61,13
DA:65,13
DA:69,4
DA:74,1
DA:77,1
DA:81,1
DA:85,1
DA:87,1
DA:88,1
LF:33
LH:32
BRDA:11,1,0,0
BRDA:11,1,1,1
BRDA:11,2,0,1
BRDA:11,2,1,1
BRDA:13,3,0,0
BRDA:13,3,1,5
BRDA:13,4,0,5
BRDA:13,4,1,5
BRDA:13,4,2,0
BRDA:15,5,0,0
BRDA:15,5,1,6
BRDA:17,6,0,0
BRDA:17,6,1,6
BRDA:17,7,0,0
BRDA:17,7,1,6
BRDA:17,8,0,6
BRDA:17,8,1,0
BRDA:17,8,2,0
BRDA:19,9,0,0
BRDA:19,9,1,1
BRDA:19,10,0,1
BRDA:19,10,1,0
BRDA:19,11,0,1
BRDA:19,11,1,1
BRDA:19,12,0,1
BRDA:19,12,1,0
BRDA:19,13,0,0
BRDA:19,13,1,1
BRDA:33,14,0,4
BRDA:33,14,1,0
BRDA:37,15,0,0
BRDA:37,15,1,4
BRDA:37,16,0,4
BRDA:37,16,1,0
BRDA:55,17,0,2
BRDA:55,17,1,2
BRF:36
BRH:21
end_of_record
TN:
SF:/Users/ens/pwd/uxcore/uxcore-table/src/methods.js
FN:7,addEmptyRow
FN:11,addRow
FN:15,resetRow
FN:29,delRow
FN:33,editRow
FN:39,viewRow
FN:45,saveRow
FN:52,saveAllRow
FN:66,editAllRow
FN:76,toggleSubComp
FN:94,moveRowUp
FN:117,moveRowDown
FN:140,getData
FN:145,(anonymous_14)
FN:156,(anonymous_15)
FN:170,toggleTreeExpanded
FNF:16
FNH:14
FNDA:1,addEmptyRow
FNDA:1,addRow
FNDA:0,resetRow
FNDA:1,delRow
FNDA:1,editRow
FNDA:1,viewRow
FNDA:1,saveRow
FNDA:1,saveAllRow
FNDA:1,editAllRow
FNDA:3,toggleSubComp
FNDA:1,moveRowUp
FNDA:1,moveRowDown
FNDA:13,getData
FNDA:8,(anonymous_14)
FNDA:9,(anonymous_15)
FNDA:0,toggleTreeExpanded
DA:3,1
DA:4,1
DA:5,1
DA:7,1
DA:8,1
DA:11,1
DA:12,1
DA:15,1
DA:16,0
DA:17,0
DA:18,0
DA:19,0
DA:20,0
DA:21,0
DA:22,0
DA:25,0
DA:26,0
DA:29,1
DA:30,1
DA:33,1
DA:34,1
DA:35,1
DA:36,1
DA:39,1
DA:40,1
DA:41,1
DA:42,1
DA:45,1
DA:46,1
DA:47,1
DA:48,1
DA:49,1
DA:52,1
DA:53,1
DA:54,1
DA:58,1
DA:59,1
DA:60,1
DA:61,1
DA:63,1
DA:66,1
DA:67,1
DA:68,1
DA:69,1
DA:70,1
DA:71,1
DA:73,1
DA:76,1
DA:77,3
DA:78,3
DA:80,3
DA:81,3
DA:82,3
DA:83,3
DA:84,3
DA:85,3
DA:88,3
DA:94,1
DA:95,1
DA:96,1
DA:97,1
DA:98,1
DA:99,1
DA:100,2
DA:101,2
DA:102,1
DA:103,1
DA:106,1
DA:107,1
DA:108,1
DA:109,1
DA:112,1
DA:117,1
DA:118,1
DA:119,1
DA:120,1
DA:121,1
DA:122,1
DA:123,1
DA:124,1
DA:125,1
DA:126,1
DA:129,1
DA:130,1
DA:131,1
DA:132,1
DA:135,1
DA:140,1
DA:141,13
DA:142,13
DA:143,13
DA:144,13
DA:145,13
DA:146,8
DA:148,8
DA:149,8
DA:153,13
DA:155,5
DA:156,5
DA:157,9
DA:159,5
DA:164,8
DA:170,1
DA:171,0
DA:172,0
DA:173,0
DA:178,1
LF:107
LH:95
BRDA:18,1,0,0
BRDA:18,1,1,0
BRDA:20,2,0,0
BRDA:20,2,1,0
BRDA:54,3,0,1
BRDA:54,3,1,0
BRDA:68,4,0,1
BRDA:68,4,1,0
BRDA:78,5,0,3
BRDA:78,5,1,0
BRDA:80,6,0,3
BRDA:80,6,1,0
BRDA:83,7,0,3
BRDA:83,7,1,0
BRDA:96,8,0,1
BRDA:96,8,1,0
BRDA:98,9,0,1
BRDA:98,9,1,0
BRDA:101,10,0,1
BRDA:101,10,1,1
BRDA:106,11,0,1
BRDA:106,11,1,0
BRDA:119,12,0,1
BRDA:119,12,1,0
BRDA:121,13,0,1
BRDA:121,13,1,0
BRDA:124,14,0,1
BRDA:124,14,1,0
BRDA:129,15,0,1
BRDA:129,15,1,0
BRDA:129,16,0,1
BRDA:129,16,1,1
BRDA:143,17,0,13
BRDA:143,17,1,0
BRDA:148,18,0,8
BRDA:148,18,1,0
BRDA:153,19,0,5
BRDA:153,19,1,8
BRF:38
BRH:20
end_of_record
TN:
SF:/Users/ens/pwd/uxcore/uxcore-table/src/createCellField.jsx
FN:3,(anonymous_1)
FN:5,_defaults
FN:7,_defineProperty
FN:9,_classCallCheck
FN:11,_possibleConstructorReturn
FN:13,_inherits
FN:19,Input
FN:20,onChange
FN:30,createCellField
FN:31,(anonymous_10)
FN:34,CustomField
FN:40,renderContent
FN:48,processValue
FN:51,processText
FN:56,(anonymous_15)
FNF:15
FNH:11
FNDA:2,(anonymous_1)
FNDA:1,_defaults
FNDA:2,_defineProperty
FNDA:1,_classCallCheck
FNDA:1,_possibleConstructorReturn
FNDA:1,_inherits
FNDA:1,Input
FNDA:0,onChange
FNDA:1,createCellField
FNDA:1,(anonymous_10)
FNDA:1,CustomField
FNDA:1,renderContent
FNDA:0,processValue
FNDA:0,processText
FNDA:0,(anonymous_15)
DA:3,4
DA:5,8
DA:7,2
DA:9,1
DA:11,1
DA:13,1
DA:15,1
DA:16,1
DA:17,1
DA:19,1
DA:20,1
DA:21,0
DA:25,1
DA:30,1
DA:31,1
DA:32,1
DA:34,1
DA:35,1
DA:37,1
DA:40,1
DA:41,1
DA:43,1
DA:44,1
DA:49,0
DA:52,0
DA:55,1
DA:56,1
DA:57,0
DA:58,0
DA:61,0
DA:68,1
DA:71,1
DA:74,1
LF:33
LH:27
BRDA:3,1,0,1
BRDA:3,1,1,1
BRDA:3,2,0,4
BRDA:3,2,1,0
BRDA:5,3,0,3
BRDA:5,3,1,5
BRDA:5,4,0,8
BRDA:5,4,1,8
BRDA:5,4,2,3
BRDA:7,5,0,0
BRDA:7,5,1,2
BRDA:9,6,0,0
BRDA:9,6,1,1
BRDA:11,7,0,0
BRDA:11,7,1,1
BRDA:11,8,0,1
BRDA:11,8,1,0
BRDA:11,9,0,1
BRDA:11,9,1,1
BRDA:11,9,2,0
BRDA:13,10,0,0
BRDA:13,10,1,1
BRDA:13,11,0,1
BRDA:13,11,1,0
BRDA:13,12,0,1
BRDA:13,12,1,1
BRDA:13,13,0,1
BRDA:13,13,1,0
BRDA:13,14,0,0
BRDA:13,14,1,1
BRDA:65,15,0,1
BRDA:65,15,1,1
BRF:32
BRH:22
end_of_record
